# Server version 0.08 running on nuris-mbp:8123
# Game ID: 20
# Board class: Saboteur.SaboteurBoard
# Timeout: 20000
# First Move Timeout: 30000
# Date: Wed Apr 08 22:04:42 EDT 2020
# Player 1: Player-0, '260713804', running on nuris-mbp
# Player 2: Player-1, 'RandomPlayer', running on nuris-mbp
START Player-0 260713804
START Player-1 RandomPlayer
BoardInit:Map,Tile:10,Map,Tile:0,Tile:8,Tile:5,Tile:6,Tile:8,Destroy,Tile:8,Tile:3,Tile:9,Tile:0,Tile:8,Tile:9,Bonus,Bonus,Tile:7,Bonus,Tile:0,Tile:4,Malus,Map,Tile:7,Tile:7,Malus,Tile:5,Tile:8,Tile:15,Tile:9,Map,Tile:10,Tile:12,Tile:9,Tile:11,Destroy,Map,Tile:1,Tile:2,Tile:7,Tile:14-Tile:6,Map,Tile:6,Tile:5,Tile:7,Tile:9,Tile:6-Tile:6,Destroy,Bonus,Tile:5,Tile:10,Tile:13,Tile:0-Tile:nugget,Tile:hidden1,Tile:hidden2
Tile:6 6 5 1
Tile:6_flip 7 5 0
Tile:7 6 4 1
Tile:0 8 5 0
Tile:6_flip 5 4 1
Tile:0 9 5 0
Tile:9_flip 10 5 1
Tile:5 10 4 0
Map 12 5 1
Tile:8 11 4 0
Tile:6_flip 12 4 1
Drop 0 0 0
Tile:5_flip 7 6 1
Drop 0 0 0
Map 12 7 1
Drop 1 0 0
Tile:9 12 6 1
Drop 6 0 0
Tile:8 4 5 1
Tile:7_flip 4 6 0
Tile:3 13 7 1
Tile:8 5 6 0
Destroy 4 5 1
Tile:5 11 3 0
GAMEOVER WINNER 0
# Game ended: Wed Apr 08 22:04:42 EDT 2020
