# Server version 0.08 running on nuris-mbp:8123
# Game ID: 59
# Board class: Saboteur.SaboteurBoard
# Timeout: 20000
# First Move Timeout: 30000
# Date: Wed Apr 08 18:46:50 EDT 2020
# Player 1: Player-0, '260713804', running on nuris-mbp
# Player 2: Player-1, 'RandomPlayer', running on nuris-mbp
START Player-0 260713804
START Player-1 RandomPlayer
BoardInit:Tile:6,Tile:9,Tile:10,Bonus,Tile:6,Tile:7,Tile:6,Tile:0,Tile:2,Tile:0,Map,Tile:9,Map,Tile:13,Tile:9,Destroy,Malus,Destroy,Tile:0,Tile:14,Bonus,Map,Destroy,Tile:9,Tile:8,Tile:5,Tile:6,Map,Tile:8,Tile:9,Tile:5,Tile:7,Tile:10,Tile:7,Tile:6,Tile:4,Tile:15,Tile:5,Tile:8,Bonus,Tile:3-Tile:10,Tile:7,Tile:8,Map,Tile:8,Tile:1,Tile:11-Tile:0,Tile:7,Tile:5,Malus,Bonus,Tile:12,Map-Tile:hidden1,Tile:nugget,Tile:hidden2
Tile:11 5 4 1
Map 12 5 0
Tile:8 6 5 1
Tile:0 7 5 0
Drop 1 0 1
Drop 2 0 0
Tile:10 5 6 1
Drop 2 0 0
Tile:10 5 3 1
Tile:0 8 5 0
Tile:6_flip 9 5 1
Tile:0 10 5 0
Tile:6_flip 4 5 1
Drop 2 0 0
Tile:2_flip 11 5 1
Drop 3 0 0
Tile:8 6 4 1
Drop 5 0 0
Map 12 5 1
Drop 5 0 0
Tile:6 3 5 1
Drop 5 0 0
Tile:9 2 5 1
Drop 5 0 0
Tile:0 7 4 1
Drop 5 0 0
Destroy 6 5 1
Tile:5 6 3 0
Tile:8 9 6 1
Drop 6 0 0
Tile:1 7 3 1
Tile:9_flip 9 7 0
Tile:6 6 5 1
Tile:7 8 3 0
Tile:5_flip 5 7 1
Tile:9_flip 4 6 0
Tile:6 8 7 1
Drop 6 0 0
Malus 0 0 1
Drop 1 0 0
Tile:15 3 4 1
Drop 6 0 0
Map 12 5 1
Drop 0 0 0
Drop 4 0 1
Drop 2 0 0
Tile:3_flip 4 7 1
Drop 3 0 0
Tile:8 11 4 1
Drop 2 0 0
Drop 1 0 1
Drop 1 0 0
Tile:10 2 4 1
Drop 0 0 0
Map 12 5 1
GAMEOVER DRAW
# Game ended: Wed Apr 08 18:46:51 EDT 2020
