# Server version 0.08 running on nuris-mbp:8123
# Game ID: 173
# Board class: Saboteur.SaboteurBoard
# Timeout: 20000
# First Move Timeout: 30000
# Date: Mon Apr 06 16:45:56 EDT 2020
# Player 1: Player-0, '260713804', running on nuris-mbp
# Player 2: Player-1, 'RandomPlayer', running on nuris-mbp
START Player-0 260713804
START Player-1 RandomPlayer
BoardInit:Tile:0,Tile:9,Tile:3,Tile:4,Malus,Tile:10,Bonus,Tile:5,Tile:7,Tile:10,Tile:9,Tile:2,Tile:5,Tile:8,Tile:7,Tile:9,Tile:7,Tile:7,Bonus,Tile:8,Tile:6,Map,Tile:1,Map,Bonus,Tile:12,Tile:6,Tile:13,Tile:5,Tile:5,Tile:15,Tile:6,Tile:7,Tile:8,Tile:9,Tile:0,Tile:11,Bonus,Map,Tile:8,Tile:6-Tile:10,Destroy,Tile:8,Map,Destroy,Tile:6,Tile:0-Map,Map,Tile:0,Malus,Tile:14,Destroy,Tile:9-Tile:hidden2,Tile:nugget,Tile:hidden1
Tile:8 6 5 1
Map 12 5 0
Drop 1 0 1
Map 12 5 0
Tile:10 6 4 1
Drop 0 0 0
Map 12 5 1
Drop 0 0 0
Tile:3 5 4 1
Drop 0 0 0
Tile:6 4 4 1
Drop 0 0 0
Tile:0 3 4 1
Drop 0 0 0
Tile:7_flip 2 4 1
Drop 0 0 0
Tile:5_flip 5 6 1
Drop 0 0 0
Tile:9_flip 2 3 1
Drop 0 0 0
Tile:7 2 2 1
Drop 0 0 0
Tile:0 1 2 1
Map 12 5 0
Destroy 6 5 1
Map 12 5 0
Tile:6_flip 6 3 1
Drop 0 0 0
Tile:7 4 3 1
Drop 0 0 0
Tile:5 4 5 1
Tile:8 6 5 0
Tile:1 7 5 1
Drop 0 0 0
Drop 4 0 1
Drop 0 0 0
Tile:7_flip 0 2 1
Tile:8 8 5 0
Tile:9 4 6 1
Drop 0 0 0
Malus 0 0 1
Drop 0 0 0
Tile:11_flip 9 5 1
Drop 0 0 0
Tile:15 8 4 1
Drop 0 0 0
Map 12 7 1
Drop 1 0 0
Tile:6 7 3 1
Drop 1 0 0
Drop 0 0 1
Drop 1 0 0
Drop 1 0 1
Drop 0 0 0
Drop 0 0 1
GAMEOVER DRAW
# Game ended: Mon Apr 06 16:45:56 EDT 2020
