# Server version 0.08 running on nuris-mbp:8123
# Game ID: 216
# Board class: Saboteur.SaboteurBoard
# Timeout: 20000
# First Move Timeout: 30000
# Date: Tue Apr 07 20:27:36 EDT 2020
# Player 1: Player-0, '260713804', running on nuris-mbp
# Player 2: Player-1, 'RandomPlayer', running on nuris-mbp
START Player-0 260713804
START Player-1 RandomPlayer
BoardInit:Tile:7,Tile:0,Tile:5,Destroy,Bonus,Malus,Tile:14,Tile:6,Tile:15,Map,Tile:5,Tile:4,Map,Tile:8,Tile:5,Tile:8,Tile:10,Tile:10,Tile:2,Tile:9,Tile:7,Tile:8,Map,Tile:6,Bonus,Tile:7,Tile:9,Tile:0,Tile:9,Bonus,Tile:0,Tile:11,Tile:9,Destroy,Map,Tile:6,Tile:5,Tile:8,Destroy,Tile:0,Tile:7-Tile:6,Tile:9,Bonus,Map,Tile:12,Malus,Map-Tile:6,Tile:8,Tile:1,Tile:7,Tile:13,Tile:10,Tile:3-Tile:hidden1,Tile:nugget,Tile:hidden2
Drop 3 0 1
Tile:13 4 5 0
Tile:9 3 5 1
Drop 5 0 0
Tile:7_flip 5 6 1
Drop 2 0 0
Tile:5 5 4 1
Tile:7 4 4 0
Map 12 5 1
Tile:0 6 5 0
Drop 1 0 1
Destroy 4 5 0
Tile:12 6 6 1
Drop 4 0 0
Drop 3 0 1
Tile:4_flip 3 6 0
Tile:6 6 4 1
Tile:8 3 4 0
Tile:15 3 3 1
Tile:6_flip 7 5 0
Malus 0 0 1
Drop 6 0 0
Tile:5 3 2 1
Map 12 3 0
Drop 4 0 1
Drop 5 0 0
Map 12 3 1
Drop 0 0 0
Drop 3 0 1
Drop 6 0 0
Tile:9_flip 8 5 1
Drop 4 0 0
Tile:10 7 6 1
Drop 6 0 0
Drop 0 0 1
Bonus 0 0 0
Tile:9 6 3 1
Tile:8 7 7 0
Tile:5_flip 7 8 1
Tile:10 8 4 0
Destroy 4 4 1
Tile:6 7 3 0
Drop 5 0 1
Tile:7 4 4 0
Tile:9_flip 8 3 1
Destroy 7 7 0
Tile:7_flip 8 6 1
Tile:0 4 2 0
Map 12 7 1
Tile:8 4 5 0
Tile:0 6 8 1
Tile:8 7 7 0
Map 12 3 1
Drop 0 0 0
Drop 0 0 1
GAMEOVER DRAW
# Game ended: Tue Apr 07 20:27:36 EDT 2020
