# Server version 0.08 running on nuris-mbp:8123
# Game ID: 7
# Board class: Saboteur.SaboteurBoard
# Timeout: 20000
# First Move Timeout: 30000
# Date: Thu Apr 09 14:11:11 EDT 2020
# Player 1: Player-0, '260713804', running on nuris-mbp
# Player 2: Player-1, 'RandomPlayer', running on nuris-mbp
START Player-0 260713804
START Player-1 RandomPlayer
BoardInit:Tile:6,Map,Tile:0,Tile:7,Malus,Tile:10,Tile:9,Tile:3,Tile:7,Bonus,Tile:15,Tile:6,Map,Tile:14,Bonus,Destroy,Tile:8,Tile:0,Map,Tile:1,Map,Destroy,Malus,Destroy,Tile:9,Bonus,Tile:13,Tile:9,Tile:5,Tile:10,Tile:5,Tile:7,Tile:2,Tile:0,Bonus,Tile:8,Map,Tile:7,Tile:7,Map,Tile:8-Tile:6,Tile:6,Tile:0,Tile:8,Tile:9,Tile:11,Tile:8-Tile:12,Tile:5,Tile:5,Tile:9,Tile:10,Tile:4,Tile:6-Tile:hidden2,Tile:hidden1,Tile:nugget
Tile:6_flip 6 5 1
Tile:6_flip 7 5 0
Tile:9 4 5 1
Map 12 5 0
Tile:6_flip 8 5 1
Drop 0 0 0
Tile:11_flip 7 6 1
Drop 4 0 0
Tile:9 5 6 1
Drop 6 0 0
Tile:6 6 6 1
Tile:5 4 4 0
Drop 6 0 1
Tile:6_flip 9 5 0
Tile:0 10 5 1
Drop 6 0 0
Tile:8 5 4 1
Destroy 7 6 0
Tile:7_flip 5 7 1
Tile:0 11 5 0
Tile:0 13 5 1
Tile:9_flip 12 4 0
Drop 5 0 1
Tile:10 12 6 0
GAMEOVER WINNER 0
# Game ended: Thu Apr 09 14:11:12 EDT 2020
