# Server version 0.08 running on nuris-mbp:8123
# Game ID: 61
# Board class: Saboteur.SaboteurBoard
# Timeout: 20000
# First Move Timeout: 30000
# Date: Wed Apr 08 18:47:04 EDT 2020
# Player 1: Player-0, '260713804', running on nuris-mbp
# Player 2: Player-1, 'RandomPlayer', running on nuris-mbp
START Player-0 260713804
START Player-1 RandomPlayer
BoardInit:Tile:0,Tile:10,Tile:1,Tile:7,Tile:6,Tile:10,Tile:15,Map,Destroy,Tile:8,Map,Tile:8,Tile:0,Tile:5,Tile:5,Tile:6,Malus,Tile:7,Tile:8,Map,Bonus,Tile:7,Tile:9,Tile:13,Tile:8,Tile:2,Tile:9,Map,Tile:6,Bonus,Tile:3,Tile:7,Tile:7,Tile:0,Tile:9,Bonus,Tile:10,Bonus,Tile:11,Tile:9,Tile:5-Tile:6,Tile:4,Tile:12,Tile:9,Destroy,Map,Tile:8-Destroy,Tile:14,Map,Tile:0,Malus,Tile:6,Tile:5-Tile:hidden2,Tile:hidden1,Tile:nugget
Tile:9 5 4 1
Map 12 5 0
Tile:12 6 4 1
Tile:0 6 5 0
Destroy 5 4 1
Tile:6 7 5 0
Tile:6_flip 5 4 1
Drop 0 0 0
Tile:4_flip 5 6 1
Map 12 3 0
Tile:8 4 4 1
Tile:8 8 5 0
Tile:6_flip 3 4 1
Tile:8 9 5 0
Tile:0 10 5 1
Drop 0 0 0
Tile:15 7 4 1
Tile:6 11 5 0
Tile:0 2 4 1
Tile:10 12 6 0
GAMEOVER WINNER 0
# Game ended: Wed Apr 08 18:47:04 EDT 2020
