# Server version 0.08 running on nuris-mbp:8123
# Game ID: 110
# Board class: Saboteur.SaboteurBoard
# Timeout: 20000
# First Move Timeout: 30000
# Date: Thu Apr 02 17:23:55 EDT 2020
# Player 1: Player-0, '260713804', running on nuris-mbp
# Player 2: Player-1, 'RandomPlayer', running on nuris-mbp
START Player-0 260713804
START Player-1 RandomPlayer
BoardInit:Tile:10,Tile:10,Tile:8,Map,Tile:9,Tile:1,Tile:5,Tile:5,Tile:6,Tile:9,Tile:0,Bonus,Tile:8,Bonus,Destroy,Tile:15,Map,Tile:12,Bonus,Tile:9,Tile:6,Tile:0,Tile:2,Tile:6,Tile:10,Tile:7,Tile:8,Bonus,Tile:7,Tile:9,Tile:9,Tile:7,Map,Tile:3,Tile:5,Tile:6,Map,Destroy,Tile:7,Tile:8,Map-Tile:13,Tile:0,Malus,Tile:0,Tile:11,Tile:4,Tile:14-Malus,Map,Tile:5,Destroy,Tile:6,Tile:8,Tile:7-Tile:nugget,Tile:hidden1,Tile:hidden2
Drop 3 0 1
Map 12 3 0
Drop 1 0 1
Tile:8 6 5 0
Tile:8 6 6 1
Map 12 3 0
Tile:4 6 4 1
GAMEOVER ILLEGAL MOVE: Player 0, CardUsed: (Tile:0), PosOfUse: (7, 5) WINNER 1
# Game ended: Thu Apr 02 17:23:55 EDT 2020
