# Server version 0.08 running on nuris-mbp:8123
# Game ID: 202
# Board class: Saboteur.SaboteurBoard
# Timeout: 20000
# First Move Timeout: 30000
# Date: Tue Apr 07 18:51:05 EDT 2020
# Player 1: Player-0, '260713804', running on nuris-mbp
# Player 2: Player-1, 'RandomPlayer', running on nuris-mbp
START Player-0 260713804
START Player-1 RandomPlayer
BoardInit:Tile:0,Tile:12,Tile:0,Tile:8,Tile:8,Destroy,Tile:7,Map,Tile:13,Destroy,Tile:6,Malus,Bonus,Tile:8,Tile:6,Tile:8,Tile:10,Tile:7,Tile:6,Tile:7,Map,Bonus,Tile:7,Tile:7,Map,Tile:2,Tile:9,Destroy,Tile:3,Tile:5,Tile:10,Bonus,Tile:1,Tile:5,Tile:9,Tile:8,Tile:5,Tile:5,Tile:10,Map,Tile:9-Bonus,Tile:9,Tile:15,Tile:4,Tile:0,Map,Tile:14-Malus,Tile:0,Map,Tile:6,Tile:9,Tile:11,Tile:6-Tile:nugget,Tile:hidden1,Tile:hidden2
Tile:9 4 5 1
Drop 0 0 0
Tile:4 5 4 1
Drop 0 0 0
Drop 2 0 1
Drop 0 0 0
Drop 2 0 1
Drop 0 0 0
Tile:8 6 5 1
Drop 0 0 0
Tile:15 4 4 1
Drop 0 0 0
Tile:14 5 6 1
Drop 0 0 0
Tile:6_flip 7 5 1
Drop 0 0 0
Drop 6 0 1
Drop 1 0 0
Tile:13 8 5 1
Drop 1 0 0
Tile:10 8 6 1
Drop 1 0 0
Tile:7_flip 4 6 1
Drop 1 0 0
Drop 2 0 1
Drop 3 0 0
Map 12 5 1
Drop 3 0 0
Map 12 3 1
Drop 3 0 0
Tile:9 4 3 1
Drop 3 0 0
Tile:3_flip 6 6 1
Tile:8 4 2 0
Drop 4 0 1
Tile:2_flip 3 2 0
Tile:10 3 1 1
Tile:5_flip 9 5 0
Tile:9_flip 7 6 1
Tile:5_flip 7 7 0
Tile:1 5 3 1
Drop 2 0 0
Tile:10 8 7 1
Drop 2 0 0
Tile:5 8 4 1
Drop 3 0 0
Tile:9_flip 9 4 1
Drop 3 0 0
Tile:0 5 2 1
Tile:8 6 2 0
Drop 0 0 1
Tile:8 8 8 0
Tile:6_flip 9 3 1
Tile:8 9 8 0
Drop 0 0 1
GAMEOVER DRAW
# Game ended: Tue Apr 07 18:51:05 EDT 2020
