# Server version 0.08 running on nuris-mbp:8123
# Game ID: 51
# Board class: Saboteur.SaboteurBoard
# Timeout: 20000
# First Move Timeout: 30000
# Date: Wed Apr 08 18:19:00 EDT 2020
# Player 1: Player-0, '260713804', running on nuris-mbp
# Player 2: Player-1, 'RandomPlayer', running on nuris-mbp
START Player-0 260713804
START Player-1 RandomPlayer
BoardInit:Tile:8,Map,Tile:14,Tile:6,Tile:4,Tile:7,Destroy,Tile:12,Tile:3,Tile:5,Tile:7,Tile:9,Tile:7,Bonus,Tile:6,Bonus,Tile:11,Destroy,Tile:13,Malus,Tile:9,Tile:8,Tile:10,Tile:10,Map,Bonus,Map,Tile:0,Tile:8,Destroy,Tile:9,Tile:6,Malus,Tile:0,Tile:10,Tile:15,Tile:6,Tile:0,Tile:5,Bonus,Tile:7-Tile:8,Tile:5,Tile:5,Tile:9,Tile:7,Tile:6,Map-Tile:2,Tile:9,Tile:1,Map,Tile:8,Tile:0,Map-Tile:hidden1,Tile:hidden2,Tile:nugget
Tile:6_flip 6 5 1
Map 12 5 0
Tile:8 5 6 1
Map 12 3 0
Tile:5 5 4 1
Map 12 7 0
Tile:7_flip 5 7 1
Tile:0 6 7 0
Tile:14_flip 4 6 1
Tile:8 7 7 0
Destroy 6 5 1
Tile:6 8 7 0
Tile:9_flip 6 5 1
Drop 0 0 0
Tile:4_flip 7 8 1
Drop 1 0 0
Tile:6 4 5 1
Drop 2 0 0
Tile:11_flip 4 7 1
Drop 4 0 0
Tile:7 4 4 1
Drop 4 0 0
Map 12 3 1
Tile:8 9 7 0
Tile:9_flip 6 4 1
Drop 4 0 0
Tile:13 3 7 1
Drop 4 0 0
Tile:5 7 6 1
Tile:0 10 7 0
Tile:3_flip 4 8 1
Drop 5 0 0
Tile:8 2 7 1
Tile:6 11 7 0
GAMEOVER WINNER 0
# Game ended: Wed Apr 08 18:19:00 EDT 2020
