# Server version 0.08 running on nuris-mbp:8123
# Game ID: 101
# Board class: Saboteur.SaboteurBoard
# Timeout: 20000
# First Move Timeout: 30000
# Date: Wed Apr 01 18:51:08 EDT 2020
# Player 1: Player-0, 'Human', running on nuris-mbp
# Player 2: Player-1, 'Human', running on nuris-mbp
START Player-0 Human
START Player-1 Human
BoardInit:Map,Destroy,Tile:2,Tile:10,Tile:12,Tile:14,Tile:9,Tile:0,Tile:6,Tile:8,Tile:8,Destroy,Tile:7,Tile:5,Tile:7,Map,Tile:8,Tile:10,Tile:6,Bonus,Destroy,Malus,Tile:5,Map,Tile:9,Tile:13,Tile:9,Tile:8,Bonus,Tile:0,Tile:10,Tile:6,Tile:0,Tile:5,Tile:7,Malus,Bonus,Bonus,Map,Tile:8,Tile:1-Tile:3,Tile:15,Tile:9,Tile:9,Tile:7,Tile:11,Tile:4-Tile:0,Map,Tile:7,Tile:6,Tile:5,Tile:6,Map-Tile:nugget,Tile:hidden1,Tile:hidden2
Tile:7 5 4 1
Tile:6 6 5 0
Tile:9 6 4 1
Tile:6 7 4 0
Tile:9_flip 8 4 1
Tile:7 8 3 0
Tile:12 7 5 1
Tile:5 7 3 0
Tile:9 8 5 1
Tile:0 9 5 0
Map 12 3 1
Tile:8 10 5 0
Tile:6_flip 10 4 1
Tile:10 5 6 0
Tile:8 11 4 1
Tile:5_flip 12 4 0
GAMEOVER WINNER 0
# Game ended: Wed Apr 01 18:53:29 EDT 2020
