# Server version 0.08 running on nuris-mbp:8123
# Game ID: 3
# Board class: Saboteur.SaboteurBoard
# Timeout: 20000
# First Move Timeout: 30000
# Date: Thu Apr 09 16:54:29 EDT 2020
# Player 1: Player-0, 'RandomPlayer', running on localhost
# Player 2: Player-1, '260713804', running on localhost
START Player-0 RandomPlayer
START Player-1 260713804
BoardInit:Tile:0,Bonus,Tile:7,Tile:3,Map,Tile:9,Tile:1,Malus,Tile:6,Tile:5,Tile:7,Bonus,Tile:10,Tile:0,Tile:0,Tile:6,Tile:15,Tile:9,Tile:6,Bonus,Tile:9,Tile:14,Tile:6,Map,Map,Map,Malus,Tile:7,Tile:9,Bonus,Tile:8,Tile:8,Tile:13,Tile:7,Tile:10,Tile:4,Tile:8,Map,Tile:8,Tile:10,Tile:0-Map,Destroy,Destroy,Tile:2,Tile:5,Tile:7,Destroy-Tile:5,Tile:11,Tile:6,Tile:8,Tile:5,Tile:9,Tile:12-Tile:hidden1,Tile:nugget,Tile:hidden2
Map 12 5 1
Tile:9_flip 5 6 0
Tile:0 6 5 1
Tile:11_flip 5 7 0
Destroy 5 7 1
Tile:8 5 7 0
Drop 1 0 1
Tile:9_flip 5 4 0
Drop 5 0 1
Tile:5_flip 7 5 0
Tile:6_flip 6 7 1
Tile:12_flip 4 4 0
Destroy 4 4 1
Tile:5 4 5 0
Drop 4 0 1
Tile:0 7 7 0
Tile:0 8 7 1
Tile:6_flip 5 3 0
Drop 6 0 1
Tile:3 9 7 0
Destroy 9 7 1
Tile:9_flip 6 3 0
Tile:6_flip 9 7 1
Tile:5_flip 9 8 0
Tile:6_flip 10 7 1
Tile:6 4 6 0
Drop 6 0 1
Tile:14_flip 3 6 0
Malus 0 0 1
Map 12 5 0
Tile:9 10 8 1
Bonus 0 0 0
Tile:8 11 7 1
Map 12 3 0
Tile:9_flip 12 6 1
GAMEOVER WINNER 1
# Game ended: Thu Apr 09 16:54:30 EDT 2020
