# Server version 0.08 running on nuris-mbp:8123
# Game ID: 64
# Board class: Saboteur.SaboteurBoard
# Timeout: 20000
# First Move Timeout: 30000
# Date: Wed Apr 01 13:20:05 EDT 2020
# Player 1: Player-0, '260713804', running on nuris-mbp
# Player 2: Player-1, 'RandomPlayer', running on nuris-mbp
START Player-0 260713804
START Player-1 RandomPlayer
BoardInit:Destroy,Tile:6,Tile:6,Tile:6,Bonus,Tile:6,Map,Tile:8,Tile:8,Tile:6,Tile:12,Bonus,Tile:9,Tile:15,Tile:9,Map,Tile:2,Malus,Map,Tile:4,Tile:5,Tile:9,Tile:7,Tile:7,Tile:0,Map,Bonus,Tile:3,Tile:5,Tile:8,Tile:7,Tile:0,Map,Tile:9,Tile:8,Destroy,Bonus,Tile:5,Tile:13,Destroy,Tile:10-Tile:5,Tile:0,Tile:7,Tile:10,Tile:7,Tile:14,Tile:1-Malus,Tile:10,Tile:11,Tile:9,Map,Tile:8,Tile:0-Tile:hidden1,Tile:hidden2,Tile:nugget
Tile:5 4 5 1
Map 12 3 0
Tile:10 4 6 1
Tile:0 6 5 0
Tile:7_flip 4 7 1
Tile:8 7 5 0
Tile:6_flip 7 4 1
Tile:6 8 4 0
Tile:7 9 4 1
Tile:10 7 6 0
Tile:14_flip 8 3 1
Tile:6_flip 8 5 0
Drop 2 0 1
Drop 1 0 0
Tile:8 5 7 1
Tile:6 5 8 0
Tile:9 8 6 1
Map 12 3 0
Tile:0 6 8 1
Tile:9_flip 7 8 0
Tile:2_flip 9 3 1
Tile:8 9 2 0
Tile:1 10 3 1
Malus 0 0 0
Drop 2 0 1
Tile:6 11 3 0
Bonus 0 0 1
Map 12 3 0
Tile:5_flip 10 2 1
Tile:9_flip 7 7 0
Tile:0 8 2 1
Tile:8 7 2 0
Tile:9 6 2 1
Tile:0 6 4 0
Tile:7_flip 6 3 1
Tile:15 5 6 0
Tile:8 5 4 1
Tile:3 9 6 0
Map 12 5 1
Destroy 6 5 0
Tile:7_flip 4 4 1
Tile:7 6 1 0
Tile:5 10 1 1
Destroy 8 2 0
Drop 4 0 1
Tile:5_flip 9 5 0
Drop 3 0 1
Tile:9 7 1 0
Map 12 3 1
Tile:4_flip 9 7 0
Map 12 3 1
Drop 0 0 0
Drop 1 0 1
Malus 0 0 0
Bonus 0 0 1
GAMEOVER DRAW
# Game ended: Wed Apr 01 13:20:05 EDT 2020
