# Server version 0.08 running on nuris-mbp:8123
# Game ID: 143
# Board class: Saboteur.SaboteurBoard
# Timeout: 20000
# First Move Timeout: 30000
# Date: Fri Apr 03 13:27:56 EDT 2020
# Player 1: Player-0, '260713804', running on nuris-mbp
# Player 2: Player-1, 'RandomPlayer', running on nuris-mbp
START Player-0 260713804
START Player-1 RandomPlayer
BoardInit:Tile:12,Tile:15,Tile:9,Tile:6,Tile:10,Tile:7,Tile:10,Tile:8,Tile:3,Map,Tile:7,Destroy,Tile:5,Map,Bonus,Tile:8,Tile:1,Bonus,Malus,Tile:2,Tile:13,Tile:4,Tile:7,Tile:14,Bonus,Tile:5,Tile:6,Tile:10,Tile:0,Tile:0,Tile:9,Tile:6,Tile:5,Destroy,Tile:8,Tile:0,Tile:7,Tile:5,Tile:9,Map,Map-Tile:0,Tile:11,Malus,Tile:9,Tile:8,Map,Tile:9-Map,Tile:6,Tile:6,Destroy,Bonus,Tile:7,Tile:8-Tile:hidden2,Tile:hidden1,Tile:nugget
Tile:9 5 6 1
Map 12 3 0
Map 12 7 1
Tile:7 6 5 0
Tile:8 5 7 1
Destroy 6 5 0
Tile:9_flip 5 4 1
Tile:7_flip 4 4 0
Tile:12 6 7 1
Tile:6_flip 6 5 0
Tile:11_flip 5 3 1
Map 12 7 0
Tile:0 4 5 1
Tile:6_flip 4 3 0
Tile:3 5 2 1
Map 12 7 0
Malus 0 0 1
Destroy 5 2 0
Tile:5 5 2 1
Drop 1 0 0
Tile:9 5 8 1
Bonus 0 0 0
Drop 5 0 1
Tile:8 3 5 0
Tile:7_flip 3 6 1
Tile:8 4 7 0
Tile:1 3 3 1
Tile:14 6 6 0
Tile:7_flip 2 3 1
Tile:4 3 4 0
Tile:6 5 9 1
Tile:2 6 8 0
Tile:10 4 8 1
Drop 1 0 0
Tile:9_flip 6 9 1
Destroy 4 3 0
Tile:13 4 3 1
Tile:10 4 2 0
Tile:7 4 6 1
Tile:5 3 7 0
Tile:9 2 2 1
Map 12 7 0
Tile:5_flip 6 2 1
Tile:0 7 8 0
Tile:10 6 1 1
Tile:5_flip 3 8 0
Map 12 3 1
Tile:6 4 9 0
Tile:8 2 8 1
Tile:0 8 8 0
Tile:0 1 8 1
Tile:15 6 0 0
Drop 1 0 1
Drop 0 0 0
Drop 0 0 1
GAMEOVER DRAW
# Game ended: Fri Apr 03 13:27:56 EDT 2020
