# Server version 0.08 running on nuris-mbp:8123
# Game ID: 56
# Board class: Saboteur.SaboteurBoard
# Timeout: 20000
# First Move Timeout: 30000
# Date: Wed Apr 08 18:46:13 EDT 2020
# Player 1: Player-0, '260713804', running on nuris-mbp
# Player 2: Player-1, 'RandomPlayer', running on nuris-mbp
START Player-0 260713804
START Player-1 RandomPlayer
BoardInit:Tile:8,Map,Tile:0,Tile:5,Bonus,Malus,Tile:7,Tile:9,Tile:8,Tile:10,Tile:4,Tile:6,Bonus,Map,Tile:9,Bonus,Tile:8,Tile:3,Tile:1,Bonus,Tile:12,Destroy,Tile:8,Tile:9,Tile:5,Tile:8,Tile:0,Tile:14,Tile:6,Tile:10,Map,Tile:9,Destroy,Tile:6,Tile:6,Tile:6,Malus,Tile:7,Tile:7,Tile:5,Tile:15-Tile:9,Tile:11,Tile:13,Tile:0,Map,Tile:2,Destroy-Map,Tile:5,Tile:7,Tile:10,Tile:0,Map,Tile:7-Tile:hidden1,Tile:hidden2,Tile:nugget
Tile:2 6 5 1
Map 12 5 0
Tile:0 4 5 1
Map 12 3 0
Drop 2 0 1
Map 12 7 0
Tile:0 3 5 1
Tile:5 2 5 0
Tile:8 7 5 1
Tile:9 2 6 0
Tile:8 8 5 1
Tile:0 3 6 0
Tile:7 4 6 1
Tile:6 4 7 0
Destroy 7 5 1
Drop 4 0 0
Tile:9_flip 2 7 1
Drop 5 0 0
Tile:11 1 7 1
Drop 5 0 0
Tile:1 7 5 1
Drop 5 0 0
Tile:4_flip 5 6 1
Drop 5 0 0
Tile:9 6 6 1
Drop 5 0 0
Tile:5 5 4 1
Tile:8 8 4 0
Drop 6 0 1
Drop 6 0 0
Tile:6_flip 7 6 1
Tile:10 7 7 0
Map 12 3 1
Tile:9_flip 6 7 0
Tile:8 9 4 1
Tile:6 6 4 0
Tile:6 7 4 1
Tile:6 10 4 0
Destroy 5 6 1
Tile:7_flip 7 8 0
Tile:8 5 7 1
Tile:7_flip 2 8 0
Tile:15 5 6 1
Tile:5_flip 8 6 0
Tile:12_flip 3 7 1
Tile:5 8 3 0
Tile:7 10 3 1
Tile:9_flip 6 3 0
Map 12 3 1
Tile:10 6 8 0
Drop 0 0 1
Tile:7 1 6 0
Malus 0 0 1
Drop 0 0 0
Drop 0 0 1
GAMEOVER DRAW
# Game ended: Wed Apr 08 18:46:13 EDT 2020
