# Server version 0.08 running on nuris-mbp:8123
# Game ID: 136
# Board class: Saboteur.SaboteurBoard
# Timeout: 20000
# First Move Timeout: 30000
# Date: Thu Apr 02 19:07:18 EDT 2020
# Player 1: Player-0, '260713804', running on nuris-mbp
# Player 2: Player-1, 'RandomPlayer', running on nuris-mbp
START Player-0 260713804
START Player-1 RandomPlayer
BoardInit:Tile:0,Destroy,Tile:10,Malus,Tile:13,Tile:5,Tile:6,Tile:7,Tile:6,Tile:11,Tile:8,Map,Tile:7,Malus,Bonus,Tile:0,Tile:7,Tile:8,Tile:5,Tile:8,Tile:3,Bonus,Tile:4,Destroy,Bonus,Tile:6,Tile:10,Tile:9,Destroy,Tile:0,Tile:0,Tile:7,Tile:15,Tile:8,Tile:9,Map,Tile:8,Tile:1,Tile:5,Tile:2,Tile:10-Tile:5,Tile:7,Map,Tile:9,Tile:9,Tile:12,Tile:6-Tile:9,Tile:14,Map,Map,Map,Bonus,Tile:6-Tile:hidden1,Tile:nugget,Tile:hidden2
Tile:6 6 5 1
Map 12 3 0
Map 12 3 1
Map 12 5 0
Drop 2 0 1
Map 12 5 0
Tile:13 7 5 1
GAMEOVER TIMEOUT WINNER 1
# Game ended: Thu Apr 02 19:07:44 EDT 2020
