# Server version 0.08 running on nuris-mbp:8123
# Game ID: 184
# Board class: Saboteur.SaboteurBoard
# Timeout: 20000
# First Move Timeout: 30000
# Date: Tue Apr 07 11:57:27 EDT 2020
# Player 1: Player-0, '260713804', running on nuris-mbp
# Player 2: Player-1, 'RandomPlayer', running on nuris-mbp
START Player-0 260713804
START Player-1 RandomPlayer
BoardInit:Tile:0,Bonus,Tile:10,Tile:8,Tile:7,Destroy,Bonus,Tile:7,Tile:9,Tile:5,Tile:0,Tile:10,Tile:9,Tile:4,Tile:3,Map,Tile:0,Tile:7,Malus,Tile:0,Tile:14,Tile:8,Tile:10,Tile:2,Tile:9,Tile:6,Tile:6,Tile:13,Tile:1,Bonus,Malus,Tile:8,Map,Tile:5,Tile:7,Tile:7,Tile:5,Map,Map,Tile:5,Tile:6-Tile:9,Map,Bonus,Tile:9,Tile:6,Tile:8,Tile:12-Destroy,Tile:11,Map,Destroy,Tile:8,Tile:6,Tile:15-Tile:hidden1,Tile:hidden2,Tile:nugget
Tile:8 5 6 1
Drop 0 0 0
Drop 5 0 1
Drop 0 0 0
Tile:9 5 4 1
Drop 0 0 0
Tile:6 6 6 1
Tile:8 7 6 0
Tile:7 7 5 1
Drop 0 0 0
Tile:0 4 5 1
Drop 0 0 0
Tile:9 5 7 1
Tile:8 8 6 0
Tile:9 8 7 1
Drop 0 0 0
Tile:10 8 8 1
Drop 0 0 0
Tile:0 9 7 1
Drop 0 0 0
Tile:3 5 3 1
Drop 0 0 0
Tile:14_flip 4 6 1
Drop 0 0 0
Tile:9 8 5 1
Drop 0 0 0
Tile:9_flip 4 7 1
Drop 0 0 0
Tile:6_flip 6 5 1
Drop 0 0 0
Tile:10 4 8 1
Drop 0 0 0
Malus 0 0 1
Drop 0 0 0
Tile:1 10 7 1
Drop 1 0 0
Tile:0 9 6 1
Drop 1 0 0
Tile:5_flip 9 5 1
Drop 1 0 0
Tile:7 8 4 1
Drop 1 0 0
Map 12 7 1
Drop 2 0 0
Drop 4 0 1
Drop 2 0 0
Tile:6_flip 4 3 1
Drop 2 0 0
Malus 0 0 1
Drop 2 0 0
Map 12 3 1
Drop 1 0 0
Drop 1 0 1
Drop 0 0 0
Drop 0 0 1
GAMEOVER DRAW
# Game ended: Tue Apr 07 11:57:27 EDT 2020
