# Server version 0.08 running on nuris-mbp:8123
# Game ID: 46
# Board class: Saboteur.SaboteurBoard
# Timeout: 20000
# First Move Timeout: 30000
# Date: Thu Apr 09 14:21:39 EDT 2020
# Player 1: Player-0, '260713804', running on nuris-mbp
# Player 2: Player-1, 'RandomPlayer', running on nuris-mbp
START Player-0 260713804
START Player-1 RandomPlayer
BoardInit:Tile:13,Tile:5,Tile:7,Tile:7,Tile:9,Tile:6,Tile:7,Tile:10,Bonus,Tile:8,Tile:9,Tile:15,Tile:6,Tile:9,Map,Tile:6,Tile:9,Destroy,Tile:4,Tile:7,Tile:5,Malus,Tile:5,Tile:0,Tile:6,Tile:10,Tile:5,Tile:0,Tile:8,Destroy,Tile:0,Tile:11,Map,Tile:8,Tile:2,Tile:8,Bonus,Tile:3,Tile:0,Map,Map-Map,Tile:1,Destroy,Tile:9,Bonus,Tile:12,Tile:7-Map,Bonus,Malus,Tile:6,Tile:10,Tile:8,Tile:14-Tile:nugget,Tile:hidden2,Tile:hidden1
Tile:1 4 5 1
Map 12 5 0
Tile:13 5 6 1
Malus 0 0 0
Drop 1 0 1
Tile:6_flip 6 5 0
Drop 2 0 1
Tile:6_flip 7 5 0
Map 12 5 1
Tile:8 8 5 0
Bonus 0 0 1
Tile:8 9 5 0
Tile:7_flip 8 6 1
Drop 2 0 0
Tile:7_flip 5 7 1
Drop 5 0 0
Tile:9_flip 9 4 1
Tile:6_flip 10 5 0
Tile:9_flip 10 6 1
Destroy 4 5 0
Tile:9 8 4 1
Tile:9_flip 10 7 0
Tile:6 11 5 1
Malus 0 0 0
Drop 0 0 1
Tile:10 12 4 0
GAMEOVER WINNER 0
# Game ended: Thu Apr 09 14:21:40 EDT 2020
