# Server version 0.08 running on nuris-mbp:8123
# Game ID: 45
# Board class: Saboteur.SaboteurBoard
# Timeout: 20000
# First Move Timeout: 30000
# Date: Wed Apr 08 22:07:36 EDT 2020
# Player 1: Player-0, '260713804', running on nuris-mbp
# Player 2: Player-1, 'RandomPlayer', running on nuris-mbp
START Player-0 260713804
START Player-1 RandomPlayer
BoardInit:Tile:6,Map,Malus,Tile:3,Destroy,Tile:4,Bonus,Tile:5,Tile:6,Tile:7,Tile:2,Tile:5,Tile:15,Map,Malus,Tile:5,Tile:1,Bonus,Tile:0,Tile:8,Tile:0,Tile:8,Tile:7,Tile:7,Map,Tile:6,Tile:10,Tile:7,Tile:8,Tile:14,Destroy,Tile:9,Map,Map,Tile:8,Tile:6,Tile:10,Tile:9,Bonus,Tile:9,Tile:13-Tile:0,Destroy,Tile:0,Tile:10,Tile:6,Tile:11,Tile:9-Tile:5,Tile:8,Tile:12,Tile:9,Bonus,Tile:7,Map-Tile:nugget,Tile:hidden1,Tile:hidden2
Tile:9 4 5 1
Map 12 5 0
Tile:11 5 4 1
Map 12 3 0
Destroy 4 5 1
Tile:8 6 5 0
Destroy 5 4 1
Drop 1 0 0
Drop 0 0 1
Drop 2 0 0
Tile:0 4 5 1
Drop 3 0 0
Tile:6 3 5 1
Drop 3 0 0
Tile:6_flip 6 4 1
Tile:5_flip 5 6 0
Tile:2_flip 2 5 1
Drop 5 0 0
Tile:10 6 6 1
Drop 6 0 0
Tile:6 7 4 1
Tile:8 8 4 0
Tile:15 2 4 1
Tile:9 8 3 0
Tile:1 9 3 1
Tile:8 10 3 0
Tile:0 9 4 1
Tile:6_flip 11 3 0
Malus 0 0 1
Drop 3 0 0
Malus 0 0 1
Drop 6 0 0
Destroy 9 4 1
Drop 1 0 0
Tile:8 8 5 1
Drop 6 0 0
Drop 6 0 1
Drop 4 0 0
Tile:10 10 2 1
Drop 5 0 0
Drop 6 0 1
Drop 1 0 0
Drop 5 0 1
Drop 0 0 0
Tile:7 9 4 1
Drop 2 0 0
Map 12 3 1
Drop 3 0 0
Map 12 7 1
Drop 2 0 0
Tile:0 4 6 1
Drop 1 0 0
Tile:13 5 4 1
Drop 0 0 0
Drop 0 0 1
GAMEOVER DRAW
# Game ended: Wed Apr 08 22:07:37 EDT 2020
