# Server version 0.08 running on nuris-mbp:8123
# Game ID: 210
# Board class: Saboteur.SaboteurBoard
# Timeout: 20000
# First Move Timeout: 30000
# Date: Tue Apr 07 20:02:01 EDT 2020
# Player 1: Player-0, '260713804', running on nuris-mbp
# Player 2: Player-1, 'RandomPlayer', running on nuris-mbp
START Player-0 260713804
START Player-1 RandomPlayer
BoardInit:Bonus,Tile:9,Tile:9,Tile:7,Tile:8,Tile:6,Tile:15,Tile:10,Tile:4,Tile:6,Tile:2,Tile:11,Destroy,Tile:8,Map,Tile:13,Tile:7,Tile:6,Malus,Map,Tile:3,Tile:0,Map,Tile:0,Tile:10,Tile:6,Tile:9,Tile:5,Tile:12,Tile:14,Tile:8,Tile:9,Bonus,Tile:7,Tile:8,Tile:6,Map,Tile:5,Tile:1,Map,Tile:9-Tile:0,Destroy,Tile:5,Map,Tile:8,Tile:7,Tile:5-Bonus,Tile:0,Destroy,Tile:7,Malus,Tile:10,Bonus-Tile:hidden1,Tile:hidden2,Tile:nugget
Drop 3 0 1
Drop 0 0 0
Tile:5_flip 6 5 1
Drop 1 0 0
Tile:5 4 5 1
Drop 1 0 0
Tile:9_flip 5 6 1
Drop 1 0 0
Tile:8 5 7 1
Drop 1 0 0
Drop 1 0 1
Drop 1 0 0
Tile:8 6 7 1
Drop 1 0 0
Destroy 4 5 1
Drop 1 0 0
Tile:4 6 6 1
Drop 1 0 0
Tile:0 4 5 1
Drop 1 0 0
Tile:2 6 4 1
Drop 1 0 0
Drop 5 0 1
Drop 1 0 0
Tile:3_flip 5 8 1
Drop 1 0 0
Tile:7 7 4 1
Drop 1 0 0
Tile:9 3 5 1
Drop 1 0 0
Drop 2 0 1
Drop 1 0 0
Tile:7_flip 7 5 1
Drop 3 0 0
Drop 3 0 1
Drop 3 0 0
Tile:8 3 4 1
Drop 3 0 0
Map 12 5 1
Drop 3 0 0
Drop 2 0 1
Drop 3 0 0
Tile:8 6 8 1
Drop 3 0 0
Tile:9_flip 7 8 1
Drop 3 0 0
Tile:1 4 7 1
Drop 3 0 0
Tile:15 3 3 1
Tile:0 8 5 0
Map 12 3 1
Tile:0 4 4 0
Drop 1 0 1
Tile:0 4 6 0
Drop 0 0 1
GAMEOVER DRAW
# Game ended: Tue Apr 07 20:02:01 EDT 2020
