# Server version 0.08 running on nuris-mbp:8123
# Game ID: 93
# Board class: Saboteur.SaboteurBoard
# Timeout: 20000
# First Move Timeout: 30000
# Date: Wed Apr 01 16:25:20 EDT 2020
# Player 1: Player-0, '260713804', running on nuris-mbp
# Player 2: Player-1, 'RandomPlayer', running on nuris-mbp
START Player-0 260713804
START Player-1 RandomPlayer
BoardInit:Tile:11,Tile:7,Destroy,Tile:5,Tile:9,Tile:5,Tile:7,Tile:14,Tile:0,Tile:7,Map,Tile:9,Tile:5,Tile:6,Tile:0,Bonus,Tile:10,Tile:7,Tile:0,Destroy,Tile:1,Tile:6,Malus,Tile:9,Map,Tile:4,Tile:8,Tile:6,Tile:12,Tile:6,Map,Tile:8,Tile:15,Tile:8,Tile:10,Tile:3,Malus,Tile:8,Tile:0,Tile:8,Tile:5-Destroy,Map,Map,Map,Tile:6,Tile:13,Tile:2-Tile:9,Bonus,Bonus,Tile:7,Bonus,Tile:9,Tile:10-Tile:nugget,Tile:hidden1,Tile:hidden2
Tile:2 5 4 1
Drop 2 0 0
Tile:6 6 4 1
Tile:7 7 4 0
Destroy 5 4 1
Drop 2 0 0
Tile:11 5 4 1
Drop 6 0 0
Tile:13 4 5 1
Tile:5 6 3 0
Tile:7 5 3 1
Tile:9 4 6 0
Drop 0 0 1
Tile:7 6 5 0
Tile:9 4 3 1
Tile:9_flip 5 6 0
