# Server version 0.08 running on nuris-mbp:8123
# Game ID: 209
# Board class: Saboteur.SaboteurBoard
# Timeout: 20000
# First Move Timeout: 30000
# Date: Tue Apr 07 19:55:31 EDT 2020
# Player 1: Player-0, '260713804', running on nuris-mbp
# Player 2: Player-1, 'RandomPlayer', running on nuris-mbp
START Player-0 260713804
START Player-1 RandomPlayer
BoardInit:Map,Tile:7,Map,Tile:5,Tile:10,Tile:14,Tile:8,Tile:8,Bonus,Tile:8,Destroy,Tile:1,Bonus,Tile:7,Destroy,Bonus,Tile:3,Malus,Tile:9,Malus,Tile:11,Tile:5,Tile:0,Tile:9,Tile:10,Tile:8,Tile:8,Tile:10,Tile:12,Map,Tile:0,Tile:6,Bonus,Map,Destroy,Map,Tile:6,Tile:9,Tile:7,Tile:2,Tile:6-Tile:6,Tile:9,Tile:0,Tile:4,Tile:7,Tile:5,Tile:5-Tile:0,Tile:13,Tile:15,Tile:7,Tile:9,Tile:6,Map-Tile:nugget,Tile:hidden1,Tile:hidden2
Tile:9_flip 5 6 1
Drop 0 0 0
Tile:5 5 4 1
Drop 0 0 0
Map 12 7 1
Drop 0 0 0
Map 12 7 1
Drop 0 0 0
Drop 2 0 1
Drop 0 0 0
Tile:8 6 4 1
Drop 0 0 0
Tile:6_flip 7 4 1
Drop 0 0 0
Tile:7_flip 4 5 1
Drop 0 0 0
Drop 0 0 1
Drop 0 0 0
Destroy 7 4 1
Drop 0 0 0
Tile:5_flip 7 4 1
Drop 2 0 0
Tile:11_flip 4 4 1
Drop 2 0 0
Drop 0 0 1
Drop 2 0 0
Tile:9_flip 4 3 1
Drop 2 0 0
Drop 2 0 1
Drop 2 0 0
Tile:8 5 7 1
Drop 2 0 0
Tile:12_flip 4 6 1
Drop 2 0 0
Drop 3 0 1
Drop 3 0 0
Destroy 6 4 1
Drop 3 0 0
Tile:6_flip 3 4 1
Drop 3 0 0
Tile:10 5 8 1
Drop 3 0 0
Drop 0 0 1
Drop 3 0 0
Tile:0 3 3 1
Drop 3 0 0
Tile:6_flip 2 4 1
Drop 3 0 0
Tile:3 4 2 1
Tile:8 6 4 0
Tile:7 6 7 1
Tile:8 6 5 0
Drop 1 0 1
Drop 0 0 0
Drop 0 0 1
GAMEOVER DRAW
# Game ended: Tue Apr 07 19:55:32 EDT 2020
