# Server version 0.08 running on nuris-mbp:8123
# Game ID: 17
# Board class: Saboteur.SaboteurBoard
# Timeout: 20000
# First Move Timeout: 30000
# Date: Wed Apr 08 18:00:27 EDT 2020
# Player 1: Player-0, '260713804', running on nuris-mbp
# Player 2: Player-1, 'RandomPlayer', running on nuris-mbp
START Player-0 260713804
START Player-1 RandomPlayer
BoardInit:Tile:14,Tile:5,Bonus,Tile:9,Tile:5,Tile:4,Map,Tile:7,Tile:2,Tile:3,Tile:8,Tile:0,Malus,Malus,Tile:7,Tile:15,Tile:9,Tile:6,Tile:9,Tile:13,Bonus,Tile:8,Tile:6,Tile:5,Tile:10,Map,Tile:11,Tile:0,Tile:8,Bonus,Tile:9,Destroy,Tile:0,Map,Tile:6,Tile:7,Tile:9,Map,Tile:8,Map,Tile:1-Tile:7,Tile:0,Map,Bonus,Destroy,Tile:6,Tile:5-Tile:6,Tile:10,Destroy,Tile:12,Tile:8,Tile:7,Tile:10-Tile:hidden2,Tile:nugget,Tile:hidden1
Tile:7_flip 5 6 1
Tile:8 6 5 0
Tile:5_flip 6 6 1
Tile:6 7 5 0
Tile:6_flip 5 4 1
Drop 1 0 0
Destroy 5 6 1
Drop 1 0 0
Tile:5 4 5 1
Drop 5 0 0
Tile:2_flip 8 5 1
Drop 6 0 0
Drop 0 0 1
Tile:9 5 6 0
Tile:14_flip 8 4 1
Drop 6 0 0
Tile:7 6 4 1
Tile:7_flip 4 4 0
Drop 1 0 1
Tile:6_flip 4 3 0
Tile:9_flip 5 7 1
Tile:0 5 3 0
Tile:8 5 8 1
Drop 4 0 0
Map 12 7 1
Drop 4 0 0
Tile:6_flip 9 5 1
Map 12 5 0
Tile:9 4 8 1
Tile:0 6 3 0
Map 12 3 1
Tile:8 7 3 0
Tile:11_flip 4 6 1
Drop 5 0 0
Tile:8 6 8 1
Drop 5 0 0
Tile:10 7 2 1
Map 12 5 0
Tile:9 3 6 1
Tile:5_flip 8 3 0
Tile:9_flip 10 5 1
Tile:5 6 7 0
Tile:0 3 3 1
Map 12 3 0
Drop 4 0 1
Tile:7 7 8 0
Tile:6 5 9 1
Tile:7_flip 10 6 0
Malus 0 0 1
Drop 2 0 0
Tile:1 2 3 1
Drop 1 0 0
Drop 1 0 1
Drop 0 0 0
Drop 0 0 1
GAMEOVER DRAW
# Game ended: Wed Apr 08 18:00:27 EDT 2020
