# Server version 0.08 running on nuris-mbp:8123
# Game ID: 26
# Board class: Saboteur.SaboteurBoard
# Timeout: 20000
# First Move Timeout: 30000
# Date: Thu Apr 09 14:14:33 EDT 2020
# Player 1: Player-0, '260713804', running on nuris-mbp
# Player 2: Player-1, 'RandomPlayer', running on nuris-mbp
START Player-0 260713804
START Player-1 RandomPlayer
BoardInit:Tile:8,Tile:0,Tile:10,Tile:0,Destroy,Tile:7,Tile:12,Tile:0,Tile:5,Tile:9,Tile:4,Bonus,Tile:2,Map,Tile:7,Tile:6,Tile:3,Bonus,Map,Tile:1,Tile:9,Tile:5,Tile:6,Tile:8,Tile:5,Tile:10,Destroy,Tile:7,Tile:8,Bonus,Tile:9,Tile:0,Malus,Tile:8,Tile:14,Bonus,Tile:7,Map,Tile:15,Tile:6,Destroy-Tile:11,Tile:7,Map,Map,Tile:5,Tile:8,Tile:9-Malus,Tile:6,Tile:13,Tile:9,Tile:10,Map,Tile:6-Tile:hidden2,Tile:hidden1,Tile:nugget
Tile:7_flip 4 5 1
Map 12 5 0
Tile:9 4 4 1
Malus 0 0 0
Drop 1 0 1
Tile:6_flip 6 5 0
Drop 1 0 1
Tile:6_flip 7 5 0
Destroy 6 5 1
Tile:0 8 5 0
Drop 4 0 1
Tile:0 9 5 0
Drop 0 0 1
Tile:0 10 5 0
Drop 0 0 1
Map 12 3 0
Drop 5 0 1
Tile:6_flip 11 5 0
Drop 3 0 1
Drop 0 0 0
Map 12 7 1
Drop 0 0 0
Drop 0 0 1
Drop 0 0 0
Drop 2 0 1
Tile:8 6 5 0
Drop 0 0 1
Tile:9_flip 12 6 0
GAMEOVER WINNER 0
# Game ended: Thu Apr 09 14:14:33 EDT 2020
