# Server version 0.08 running on nuris-mbp:8123
# Game ID: 100
# Board class: Saboteur.SaboteurBoard
# Timeout: 20000
# First Move Timeout: 30000
# Date: Wed Apr 01 18:50:23 EDT 2020
# Player 1: Player-0, '260713804', running on nuris-mbp
# Player 2: Player-1, 'RandomPlayer', running on nuris-mbp
START Player-0 260713804
START Player-1 RandomPlayer
BoardInit:Bonus,Bonus,Tile:5,Tile:6,Tile:4,Tile:2,Tile:14,Tile:5,Bonus,Malus,Tile:6,Tile:7,Tile:7,Tile:8,Destroy,Tile:12,Map,Malus,Tile:7,Tile:0,Map,Tile:15,Tile:10,Tile:9,Map,Tile:8,Tile:9,Tile:8,Tile:0,Tile:6,Destroy,Tile:9,Tile:9,Tile:6,Destroy,Tile:1,Map,Tile:13,Map,Tile:0,Tile:8-Tile:7,Tile:8,Tile:11,Tile:9,Tile:3,Map,Tile:10-Tile:10,Tile:7,Tile:5,Tile:6,Tile:5,Bonus,Tile:0-Tile:hidden1,Tile:nugget,Tile:hidden2
Tile:9 4 5 1
Tile:6_flip 6 5 0
Drop 5 0 1
Tile:5 4 4 0
Drop 1 0 1
Tile:5_flip 6 6 0
Tile:3_flip 5 6 1
Drop 5 0 0
Tile:11_flip 7 5 1
Drop 3 0 0
Drop 3 0 1
Tile:10 4 6 0
Tile:4_flip 7 6 1
Drop 6 0 0
Tile:7_flip 4 7 1
Tile:7 5 4 0
Drop 6 0 1
Tile:2 7 4 0
Drop 5 0 1
Tile:8 8 4 0
Tile:7 5 7 1
Tile:5_flip 5 8 0
Tile:6 9 4 1
Tile:15 8 3 0
Map 12 7 1
Tile:9_flip 10 4 0
Tile:10 8 5 1
Tile:8 10 3 0
Drop 5 0 1
Tile:0 11 3 0
Tile:9_flip 10 5 1
Malus 0 0 0
Destroy 4 4 1
Tile:12_flip 6 4 0
Map 12 5 1
Tile:9 8 2 0
Destroy 7 6 1
Drop 6 0 0
Map 12 5 1
Tile:6_flip 10 2 0
Drop 1 0 1
Tile:8 4 4 0
Map 12 7 1
Tile:6 11 2 0
Drop 4 0 1
Drop 0 0 0
Drop 4 0 1
Tile:0 9 2 0
Drop 0 0 1
Tile:13 12 2 0
Drop 0 0 1
Malus 0 0 0
Drop 1 0 1
Drop 0 0 0
Drop 0 0 1
GAMEOVER DRAW
# Game ended: Wed Apr 01 18:50:23 EDT 2020
