# Server version 0.08 running on nuris-mbp:8123
# Game ID: 19
# Board class: Saboteur.SaboteurBoard
# Timeout: 20000
# First Move Timeout: 30000
# Date: Thu Apr 09 16:55:04 EDT 2020
# Player 1: Player-0, 'RandomPlayer', running on localhost
# Player 2: Player-1, '260713804', running on localhost
START Player-0 RandomPlayer
START Player-1 260713804
BoardInit:Tile:0,Tile:6,Tile:8,Tile:7,Tile:9,Tile:15,Tile:10,Bonus,Tile:9,Malus,Tile:7,Tile:1,Bonus,Destroy,Tile:7,Tile:14,Tile:13,Tile:8,Tile:9,Tile:9,Bonus,Tile:8,Tile:8,Tile:6,Tile:6,Tile:9,Tile:5,Tile:0,Map,Tile:7,Tile:2,Map,Tile:4,Tile:5,Tile:7,Tile:6,Tile:8,Map,Tile:12,Malus,Destroy-Tile:6,Tile:0,Bonus,Tile:5,Tile:10,Tile:3,Tile:10-Destroy,Map,Tile:5,Tile:11,Map,Map,Tile:0-Tile:hidden2,Tile:nugget,Tile:hidden1
Tile:6_flip 6 5 1
Map 12 7 0
Tile:0 7 5 1
Tile:11 6 6 0
Tile:8 8 5 1
Tile:5 8 4 0
Tile:0 9 5 1
Tile:0 7 6 0
Drop 3 0 1
Tile:6 10 5 0
Tile:9 5 4 1
Drop 1 0 0
Tile:10 5 6 1
Map 12 5 0
Drop 0 0 1
Drop 5 0 0
Tile:7 10 4 1
Drop 5 0 0
Drop 6 0 1
Destroy 5 4 0
Tile:5_flip 8 6 1
Tile:7 5 4 0
Drop 0 0 1
Drop 5 0 0
Tile:8 11 5 1
GAMEOVER WINNER 1
# Game ended: Thu Apr 09 16:55:04 EDT 2020
