# Server version 0.08 running on nuris-mbp:8123
# Game ID: 63
# Board class: Saboteur.SaboteurBoard
# Timeout: 20000
# First Move Timeout: 30000
# Date: Wed Apr 08 18:48:21 EDT 2020
# Player 1: Player-0, '260713804', running on nuris-mbp
# Player 2: Player-1, 'RandomPlayer', running on nuris-mbp
START Player-0 260713804
START Player-1 RandomPlayer
BoardInit:Tile:5,Tile:5,Tile:8,Map,Tile:13,Tile:8,Tile:6,Map,Tile:0,Tile:7,Bonus,Tile:14,Map,Destroy,Tile:5,Tile:7,Destroy,Tile:7,Tile:8,Tile:10,Tile:9,Tile:7,Tile:9,Tile:15,Map,Tile:0,Map,Tile:4,Map,Tile:10,Tile:11,Tile:2,Tile:10,Bonus,Tile:6,Bonus,Tile:3,Tile:9,Tile:1,Tile:6,Tile:6-Tile:9,Destroy,Tile:5,Tile:0,Tile:9,Tile:6,Malus-Tile:7,Malus,Bonus,Tile:12,Tile:8,Tile:8,Tile:0-Tile:nugget,Tile:hidden1,Tile:hidden2
Tile:6 6 5 1
Tile:0 7 5 0
Tile:9 5 6 1
Tile:8 8 5 0
Tile:9_flip 8 6 1
Map 12 5 0
Drop 2 0 1
Tile:8 9 5 0
Tile:6_flip 6 6 1
Map 12 3 0
Tile:8 8 7 1
Tile:8 10 5 0
Destroy 5 6 1
Drop 2 0 0
Map 12 7 1
Drop 2 0 0
Tile:5_flip 11 5 1
Drop 4 0 0
Destroy 8 6 1
Drop 4 0 0
Tile:13 8 4 1
Tile:10 10 4 0
Tile:9 6 4 1
Tile:5 10 3 0
Tile:8 9 6 1
Drop 6 0 0
Tile:9 8 6 1
Tile:0 11 3 0
GAMEOVER WINNER 0
# Game ended: Wed Apr 08 18:48:22 EDT 2020
