# Server version 0.08 running on nuris-mbp:8123
# Game ID: 66
# Board class: Saboteur.SaboteurBoard
# Timeout: 20000
# First Move Timeout: 30000
# Date: Wed Apr 08 19:00:58 EDT 2020
# Player 1: Player-0, '260713804', running on nuris-mbp
# Player 2: Player-1, 'RandomPlayer', running on nuris-mbp
START Player-0 260713804
START Player-1 RandomPlayer
BoardInit:Tile:9,Tile:15,Tile:9,Tile:11,Tile:7,Bonus,Tile:1,Tile:6,Tile:5,Tile:8,Tile:8,Bonus,Tile:7,Tile:6,Tile:10,Tile:4,Tile:7,Bonus,Tile:6,Tile:7,Destroy,Malus,Tile:5,Tile:13,Bonus,Map,Tile:8,Tile:7,Tile:6,Tile:10,Tile:2,Tile:14,Tile:0,Tile:3,Tile:12,Tile:0,Map,Map,Map,Tile:0,Tile:9-Map,Tile:9,Tile:0,Tile:10,Tile:8,Tile:6,Destroy-Map,Tile:5,Tile:8,Tile:5,Malus,Destroy,Tile:9-Tile:nugget,Tile:hidden1,Tile:hidden2
Tile:0 4 5 1
Map 12 5 0
Tile:6 3 5 1
Tile:8 6 5 0
Tile:9 5 4 1
Drop 3 0 0
Tile:7 6 4 1
Drop 4 0 0
Tile:9 5 6 1
Tile:6 7 5 0
Drop 3 0 1
Tile:8 8 5 0
Tile:10 3 4 1
Drop 4 0 0
Tile:7 8 4 1
Tile:6 9 5 0
Tile:9 7 4 1
Drop 4 0 0
Tile:10 5 7 1
Drop 4 0 0
Map 12 7 1
Drop 4 0 0
Tile:7 10 5 1
Tile:9 10 6 0
Tile:6 6 6 1
Drop 3 0 0
Tile:8 11 6 1
Map 12 3 0
Drop 6 0 1
Drop 5 0 0
Tile:5_flip 11 7 1
Tile:5 7 3 0
Destroy 4 5 1
Drop 6 0 0
Tile:5 5 3 1
Drop 6 0 0
Tile:6 5 8 1
Tile:0 8 3 0
Tile:2 4 5 1
Drop 6 0 0
Tile:8 10 7 1
Tile:0 9 3 0
Tile:0 4 8 1
Tile:5_flip 12 6 0
Tile:12_flip 9 7 1
Tile:7 6 8 0
Tile:9_flip 4 6 1
Tile:7_flip 10 8 0
Tile:1 11 8 1
Malus 0 0 0
Map 12 3 1
Malus 0 0 0
Bonus 0 0 1
Drop 0 0 0
Drop 0 0 1
GAMEOVER DRAW
# Game ended: Wed Apr 08 19:00:59 EDT 2020
