# Server version 0.08 running on nuris-mbp:8123
# Game ID: 57
# Board class: Saboteur.SaboteurBoard
# Timeout: 20000
# First Move Timeout: 30000
# Date: Wed Apr 01 13:00:18 EDT 2020
# Player 1: Player-0, '260713804', running on nuris-mbp
# Player 2: Player-1, 'RandomPlayer', running on nuris-mbp
START Player-0 260713804
START Player-1 RandomPlayer
BoardInit:Bonus,Tile:7,Tile:8,Bonus,Map,Tile:11,Tile:7,Destroy,Map,Bonus,Tile:7,Tile:0,Tile:5,Map,Tile:6,Tile:9,Tile:9,Tile:6,Tile:13,Malus,Map,Tile:15,Tile:10,Tile:1,Tile:10,Tile:6,Tile:6,Tile:7,Tile:8,Tile:6,Tile:7,Tile:2,Tile:8,Tile:12,Tile:10,Tile:9,Tile:5,Bonus,Tile:0,Tile:0,Tile:14-Map,Tile:9,Tile:3,Tile:4,Tile:8,Tile:8,Destroy-Malus,Map,Tile:5,Tile:5,Tile:9,Tile:0,Destroy-Tile:hidden1,Tile:nugget,Tile:hidden2
Tile:3 6 5 1
Map 12 3 0
Map 12 5 1
Tile:5 5 4 0
Tile:8 5 6 1
Tile:0 6 4 0
Drop 2 0 1
Tile:9_flip 6 6 0
Destroy 6 4 1
Tile:11 6 7 0
Drop 2 0 1
Destroy 6 5 0
Tile:7 7 7 1
Drop 1 0 0
Tile:5 4 5 1
Map 12 3 0
Tile:4_flip 6 8 1
Tile:7 6 4 0
Tile:8 6 5 1
Tile:9 7 8 0
Map 12 3 1
Tile:0 8 8 0
Tile:13 7 9 1
Drop 3 0 0
Tile:7_flip 7 10 1
Destroy 5 6 0
Tile:9_flip 8 10 1
Tile:6 8 11 0
Drop 2 0 1
Tile:6_flip 8 9 0
Tile:6 9 9 1
Tile:7_flip 5 6 0
Map 12 7 1
Tile:6_flip 9 11 0
Tile:8 10 11 1
Tile:12 10 9 0
Tile:6_flip 7 5 1
Drop 1 0 0
Tile:10 9 12 1
Tile:15 10 12 0
Tile:10 4 6 1
Tile:9_flip 11 11 0
Tile:14_flip 6 9 1
Tile:2 8 5 0
Tile:10 4 7 1
Tile:0 9 5 0
Drop 1 0 1
Malus 0 0 0
Map 12 7 1
Drop 1 0 0
Drop 0 0 1
Drop 0 0 0
Drop 1 0 1
Drop 0 0 0
Drop 0 0 1
GAMEOVER DRAW
# Game ended: Wed Apr 01 13:00:18 EDT 2020
