# Server version 0.08 running on nuris-mbp:8123
# Game ID: 21
# Board class: Saboteur.SaboteurBoard
# Timeout: 20000
# First Move Timeout: 30000
# Date: Wed Apr 08 22:04:48 EDT 2020
# Player 1: Player-0, '260713804', running on nuris-mbp
# Player 2: Player-1, 'RandomPlayer', running on nuris-mbp
START Player-0 260713804
START Player-1 RandomPlayer
BoardInit:Bonus,Tile:8,Map,Tile:10,Map,Tile:10,Tile:6,Bonus,Tile:9,Tile:8,Tile:0,Tile:9,Map,Map,Map,Tile:13,Tile:9,Tile:6,Bonus,Tile:5,Map,Tile:0,Tile:4,Tile:14,Tile:5,Destroy,Tile:8,Tile:0,Destroy,Tile:6,Tile:15,Tile:11,Malus,Tile:3,Tile:9,Tile:7,Tile:5,Tile:12,Tile:8,Tile:10,Tile:6-Tile:5,Tile:8,Tile:9,Tile:2,Tile:0,Tile:7,Tile:6-Tile:7,Malus,Destroy,Tile:1,Tile:7,Bonus,Tile:7-Tile:hidden1,Tile:nugget,Tile:hidden2
Tile:6 4 5 1
Drop 2 0 0
Tile:2 6 5 1
Tile:8 5 4 0
Tile:9 5 6 1
Drop 2 0 0
Tile:5_flip 6 4 1
Drop 3 0 0
Tile:7 5 3 1
Drop 6 0 0
Tile:9_flip 7 5 1
Tile:8 7 6 0
Drop 0 0 1
Tile:7_flip 7 7 0
Drop 3 0 1
Map 12 5 0
Drop 1 0 1
Drop 6 0 0
Map 12 5 1
Tile:6 8 6 0
Tile:0 8 7 1
Tile:9 8 5 0
Tile:9 5 7 1
Tile:0 9 5 0
Tile:6 6 6 1
Drop 6 0 0
Tile:4 6 3 1
Drop 6 0 0
Map 12 5 1
Tile:0 10 5 0
Map 12 7 1
Tile:6_flip 11 5 0
GAMEOVER WINNER 0
# Game ended: Wed Apr 08 22:04:48 EDT 2020
