# Server version 0.08 running on nuris-mbp:8123
# Game ID: 172
# Board class: Saboteur.SaboteurBoard
# Timeout: 20000
# First Move Timeout: 30000
# Date: Mon Apr 06 14:45:36 EDT 2020
# Player 1: Player-0, '260713804', running on nuris-mbp
# Player 2: Player-1, 'RandomPlayer', running on nuris-mbp
START Player-0 260713804
START Player-1 RandomPlayer
BoardInit:Tile:7,Tile:7,Tile:5,Tile:7,Destroy,Tile:6,Tile:2,Tile:1,Tile:10,Tile:9,Tile:9,Destroy,Tile:10,Tile:6,Tile:11,Tile:0,Tile:5,Map,Tile:9,Map,Map,Tile:8,Tile:4,Tile:14,Malus,Tile:12,Tile:7,Map,Bonus,Tile:13,Tile:0,Bonus,Tile:0,Tile:8,Tile:7,Map,Tile:6,Tile:5,Tile:8,Tile:6,Bonus-Tile:9,Bonus,Tile:5,Destroy,Tile:6,Tile:15,Tile:10-Tile:0,Tile:8,Tile:9,Tile:8,Map,Malus,Tile:3-Tile:nugget,Tile:hidden2,Tile:hidden1
Tile:5 4 5 1
Map 12 5 0
Tile:9 4 6 1
Drop 0 0 0
Tile:6 4 7 1
Tile:8 6 5 0
Destroy 4 7 1
Drop 0 0 0
Tile:5_flip 7 5 1
Tile:8 7 4 0
Tile:7 7 3 1
Drop 0 0 0
Tile:9_flip 4 7 1
Drop 0 0 0
Drop 2 0 1
Drop 0 0 0
Drop 5 0 1
Drop 0 0 0
Tile:11_flip 8 4 1
Map 12 7 0
Drop 3 0 1
Map 12 7 0
Destroy 7 5 1
Drop 0 0 0
Tile:5 6 4 1
Drop 0 0 0
Tile:15 8 5 1
Drop 0 0 0
Tile:10 8 3 1
Map 12 7 0
Tile:9 4 8 1
Drop 0 0 0
Tile:0 5 8 1
Drop 0 0 0
Drop 2 0 1
Tile:8 8 6 0
Tile:7_flip 3 7 1
Map 12 7 0
Tile:7 3 6 1
Drop 0 0 0
Tile:6_flip 8 2 1
Drop 0 0 0
Tile:0 7 2 1
Drop 0 0 0
Drop 4 0 1
Drop 0 0 0
Drop 0 0 1
Tile:8 9 6 0
Map 12 3 1
Drop 0 0 0
Drop 0 0 1
Drop 0 0 0
Drop 1 0 1
Drop 0 0 0
Drop 0 0 1
GAMEOVER DRAW
# Game ended: Mon Apr 06 14:45:36 EDT 2020
