# Server version 0.08 running on nuris-mbp:8123
# Game ID: 40
# Board class: Saboteur.SaboteurBoard
# Timeout: 20000
# First Move Timeout: 30000
# Date: Thu Apr 09 14:21:05 EDT 2020
# Player 1: Player-0, '260713804', running on nuris-mbp
# Player 2: Player-1, 'RandomPlayer', running on nuris-mbp
START Player-0 260713804
START Player-1 RandomPlayer
BoardInit:Tile:9,Tile:5,Map,Tile:15,Tile:6,Bonus,Tile:8,Tile:0,Destroy,Bonus,Tile:5,Tile:8,Map,Tile:8,Tile:7,Bonus,Tile:3,Tile:14,Malus,Tile:8,Tile:2,Tile:6,Tile:4,Tile:9,Tile:7,Tile:7,Map,Tile:0,Tile:7,Bonus,Map,Tile:0,Tile:11,Tile:10,Tile:13,Map,Tile:7,Tile:9,Malus,Tile:0,Tile:6-Tile:9,Tile:10,Destroy,Tile:8,Tile:12,Tile:9,Tile:6-Tile:6,Tile:1,Map,Tile:10,Tile:5,Tile:5,Destroy-Tile:hidden2,Tile:hidden1,Tile:nugget
Tile:9_flip 6 5 1
Map 12 5 0
Drop 1 0 1
Tile:10 6 4 0
Tile:6 4 5 1
Tile:5 6 3 0
Tile:8 4 4 1
Tile:6_flip 7 3 0
Tile:9 4 3 1
Tile:0 8 3 0
Tile:12_flip 3 5 1
Destroy 3 5 0
Tile:5 3 5 1
Tile:8 9 3 0
Drop 3 0 1
Tile:8 10 3 0
Destroy 3 5 1
Tile:5_flip 5 6 0
Tile:3_flip 3 5 1
Drop 0 0 0
Drop 6 0 1
Tile:8 11 3 0
Tile:2 4 6 1
Drop 0 0 0
Tile:4_flip 7 4 1
Tile:9_flip 12 4 0
Drop 3 0 1
Drop 0 0 0
Tile:7_flip 11 4 1
Drop 0 0 0
Tile:7_flip 6 6 1
Drop 0 0 0
Tile:9_flip 5 4 1
Drop 0 0 0
Tile:11 10 2 1
Tile:10 12 6 0
GAMEOVER WINNER 0
# Game ended: Thu Apr 09 14:21:06 EDT 2020
