# Server version 0.08 running on nuris-mbp:8123
# Game ID: 187
# Board class: Saboteur.SaboteurBoard
# Timeout: 20000
# First Move Timeout: 30000
# Date: Tue Apr 07 12:00:59 EDT 2020
# Player 1: Player-0, '260713804', running on nuris-mbp
# Player 2: Player-1, 'RandomPlayer', running on nuris-mbp
START Player-0 260713804
START Player-1 RandomPlayer
BoardInit:Tile:3,Tile:5,Malus,Tile:9,Tile:0,Bonus,Destroy,Bonus,Map,Tile:9,Map,Tile:10,Tile:5,Map,Map,Tile:7,Tile:5,Tile:1,Map,Tile:4,Tile:8,Tile:5,Tile:8,Tile:7,Tile:6,Tile:2,Tile:14,Tile:8,Tile:6,Tile:9,Tile:8,Map,Tile:12,Tile:7,Bonus,Tile:8,Tile:15,Tile:0,Tile:6,Malus,Destroy-Tile:0,Tile:9,Tile:6,Tile:13,Tile:7,Tile:9,Tile:6-Tile:7,Destroy,Tile:0,Tile:11,Tile:10,Bonus,Tile:10-Tile:hidden1,Tile:nugget,Tile:hidden2
Tile:9 4 5 1
Drop 0 0 0
Drop 5 0 1
Drop 0 0 0
Tile:9 5 6 1
Drop 0 0 0
Drop 2 0 1
Drop 0 0 0
Tile:3 4 4 1
Drop 0 0 0
Drop 2 0 1
Drop 0 0 0
Map 12 3 1
Drop 0 0 0
Tile:6_flip 3 4 1
Drop 0 0 0
Map 12 7 1
Drop 0 0 0
Drop 1 0 1
Drop 0 0 0
Tile:0 2 4 1
Drop 0 0 0
Destroy 5 6 1
Drop 0 0 0
Tile:5 1 4 1
Drop 0 0 0
Tile:8 5 6 1
Drop 0 0 0
Tile:6 1 5 1
Drop 0 0 0
Tile:8 4 6 1
Drop 0 0 0
Map 12 5 1
Drop 0 0 0
Tile:6_flip 0 5 1
Drop 0 0 0
Tile:8 6 5 1
Drop 0 0 0
Tile:14 3 5 1
Drop 0 0 0
Tile:6 4 7 1
Drop 1 0 0
Drop 0 0 1
Drop 1 0 0
Tile:12_flip 3 6 1
Tile:8 7 5 0
Destroy 3 6 1
Drop 0 0 0
Tile:15 0 6 1
Tile:8 8 5 0
Tile:5_flip 6 6 1
Drop 0 0 0
Map 12 3 1
Drop 0 0 0
Drop 0 0 1
GAMEOVER DRAW
# Game ended: Tue Apr 07 12:00:59 EDT 2020
