# Server version 0.08 running on nuris-mbp:8123
# Game ID: 219
# Board class: Saboteur.SaboteurBoard
# Timeout: 20000
# First Move Timeout: 30000
# Date: Tue Apr 07 20:42:20 EDT 2020
# Player 1: Player-0, '260713804', running on nuris-mbp
# Player 2: Player-1, '260713804', running on nuris-mbp
START Player-0 260713804
START Player-1 260713804
BoardInit:Tile:9,Tile:13,Tile:2,Tile:7,Tile:8,Tile:0,Tile:9,Destroy,Destroy,Bonus,Tile:11,Tile:5,Tile:4,Map,Tile:6,Tile:3,Tile:6,Tile:7,Tile:8,Bonus,Tile:9,Bonus,Tile:10,Tile:0,Tile:8,Malus,Tile:0,Tile:7,Tile:0,Malus,Tile:12,Tile:6,Tile:10,Tile:5,Tile:9,Bonus,Destroy,Tile:10,Tile:5,Tile:15,Map-Tile:6,Map,Tile:8,Tile:8,Tile:14,Map,Tile:7-Tile:7,Tile:5,Tile:9,Tile:1,Map,Tile:6,Map-Tile:hidden2,Tile:nugget,Tile:hidden1
Tile:8 5 6 1
Drop 0 0 0
Drop 0 0 1
Drop 0 0 0
Drop 0 0 1
Drop 0 0 0
Drop 0 0 1
Drop 0 0 0
Drop 0 0 1
Drop 0 0 0
Drop 0 0 1
Drop 0 0 0
Drop 0 0 1
Drop 0 0 0
Drop 0 0 1
Drop 0 0 0
Drop 0 0 1
Drop 0 0 0
Drop 0 0 1
Drop 1 0 0
Drop 0 0 1
Drop 1 0 0
Drop 0 0 1
Drop 1 0 0
Drop 0 0 1
Drop 1 0 0
Drop 0 0 1
Drop 1 0 0
Drop 0 0 1
Drop 1 0 0
Drop 0 0 1
Drop 1 0 0
Drop 0 0 1
Drop 1 0 0
Drop 0 0 1
Drop 2 0 0
Drop 0 0 1
Drop 2 0 0
Drop 0 0 1
Drop 2 0 0
Drop 2 0 1
Drop 2 0 0
Drop 2 0 1
Drop 2 0 0
Drop 2 0 1
Drop 2 0 0
Drop 2 0 1
Drop 2 0 0
Drop 2 0 1
Drop 2 0 0
Drop 2 0 1
Tile:0 6 5 0
Tile:0 6 6 1
Tile:0 4 5 0
Drop 0 0 1
GAMEOVER DRAW
# Game ended: Tue Apr 07 20:42:20 EDT 2020
