# Server version 0.08 running on nuris-mbp:8123
# Game ID: 34
# Board class: Saboteur.SaboteurBoard
# Timeout: 20000
# First Move Timeout: 30000
# Date: Thu Apr 09 14:20:30 EDT 2020
# Player 1: Player-0, '260713804', running on nuris-mbp
# Player 2: Player-1, 'RandomPlayer', running on nuris-mbp
START Player-0 260713804
START Player-1 RandomPlayer
BoardInit:Tile:7,Tile:9,Malus,Tile:3,Tile:6,Tile:6,Tile:7,Tile:13,Map,Tile:7,Tile:4,Tile:9,Tile:0,Tile:6,Map,Tile:9,Tile:8,Tile:6,Tile:12,Destroy,Bonus,Tile:10,Malus,Tile:5,Tile:11,Tile:8,Tile:5,Destroy,Tile:14,Tile:2,Tile:7,Destroy,Map,Bonus,Tile:6,Tile:15,Bonus,Bonus,Tile:8,Map,Tile:0-Tile:7,Tile:8,Tile:5,Tile:9,Tile:5,Map,Tile:10-Map,Tile:9,Tile:8,Tile:10,Tile:1,Tile:0,Tile:0-Tile:nugget,Tile:hidden2,Tile:hidden1
Map 12 3 1
Map 12 5 0
Tile:9_flip 5 4 1
Tile:8 6 5 0
Tile:8 5 3 1
Tile:0 6 3 0
Tile:7 7 3 1
Tile:6_flip 7 5 0
Tile:5_flip 7 6 1
Tile:0 8 5 0
Map 12 7 1
Drop 2 0 0
Tile:4 6 4 1
Drop 3 0 0
Tile:6 5 6 1
Tile:6_flip 9 5 0
Tile:7_flip 7 4 1
Drop 3 0 0
Tile:5 5 2 1
Tile:6_flip 10 5 0
Tile:12_flip 4 4 1
Destroy 4 4 0
Tile:8 4 6 1
Tile:9 4 3 0
Drop 4 0 1
Drop 1 0 0
Tile:10 4 2 1
Tile:8 11 5 0
Tile:7 12 4 1
Destroy 6 4 0
Drop 1 0 1
Drop 6 0 0
Tile:11_flip 11 6 1
Destroy 11 6 0
Tile:14 9 6 1
Tile:5 4 1 0
Drop 3 0 1
Drop 6 0 0
Tile:6_flip 11 4 1
Drop 0 0 0
Map 12 7 1
Map 12 3 0
Tile:8 13 5 1
Tile:7_flip 10 4 0
Malus 0 0 1
Bonus 0 0 0
Drop 3 0 1
Tile:9 10 3 0
Tile:0 5 1 1
Tile:10 11 6 0
Tile:7_flip 11 7 1
Tile:9 13 6 0
Malus 0 0 1
Bonus 0 0 0
Drop 0 0 1
GAMEOVER DRAW
# Game ended: Thu Apr 09 14:20:31 EDT 2020
