# Server version 0.08 running on nuris-mbp:8123
# Game ID: 160
# Board class: Saboteur.SaboteurBoard
# Timeout: 20000
# First Move Timeout: 30000
# Date: Fri Apr 03 14:13:13 EDT 2020
# Player 1: Player-0, '260713804', running on nuris-mbp
# Player 2: Player-1, 'RandomPlayer', running on nuris-mbp
START Player-0 260713804
START Player-1 RandomPlayer
BoardInit:Tile:8,Map,Map,Tile:3,Tile:13,Tile:7,Bonus,Tile:5,Tile:8,Map,Tile:2,Tile:5,Tile:6,Destroy,Bonus,Map,Tile:7,Tile:4,Tile:0,Tile:6,Tile:0,Map,Tile:11,Tile:8,Tile:12,Tile:7,Tile:0,Tile:10,Tile:5,Tile:9,Tile:15,Tile:8,Tile:6,Bonus,Tile:6,Tile:14,Bonus,Map,Tile:0,Tile:9,Tile:8-Destroy,Tile:10,Tile:6,Tile:7,Tile:10,Tile:5,Tile:9-Destroy,Tile:7,Malus,Tile:1,Tile:9,Tile:9,Malus-Tile:hidden1,Tile:hidden2,Tile:nugget
Tile:9 4 5 1
Drop 3 0 0
Tile:6_flip 6 5 1
Map 12 3 0
Drop 2 0 1
Drop 6 0 0
Tile:8 5 6 1
Drop 6 0 0
Destroy 6 5 1
Tile:9_flip 5 7 0
Tile:10 4 4 1
Map 12 5 0
Tile:2_flip 4 6 1
Tile:7_flip 3 6 0
Tile:6_flip 4 7 1
Drop 2 0 0
Tile:5 4 3 1
Map 12 5 0
Tile:7_flip 5 8 1
Drop 6 0 0
Tile:13 6 8 1
Destroy 5 6 0
Drop 5 0 1
Map 12 5 0
Tile:8 6 5 1
Destroy 4 5 0
Tile:11 6 7 1
Tile:8 4 5 0
Drop 2 0 1
Tile:5_flip 7 8 0
Tile:10 5 4 1
Malus 0 0 0
Bonus 0 0 1
Tile:6_flip 7 7 0
Tile:5_flip 6 9 1
Tile:9_flip 8 7 0
Tile:6_flip 5 9 1
Drop 6 0 0
Tile:6_flip 7 5 1
Map 12 5 0
Tile:15 4 8 1
Tile:10 8 8 0
Tile:12 8 5 1
Tile:8 4 9 0
Drop 2 0 1
Drop 1 0 0
Tile:8 4 10 1
Tile:9 3 10 0
Map 12 3 1
Tile:7_flip 8 9 0
Tile:0 3 7 1
Drop 1 0 0
Drop 0 0 1
Drop 0 0 0
Drop 0 0 1
GAMEOVER DRAW
# Game ended: Fri Apr 03 14:13:13 EDT 2020
