# Server version 0.08 running on nuris-mbp:8123
# Game ID: 182
# Board class: Saboteur.SaboteurBoard
# Timeout: 20000
# First Move Timeout: 30000
# Date: Tue Apr 07 11:55:30 EDT 2020
# Player 1: Player-0, '260713804', running on nuris-mbp
# Player 2: Player-1, 'RandomPlayer', running on nuris-mbp
START Player-0 260713804
START Player-1 RandomPlayer
BoardInit:Tile:8,Bonus,Tile:8,Tile:10,Tile:9,Tile:7,Tile:6,Destroy,Tile:7,Tile:7,Tile:5,Tile:8,Tile:5,Destroy,Map,Tile:10,Tile:6,Tile:8,Bonus,Map,Tile:7,Tile:13,Tile:9,Bonus,Map,Map,Tile:1,Tile:0,Tile:5,Tile:7,Tile:0,Tile:11,Tile:10,Tile:14,Destroy,Tile:6,Bonus,Map,Tile:9,Tile:5,Tile:4-Tile:3,Tile:2,Malus,Tile:0,Malus,Tile:6,Tile:8-Tile:12,Tile:15,Tile:9,Tile:6,Tile:9,Tile:0,Map-Tile:hidden1,Tile:nugget,Tile:hidden2
Tile:8 5 4 1
Drop 0 0 0
Tile:3 5 3 1
Drop 0 0 0
Tile:8 4 3 1
Drop 0 0 0
Tile:2_flip 3 3 1
Drop 0 0 0
Tile:6 6 5 1
Drop 0 0 0
Tile:7_flip 4 5 1
Drop 0 0 0
Tile:8 2 3 1
Drop 0 0 0
Tile:5 3 2 1
Drop 0 0 0
Malus 0 0 1
Drop 0 0 0
Drop 1 0 1
Drop 0 0 0
Tile:6 1 3 1
Drop 0 0 0
Tile:9_flip 4 2 1
Drop 0 0 0
Tile:9_flip 2 2 1
Drop 1 0 0
Map 12 7 1
Drop 1 0 0
Tile:6_flip 6 4 1
Drop 2 0 0
Drop 3 0 1
Drop 2 0 0
Tile:5 4 1 1
Drop 2 0 0
Tile:10 2 1 1
Drop 2 0 0
Map 12 5 1
Drop 2 0 0
Destroy 4 1 1
Drop 2 0 0
Tile:0 7 4 1
Drop 2 0 0
Tile:5 1 2 1
Drop 2 0 0
Drop 2 0 1
Drop 2 0 0
Tile:9 0 3 1
Drop 2 0 0
Tile:1 8 4 1
Drop 2 0 0
Tile:4 2 0 1
Drop 1 0 0
Drop 1 0 1
Drop 0 0 0
Drop 0 0 1
GAMEOVER DRAW
# Game ended: Tue Apr 07 11:55:30 EDT 2020
