# Server version 0.08 running on nuris-mbp:8123
# Game ID: 22
# Board class: Saboteur.SaboteurBoard
# Timeout: 20000
# First Move Timeout: 30000
# Date: Wed Apr 08 22:04:54 EDT 2020
# Player 1: Player-0, '260713804', running on nuris-mbp
# Player 2: Player-1, 'RandomPlayer', running on nuris-mbp
START Player-0 260713804
START Player-1 RandomPlayer
BoardInit:Tile:6,Tile:9,Tile:2,Tile:15,Tile:8,Tile:9,Tile:4,Tile:3,Tile:8,Tile:10,Tile:5,Tile:9,Map,Destroy,Tile:7,Tile:0,Map,Tile:8,Tile:11,Tile:8,Tile:6,Map,Tile:12,Tile:9,Tile:7,Map,Tile:1,Bonus,Tile:8,Tile:6,Bonus,Destroy,Map,Tile:5,Bonus,Tile:9,Tile:13,Tile:6,Tile:7,Bonus,Tile:6-Tile:5,Tile:0,Malus,Tile:7,Tile:5,Tile:0,Malus-Map,Tile:14,Destroy,Tile:7,Tile:0,Tile:10,Tile:10-Tile:hidden1,Tile:nugget,Tile:hidden2
Drop 2 0 1
Map 12 5 0
Tile:5 5 4 1
Tile:0 6 5 0
Tile:0 7 5 1
Drop 0 0 0
Tile:8 8 5 1
Drop 0 0 0
Tile:5_flip 9 5 1
Tile:9 8 4 0
Tile:6_flip 8 3 1
Drop 3 0 0
Tile:7_flip 7 3 1
Drop 4 0 0
Tile:5_flip 9 3 1
Drop 6 0 0
Map 12 7 1
Tile:7 9 4 0
Tile:7 9 2 1
Tile:8 8 6 0
Tile:8 4 5 1
Tile:0 9 6 0
Tile:0 10 6 1
Drop 6 0 0
Tile:2 7 2 1
Tile:9 8 7 0
Tile:11 4 6 1
Drop 6 0 0
Drop 0 0 1
Drop 6 0 0
Tile:4 4 4 1
Drop 3 0 0
Tile:1 8 2 1
Drop 6 0 0
Tile:8 4 7 1
Drop 2 0 0
Tile:12_flip 7 6 1
Tile:9_flip 5 7 0
Tile:13 5 6 1
Tile:6 3 7 0
Drop 2 0 1
Drop 6 0 0
Drop 5 0 1
Tile:8 3 5 0
Drop 4 0 1
Tile:6_flip 9 7 0
Tile:6_flip 11 6 1
Tile:5_flip 6 4 0
Tile:6 4 8 1
Drop 1 0 0
Map 12 3 1
Tile:10 6 3 0
Map 12 3 1
Tile:9_flip 3 4 0
Drop 0 0 1
GAMEOVER DRAW
# Game ended: Wed Apr 08 22:04:55 EDT 2020
