# Server version 0.08 running on nuris-mbp:8123
# Game ID: 27
# Board class: Saboteur.SaboteurBoard
# Timeout: 20000
# First Move Timeout: 30000
# Date: Wed Apr 08 18:09:02 EDT 2020
# Player 1: Player-0, '260713804', running on nuris-mbp
# Player 2: Player-1, 'RandomPlayer', running on nuris-mbp
START Player-0 260713804
START Player-1 RandomPlayer
BoardInit:Tile:6,Tile:8,Map,Tile:10,Tile:6,Bonus,Tile:5,Map,Tile:7,Tile:0,Map,Tile:6,Tile:10,Tile:8,Tile:3,Tile:0,Tile:5,Tile:6,Tile:7,Destroy,Tile:14,Tile:1,Tile:7,Tile:8,Destroy,Bonus,Tile:13,Tile:0,Tile:8,Tile:15,Tile:9,Tile:9,Tile:12,Tile:7,Tile:5,Tile:2,Map,Tile:9,Bonus,Bonus,Tile:11-Tile:4,Tile:8,Tile:10,Destroy,Tile:5,Tile:9,Tile:7-Malus,Tile:0,Map,Tile:9,Tile:6,Map,Malus-Tile:nugget,Tile:hidden2,Tile:hidden1
Tile:4_flip 5 6 1
Map 12 5 0
Tile:6_flip 6 5 1
Map 12 3 0
Tile:7_flip 6 6 1
Tile:0 7 5 0
Tile:6 4 5 1
Tile:8 8 5 0
Tile:5 4 4 1
Tile:6 9 5 0
Drop 3 0 1
Tile:0 10 5 0
Tile:7 11 5 1
Tile:10 8 4 0
Drop 5 0 1
Tile:8 8 3 0
Tile:10 8 2 1
Tile:0 9 3 0
Tile:5_flip 8 6 1
Tile:6 10 3 0
Tile:7 11 3 1
Tile:6_flip 10 2 0
Tile:3_flip 7 3 1
Drop 0 0 0
Tile:5_flip 11 2 1
Tile:8 11 1 0
Destroy 8 4 1
Tile:9 8 4 0
Tile:7_flip 11 4 1
Drop 0 0 0
Tile:8 5 4 1
Drop 0 0 0
Tile:14 12 1 1
Drop 1 0 0
Tile:8 11 6 1
Drop 1 0 0
Destroy 9 5 1
Drop 1 0 0
Tile:5_flip 12 6 1
Drop 2 0 0
Tile:9_flip 12 4 1
GAMEOVER WINNER 1
# Game ended: Wed Apr 08 18:09:02 EDT 2020
