# Server version 0.08 running on nuris-mbp:8123
# Game ID: 195
# Board class: Saboteur.SaboteurBoard
# Timeout: 20000
# First Move Timeout: 30000
# Date: Tue Apr 07 16:32:11 EDT 2020
# Player 1: Player-0, '260713804', running on nuris-mbp
# Player 2: Player-1, 'RandomPlayer', running on nuris-mbp
START Player-0 260713804
START Player-1 RandomPlayer
BoardInit:Tile:8,Tile:7,Malus,Tile:12,Tile:7,Tile:10,Tile:0,Tile:10,Tile:7,Bonus,Tile:9,Tile:8,Tile:8,Tile:7,Destroy,Tile:4,Map,Tile:0,Tile:6,Map,Tile:10,Tile:6,Tile:6,Tile:8,Tile:5,Tile:1,Map,Tile:3,Map,Malus,Tile:6,Bonus,Map,Tile:5,Tile:0,Bonus,Bonus,Tile:9,Tile:14,Tile:8,Tile:5-Tile:11,Tile:2,Tile:15,Tile:6,Tile:9,Destroy,Tile:9-Tile:7,Tile:5,Tile:13,Map,Tile:9,Tile:0,Destroy-Tile:hidden1,Tile:nugget,Tile:hidden2
Tile:9 4 5 1
Drop 0 0 0
Tile:2 6 5 1
Drop 0 0 0
Tile:15 6 6 1
Drop 0 0 0
Tile:11_flip 4 6 1
Drop 0 0 0
Tile:0 3 6 1
Drop 0 0 0
