# Server version 0.08 running on nuris-mbp:8123
# Game ID: 141
# Board class: Saboteur.SaboteurBoard
# Timeout: 20000
# First Move Timeout: 30000
# Date: Fri Apr 03 13:12:29 EDT 2020
# Player 1: Player-0, '260713804', running on nuris-mbp
# Player 2: Player-1, 'RandomPlayer', running on nuris-mbp
START Player-0 260713804
START Player-1 RandomPlayer
BoardInit:Map,Tile:6,Bonus,Tile:9,Tile:8,Tile:9,Tile:10,Tile:9,Tile:10,Tile:7,Tile:9,Tile:1,Tile:7,Map,Bonus,Bonus,Malus,Tile:7,Tile:6,Tile:0,Tile:6,Tile:0,Tile:13,Map,Tile:12,Tile:8,Tile:0,Tile:7,Tile:6,Tile:2,Tile:15,Tile:0,Tile:6,Tile:3,Tile:5,Tile:8,Tile:7,Tile:5,Destroy,Tile:10,Malus-Tile:11,Map,Tile:4,Destroy,Tile:5,Tile:9,Tile:8-Bonus,Tile:14,Map,Tile:8,Destroy,Map,Tile:5-Tile:hidden1,Tile:hidden2,Tile:nugget
Tile:9_flip 5 6 1
Map 12 3 0
Map 12 7 1
Map 12 5 0
Tile:11_flip 6 5 1
Tile:5 4 6 0
Tile:4 6 4 1
Tile:9 4 7 0
Tile:10 6 6 1
Destroy 6 5 0
Tile:8 6 5 1
Tile:9_flip 5 7 0
Tile:8 4 8 1
Tile:1 7 5 0
Map 12 7 1
Map 12 5 0
Tile:10 5 4 1
Tile:6 5 8 0
Destroy 7 5 1
Tile:7_flip 4 5 0
Tile:7 4 4 1
Tile:14_flip 5 3 0
Tile:9 3 4 1
GAMEOVER ILLEGAL MOVE: Player 0, CardUsed: (Tile:Tile:8), PosOfUse: (7, 5) WINNER 1
# Game ended: Fri Apr 03 13:12:29 EDT 2020
