# Server version 0.08 running on nuris-mbp:8123
# Game ID: 2
# Board class: Saboteur.SaboteurBoard
# Timeout: 20000
# First Move Timeout: 30000
# Date: Wed Apr 08 22:02:47 EDT 2020
# Player 1: Player-0, '260713804', running on nuris-mbp
# Player 2: Player-1, 'RandomPlayer', running on nuris-mbp
START Player-0 260713804
START Player-1 RandomPlayer
BoardInit:Tile:9,Destroy,Tile:9,Tile:10,Map,Tile:0,Map,Tile:10,Tile:5,Malus,Tile:8,Tile:3,Tile:9,Destroy,Tile:6,Tile:1,Tile:5,Tile:0,Tile:7,Tile:12,Tile:9,Tile:6,Tile:0,Tile:2,Map,Bonus,Bonus,Tile:6,Tile:8,Tile:9,Map,Tile:4,Tile:11,Map,Bonus,Malus,Bonus,Tile:13,Tile:7,Tile:0,Tile:15-Tile:8,Tile:7,Tile:14,Tile:5,Tile:10,Tile:7,Tile:8-Tile:6,Tile:8,Tile:5,Map,Tile:6,Tile:7,Destroy-Tile:nugget,Tile:hidden1,Tile:hidden2
Tile:7 6 5 1
Map 12 5 0
Tile:5_flip 5 6 1
Tile:7_flip 6 6 0
Tile:9 4 6 1
Drop 4 0 0
Map 12 7 1
Drop 4 0 0
Drop 2 0 1
Tile:10 4 7 0
Tile:9_flip 7 6 1
Tile:8 4 5 0
Tile:8 7 7 1
Tile:6_flip 8 7 0
Tile:14 7 8 1
Tile:6_flip 9 7 0
Tile:9_flip 4 8 1
Tile:0 10 7 0
Tile:5 7 5 1
Tile:0 8 5 0
Tile:8 6 8 1
Drop 3 0 0
Tile:9 8 8 1
Tile:6_flip 9 5 0
Tile:7_flip 3 5 1
Drop 3 0 0
Tile:6_flip 11 7 1
Drop 3 0 0
Tile:7 3 4 1
Tile:6_flip 10 5 0
Tile:5 6 7 1
Drop 3 0 0
Tile:8 11 5 1
Tile:9_flip 12 4 0
GAMEOVER WINNER 0
# Game ended: Wed Apr 08 22:02:48 EDT 2020
