# Server version 0.08 running on nuris-mbp:8123
# Game ID: 119
# Board class: Saboteur.SaboteurBoard
# Timeout: 20000
# First Move Timeout: 30000
# Date: Thu Apr 02 18:06:02 EDT 2020
# Player 1: Player-0, '260713804', running on nuris-mbp
# Player 2: Player-1, 'RandomPlayer', running on nuris-mbp
START Player-0 260713804
START Player-1 RandomPlayer
BoardInit:Tile:7,Map,Tile:0,Tile:8,Tile:14,Tile:11,Bonus,Tile:0,Tile:6,Tile:9,Tile:1,Tile:5,Destroy,Tile:13,Tile:8,Tile:5,Tile:15,Tile:0,Tile:6,Tile:3,Tile:2,Bonus,Tile:6,Tile:7,Tile:7,Tile:9,Map,Tile:5,Tile:8,Bonus,Tile:7,Tile:10,Tile:6,Tile:12,Map,Malus,Destroy,Tile:9,Map,Map,Tile:5-Tile:10,Tile:8,Bonus,Tile:7,Map,Tile:4,Destroy-Tile:9,Tile:6,Tile:8,Malus,Tile:9,Tile:10,Tile:0-Tile:hidden1,Tile:hidden2,Tile:nugget
Tile:7_flip 5 6 1
Tile:9_flip 5 4 0
Drop 1 0 1
Map 12 3 0
Tile:7 5 3 1
Tile:9 4 5 0
Tile:4_flip 4 6 1
Tile:8 4 4 0
Tile:0 6 6 1
Tile:11 3 4 0
Tile:6 7 6 1
Tile:10 3 5 0
Map 12 5 1
Tile:9_flip 3 3 0
Tile:14 3 6 1
Tile:6_flip 3 2 0
Destroy 3 6 1
Drop 5 0 0
Tile:8 2 2 1
Tile:5 4 3 0
Tile:15 7 5 1
Malus 0 0 0
Drop 5 0 1
Tile:0 1 2 0
Destroy 7 6 1
Tile:7 2 1 0
Drop 5 0 1
Tile:3_flip 1 1 0
Drop 2 0 1
Tile:5_flip 3 6 0
Drop 3 0 1
Tile:9_flip 7 4 0
Map 12 7 1
Tile:8 0 2 0
Drop 0 0 1
Tile:5_flip 6 5 0
Map 12 7 1
Drop 4 0 0
Destroy 1 1 1
Tile:9 6 4 0
Drop 2 0 1
Map 12 5 0
Map 12 7 1
Tile:0 2 6 0
Drop 4 0 1
Drop 0 0 0
Drop 3 0 1
Tile:12 4 2 0
Drop 2 0 1
Drop 1 0 0
Drop 0 0 1
Drop 0 0 0
Drop 1 0 1
Drop 0 0 0
Drop 0 0 1
GAMEOVER DRAW
# Game ended: Thu Apr 02 18:06:02 EDT 2020
