# Server version 0.08 running on nuris-mbp:8123
# Game ID: 150
# Board class: Saboteur.SaboteurBoard
# Timeout: 20000
# First Move Timeout: 30000
# Date: Fri Apr 03 13:49:38 EDT 2020
# Player 1: Player-0, '260713804', running on nuris-mbp
# Player 2: Player-1, 'RandomPlayer', running on nuris-mbp
START Player-0 260713804
START Player-1 RandomPlayer
BoardInit:Tile:9,Tile:2,Malus,Tile:6,Map,Destroy,Tile:8,Map,Tile:0,Tile:0,Tile:6,Bonus,Tile:9,Tile:8,Tile:10,Tile:9,Tile:4,Tile:5,Tile:9,Bonus,Malus,Tile:0,Tile:6,Tile:5,Tile:6,Tile:0,Tile:3,Tile:7,Map,Bonus,Tile:5,Tile:8,Tile:5,Bonus,Tile:6,Tile:8,Tile:10,Tile:7,Tile:10,Tile:7,Destroy-Map,Map,Tile:8,Tile:14,Tile:15,Tile:1,Tile:7-Destroy,Tile:11,Map,Tile:9,Tile:7,Tile:13,Tile:12-Tile:nugget,Tile:hidden2,Tile:hidden1
Map 12 5 1
Map 12 3 0
Tile:14_flip 4 5 1
Drop 1 0 0
Tile:8 5 6 1
Drop 3 0 0
Tile:9_flip 6 5 1
Drop 3 0 0
Tile:8 6 6 1
Map 12 3 0
Drop 4 0 1
Drop 3 0 0
Map 12 7 1
Tile:6_flip 7 6 0
Tile:7 8 6 1
Tile:9 6 4 0
Tile:6 4 6 1
Tile:8 7 7 0
Tile:9_flip 5 4 1
Destroy 7 6 0
Map 12 7 1
Tile:9_flip 5 3 0
Tile:4 6 3 1
Tile:0 4 3 0
Tile:6_flip 3 6 1
Drop 1 0 0
Tile:10 3 7 1
Tile:5 5 2 0
Tile:6 6 7 1
Drop 5 0 0
Tile:0 7 4 1
Tile:0 4 4 0
Malus 0 0 1
Drop 2 0 0
Tile:5_flip 6 2 1
Drop 3 0 0
Tile:9_flip 6 1 1
Bonus 0 0 0
Tile:15 6 0 1
Tile:8 3 4 0
Tile:3_flip 2 6 1
Tile:7_flip 5 1 0
Destroy 2 6 1
Tile:8 8 7 0
Tile:10 5 0 1
Tile:7_flip 7 8 0
Tile:10 3 8 1
Tile:7 8 4 0
Tile:6 8 5 1
Tile:5_flip 9 5 0
Tile:5 9 4 1
Drop 0 0 0
Map 12 7 1
Drop 0 0 0
Tile:1 9 7 1
GAMEOVER DRAW
# Game ended: Fri Apr 03 13:49:39 EDT 2020
