# Server version 0.08 running on nuris-mbp:8123
# Game ID: 222
# Board class: Saboteur.SaboteurBoard
# Timeout: 20000
# First Move Timeout: 30000
# Date: Tue Apr 07 20:44:11 EDT 2020
# Player 1: Player-0, '260713804', running on nuris-mbp
# Player 2: Player-1, 'RandomPlayer', running on nuris-mbp
START Player-0 260713804
START Player-1 RandomPlayer
BoardInit:Tile:8,Tile:5,Bonus,Tile:0,Tile:10,Destroy,Tile:12,Tile:5,Tile:4,Tile:0,Map,Tile:9,Tile:14,Tile:2,Tile:6,Tile:6,Tile:7,Map,Tile:7,Tile:6,Map,Tile:0,Tile:6,Map,Bonus,Tile:7,Destroy,Map,Tile:8,Tile:5,Bonus,Tile:1,Tile:8,Tile:10,Tile:5,Tile:3,Malus,Tile:15,Tile:0,Tile:9,Map-Bonus,Tile:8,Tile:9,Tile:7,Tile:6,Tile:9,Destroy-Tile:9,Tile:11,Tile:10,Tile:13,Tile:7,Malus,Tile:8-Tile:hidden2,Tile:hidden1,Tile:nugget
Tile:6_flip 4 5 1
Drop 0 0 0
Tile:9 5 6 1
Drop 0 0 0
Tile:8 6 5 1
Drop 0 0 0
Tile:9 5 7 1
Drop 0 0 0
Tile:7 6 4 1
Drop 0 0 0
Tile:4_flip 5 8 1
Drop 0 0 0
Drop 0 0 1
Drop 0 0 0
Tile:14 6 6 1
Drop 0 0 0
Tile:10 4 6 1
Drop 1 0 0
Tile:6 7 5 1
Drop 1 0 0
Destroy 5 6 1
Drop 2 0 0
Tile:12 6 7 1
Drop 2 0 0
Map 12 3 1
Drop 2 0 0
Tile:6_flip 8 5 1
Drop 2 0 0
Destroy 4 6 1
Drop 2 0 0
Tile:8 5 6 1
Drop 3 0 0
Tile:8 5 4 1
Drop 3 0 0
Tile:7_flip 4 6 1
Tile:5 5 3 0
Tile:5_flip 6 3 1
Tile:1 9 5 0
Map 12 3 1
Tile:0 10 5 0
Drop 1 0 1
Tile:3 6 2 0
Tile:8 11 5 1
Tile:15 7 4 0
Drop 4 0 1
Tile:0 4 4 0
Drop 0 0 1
Tile:10 11 6 0
Malus 0 0 1
Drop 1 0 0
Map 12 3 1
Drop 0 0 0
Drop 1 0 1
Drop 0 0 0
Drop 0 0 1
GAMEOVER DRAW
# Game ended: Tue Apr 07 20:44:11 EDT 2020
