# Server version 0.08 running on nuris-mbp:8123
# Game ID: 105
# Board class: Saboteur.SaboteurBoard
# Timeout: 20000
# First Move Timeout: 30000
# Date: Thu Apr 02 17:17:08 EDT 2020
# Player 1: Player-0, '260713804', running on nuris-mbp
# Player 2: Player-1, 'RandomPlayer', running on nuris-mbp
START Player-0 260713804
START Player-1 RandomPlayer
BoardInit:Tile:8,Tile:9,Tile:14,Tile:9,Tile:6,Tile:10,Bonus,Tile:8,Tile:1,Destroy,Tile:5,Tile:7,Tile:6,Tile:6,Tile:0,Tile:9,Tile:10,Tile:4,Map,Tile:3,Destroy,Tile:5,Tile:7,Tile:7,Tile:6,Tile:2,Map,Destroy,Tile:12,Tile:5,Tile:9,Tile:15,Tile:11,Map,Map,Tile:8,Malus,Map,Tile:0,Tile:7,Tile:9-Tile:5,Tile:8,Tile:0,Tile:0,Tile:6,Tile:10,Tile:7-Map,Bonus,Bonus,Bonus,Tile:8,Malus,Tile:13-Tile:nugget,Tile:hidden1,Tile:hidden2
Tile:7 5 4 1
Map 12 3 0
Tile:0 6 5 1
Tile:8 7 5 0
Tile:8 5 6 1
Tile:9 5 7 0
Tile:10 5 8 1
GAMEOVER ILLEGAL MOVE: Player 0, CardUsed: (Tile:0), PosOfUse: (8, 5) WINNER 1
# Game ended: Thu Apr 02 17:17:08 EDT 2020
