# Server version 0.08 running on nuris-mbp:8123
# Game ID: 117
# Board class: Saboteur.SaboteurBoard
# Timeout: 20000
# First Move Timeout: 30000
# Date: Thu Apr 02 17:57:49 EDT 2020
# Player 1: Player-0, '260713804', running on nuris-mbp
# Player 2: Player-1, 'RandomPlayer', running on nuris-mbp
START Player-0 260713804
START Player-1 RandomPlayer
BoardInit:Map,Bonus,Tile:15,Tile:8,Tile:10,Tile:0,Map,Tile:0,Tile:3,Bonus,Tile:7,Tile:0,Bonus,Tile:5,Tile:9,Malus,Destroy,Tile:9,Destroy,Tile:4,Tile:8,Malus,Tile:7,Map,Tile:10,Tile:0,Tile:8,Bonus,Tile:6,Tile:5,Tile:2,Tile:7,Tile:8,Tile:14,Tile:7,Map,Tile:11,Tile:6,Tile:5,Tile:7,Tile:6-Tile:9,Tile:10,Tile:5,Tile:9,Map,Map,Tile:6-Destroy,Tile:12,Tile:13,Tile:6,Tile:8,Tile:9,Tile:1-Tile:hidden2,Tile:hidden1,Tile:nugget
Tile:5 4 5 1
Tile:6_flip 6 5 0
Drop 5 0 1
Destroy 4 5 0
Tile:9_flip 5 4 1
Drop 2 0 0
Drop 2 0 1
Tile:0 7 5 0
Tile:9_flip 8 5 1
Tile:9_flip 8 6 0
Tile:10 5 3 1
Drop 1 0 0
Drop 4 0 1
Tile:0 7 6 0
Tile:7 5 2 1
Tile:5_flip 8 7 0
Drop 0 0 1
Tile:12_flip 4 5 0
Tile:9_flip 8 4 1
Tile:1 4 4 0
Tile:3_flip 3 4 1
Tile:9 6 6 0
Drop 1 0 1
Tile:4 8 3 0
Tile:7_flip 4 2 1
Map 12 3 0
Tile:10 6 7 1
Drop 3 0 0
Destroy 8 3 1
Tile:8 4 1 0
Drop 2 0 1
Tile:5 7 7 0
Tile:6 7 4 1
Drop 3 0 0
Tile:8 8 3 1
Tile:14 7 8 0
Tile:7_flip 6 4 1
Map 12 7 0
Tile:10 5 6 1
Tile:7 4 0 0
Tile:8 8 2 1
Tile:6_flip 3 3 0
Tile:11 6 3 1
Tile:0 5 1 0
Map 12 7 1
Tile:7_flip 7 2 0
Tile:2_flip 6 8 1
Drop 1 0 0
Tile:8 2 3 1
Drop 1 0 0
Tile:6_flip 7 3 1
Drop 0 0 0
Tile:5_flip 5 7 1
Drop 0 0 0
Drop 0 0 1
GAMEOVER DRAW
# Game ended: Thu Apr 02 17:57:55 EDT 2020
