# Server version 0.08 running on nuris-mbp:8123
# Game ID: 6
# Board class: Saboteur.SaboteurBoard
# Timeout: 20000
# First Move Timeout: 30000
# Date: Thu Apr 09 14:11:04 EDT 2020
# Player 1: Player-0, '260713804', running on nuris-mbp
# Player 2: Player-1, 'RandomPlayer', running on nuris-mbp
START Player-0 260713804
START Player-1 RandomPlayer
BoardInit:Tile:15,Tile:7,Bonus,Tile:10,Destroy,Tile:9,Tile:8,Tile:9,Tile:9,Tile:2,Tile:6,Tile:6,Tile:5,Tile:7,Map,Tile:12,Map,Tile:13,Tile:10,Malus,Map,Malus,Map,Map,Tile:7,Tile:9,Tile:8,Tile:4,Tile:5,Tile:7,Tile:8,Tile:6,Tile:7,Tile:14,Tile:6,Tile:0,Tile:5,Tile:8,Bonus,Tile:6,Bonus-Tile:3,Destroy,Tile:9,Bonus,Tile:0,Destroy,Tile:0-Tile:11,Tile:10,Tile:0,Tile:8,Map,Tile:1,Tile:5-Tile:hidden1,Tile:hidden2,Tile:nugget
Tile:0 6 5 1
Map 12 5 0
Destroy 6 5 1
Tile:8 6 5 0
Tile:3_flip 6 6 1
Tile:0 7 5 0
Tile:15 5 6 1
Drop 0 0 0
Drop 0 0 1
Drop 1 0 0
Destroy 7 5 1
Drop 6 0 0
Tile:8 6 4 1
Tile:9 6 3 0
Tile:9 6 2 1
Tile:6_flip 7 3 0
Tile:6_flip 7 5 1
Drop 6 0 0
Destroy 6 2 1
Drop 6 0 0
Tile:5_flip 7 4 1
Malus 0 0 0
Drop 5 0 1
Malus 0 0 0
Map 12 3 1
Map 12 3 0
Drop 5 0 1
Tile:9_flip 8 5 0
Map 12 7 1
Tile:7_flip 8 6 0
Bonus 0 0 1
Drop 5 0 0
Map 12 7 1
Tile:6_flip 9 6 0
Drop 0 0 1
Drop 6 0 0
Drop 4 0 1
Tile:0 10 6 0
Drop 0 0 1
Tile:8 11 6 0
Drop 4 0 1
Tile:9_flip 12 6 0
GAMEOVER WINNER 0
# Game ended: Thu Apr 09 14:11:06 EDT 2020
