# Server version 0.08 running on nuris-mbp:8123
# Game ID: 157
# Board class: Saboteur.SaboteurBoard
# Timeout: 20000
# First Move Timeout: 30000
# Date: Fri Apr 03 14:01:48 EDT 2020
# Player 1: Player-0, '260713804', running on nuris-mbp
# Player 2: Player-1, 'RandomPlayer', running on nuris-mbp
START Player-0 260713804
START Player-1 RandomPlayer
BoardInit:Malus,Tile:6,Tile:9,Tile:10,Tile:13,Tile:9,Bonus,Tile:7,Tile:7,Tile:8,Tile:5,Map,Tile:14,Tile:7,Tile:3,Map,Tile:11,Tile:5,Tile:9,Tile:0,Tile:8,Tile:5,Bonus,Tile:4,Tile:8,Tile:9,Tile:10,Tile:7,Tile:12,Malus,Tile:6,Tile:0,Destroy,Destroy,Tile:6,Destroy,Tile:6,Tile:15,Tile:1,Tile:7,Map-Map,Tile:6,Tile:0,Tile:8,Bonus,Tile:0,Tile:10-Tile:5,Bonus,Map,Tile:8,Tile:9,Tile:2,Map-Tile:hidden2,Tile:nugget,Tile:hidden1
Map 12 7 1
Map 12 3 0
Drop 1 0 1
Map 12 7 0
Tile:0 4 5 1
Drop 4 0 0
Tile:6 5 6 1
Tile:8 6 6 0
Tile:9 6 7 1
Tile:9_flip 7 6 0
Drop 1 0 1
Tile:9_flip 6 8 0
Tile:5 4 6 1
Map 12 7 0
Tile:13 4 7 1
Tile:6_flip 7 5 0
Tile:14_flip 3 7 1
Map 12 7 0
Tile:8 3 5 1
Tile:5_flip 6 9 0
Tile:9 5 8 1
Tile:8 5 9 0
Tile:7 3 4 1
Drop 6 0 0
Tile:11 2 4 1
Drop 6 0 0
Tile:8 2 3 1
Tile:5 4 9 0
Tile:8 2 5 1
Tile:7 8 5 0
Tile:10 2 2 1
Malus 0 0 0
Malus 0 0 1
Drop 2 0 0
Destroy 3 4 1
Destroy 6 6 0
Drop 3 0 1
Destroy 5 6 0
Bonus 0 0 1
Drop 6 0 0
Tile:6 1 5 1
Drop 0 0 0
Tile:6 3 8 1
Drop 1 0 0
Drop 2 0 1
Drop 0 0 0
Tile:6_flip 0 5 1
Drop 2 0 0
Tile:3 5 7 1
Drop 0 0 0
Tile:1 1 3 1
Drop 1 0 0
Map 12 3 1
Drop 0 0 0
Drop 0 0 1
GAMEOVER DRAW
# Game ended: Fri Apr 03 14:01:48 EDT 2020
