# Server version 0.08 running on nuris-mbp:8123
# Game ID: 84
# Board class: Saboteur.SaboteurBoard
# Timeout: 20000
# First Move Timeout: 30000
# Date: Wed Apr 01 15:54:51 EDT 2020
# Player 1: Player-0, '260713804', running on nuris-mbp
# Player 2: Player-1, 'RandomPlayer', running on nuris-mbp
START Player-0 260713804
START Player-1 RandomPlayer
BoardInit:Map,Map,Bonus,Bonus,Tile:7,Tile:9,Tile:1,Tile:6,Map,Tile:10,Tile:10,Bonus,Tile:11,Tile:4,Tile:0,Bonus,Tile:5,Tile:0,Tile:8,Tile:13,Map,Destroy,Destroy,Tile:8,Tile:7,Tile:9,Tile:8,Malus,Tile:12,Tile:5,Tile:8,Tile:15,Tile:6,Tile:14,Tile:3,Map,Tile:6,Tile:8,Tile:9,Tile:6,Tile:6-Tile:7,Tile:0,Tile:5,Map,Tile:7,Tile:9,Malus-Tile:0,Destroy,Tile:7,Tile:5,Tile:9,Tile:10,Tile:2-Tile:nugget,Tile:hidden2,Tile:hidden1
Tile:9_flip 5 4 1
Tile:2 4 5 0
Tile:0 6 5 1
Map 12 3 0
Tile:7_flip 4 4 1
Tile:9 5 3 0
Tile:7 7 5 1
Destroy 6 5 0
Drop 0 0 1
Tile:7 6 3 0
Map 12 7 1
Drop 0 0 0
Map 12 5 1
Drop 1 0 0
Tile:11 4 6 1
Tile:9_flip 5 6 0
Tile:0 6 5 1
Tile:10 5 2 0
Tile:5_flip 7 6 1
Tile:4 4 3 0
Tile:8 4 7 1
Tile:6_flip 5 1 0
Tile:7_flip 6 4 1
Destroy 4 5 0
Drop 4 0 1
Tile:5_flip 6 1 0
Destroy 5 2 1
Tile:0 7 4 0
Tile:8 4 8 1
Tile:8 5 2 0
Tile:12 8 4 1
Tile:13 6 0 0
Tile:8 7 0 1
Tile:5_flip 5 7 0
Tile:6 3 8 1
Tile:14_flip 6 6 0
Tile:7_flip 4 2 1
Map 12 3 0
Tile:3_flip 5 0 1
Tile:9 6 7 0
Tile:6 8 0 1
Tile:6 9 0 0
Tile:9_flip 4 9 1
Drop 1 0 0
Tile:1 2 8 1
Drop 2 0 0
Tile:6_flip 4 1 1
Tile:8 3 7 0
Malus 0 0 1
Drop 1 0 0
Map 12 3 1
Drop 0 0 0
Map 12 3 1
Drop 0 0 0
Drop 0 0 1
GAMEOVER DRAW
# Game ended: Wed Apr 01 15:54:51 EDT 2020
