# Server version 0.08 running on nuris-mbp:8123
# Game ID: 103
# Board class: Saboteur.SaboteurBoard
# Timeout: 20000
# First Move Timeout: 30000
# Date: Thu Apr 02 17:09:19 EDT 2020
# Player 1: Player-0, '260713804', running on nuris-mbp
# Player 2: Player-1, 'RandomPlayer', running on nuris-mbp
START Player-0 260713804
START Player-1 RandomPlayer
BoardInit:Tile:6,Tile:3,Tile:15,Tile:7,Tile:7,Bonus,Destroy,Tile:1,Tile:10,Tile:10,Tile:14,Tile:6,Tile:0,Tile:11,Malus,Tile:8,Tile:13,Tile:7,Tile:7,Map,Tile:5,Tile:8,Tile:6,Tile:10,Map,Map,Tile:0,Tile:8,Tile:8,Tile:9,Map,Map,Tile:0,Tile:9,Tile:0,Tile:9,Tile:5,Bonus,Tile:5,Tile:8,Tile:12-Tile:5,Tile:7,Malus,Destroy,Tile:9,Tile:2,Bonus-Tile:6,Tile:4,Destroy,Tile:9,Map,Tile:6,Bonus-Tile:hidden1,Tile:nugget,Tile:hidden2
Drop 3 0 1
Map 12 3 0
Tile:2_flip 5 6 1
Tile:3 5 4 0
Tile:5 4 6 1
Destroy 4 6 0
Drop 2 0 1
Tile:7_flip 4 6 0
Tile:6 6 6 1
Tile:6 7 6 0
Tile:7 7 5 1
GAMEOVER ILLEGAL MOVE: Player 0, CardUsed: (Tile:0), PosOfUse: (8, 6) WINNER 1
# Game ended: Thu Apr 02 17:09:19 EDT 2020
