# Server version 0.08 running on nuris-mbp:8123
# Game ID: 168
# Board class: Saboteur.SaboteurBoard
# Timeout: 20000
# First Move Timeout: 30000
# Date: Fri Apr 03 14:30:30 EDT 2020
# Player 1: Player-0, '260713804', running on nuris-mbp
# Player 2: Player-1, 'RandomPlayer', running on nuris-mbp
START Player-0 260713804
START Player-1 RandomPlayer
BoardInit:Tile:8,Tile:10,Tile:13,Bonus,Tile:5,Map,Destroy,Tile:14,Tile:1,Bonus,Tile:8,Tile:12,Tile:8,Tile:7,Tile:6,Tile:6,Tile:8,Tile:4,Tile:0,Tile:9,Tile:6,Tile:7,Tile:6,Bonus,Tile:15,Tile:0,Tile:10,Tile:8,Malus,Tile:7,Tile:10,Tile:2,Tile:5,Tile:9,Tile:5,Tile:0,Tile:7,Tile:9,Map,Map,Destroy-Tile:11,Tile:7,Map,Destroy,Tile:0,Map,Bonus-Malus,Map,Tile:9,Tile:3,Tile:5,Tile:6,Tile:9-Tile:hidden1,Tile:hidden2,Tile:nugget
Drop 2 0 1
Drop 2 0 0
Tile:7_flip 5 6 1
Drop 2 0 0
Tile:11_flip 5 4 1
Drop 2 0 0
Destroy 5 6 1
Drop 2 0 0
Destroy 5 4 1
Drop 2 0 0
Drop 3 0 1
Drop 5 0 0
Tile:5_flip 5 6 1
Drop 6 0 0
Tile:0 6 5 1
Drop 6 0 0
Tile:1 4 6 1
Drop 6 0 0
Tile:6 7 5 1
Drop 6 0 0
Tile:8 5 4 1
Drop 6 0 0
Tile:6_flip 4 4 1
Drop 6 0 0
Tile:13 8 5 1
Malus 0 0 0
Map 12 7 1
Drop 6 0 0
Drop 6 0 1
Tile:8 3 6 0
Drop 4 0 1
Drop 6 0 0
Drop 6 0 1
Drop 6 0 0
Drop 4 0 1
Drop 6 0 0
Drop 3 0 1
Drop 6 0 0
Bonus 0 0 1
Drop 6 0 0
Tile:7_flip 4 5 1
Drop 6 0 0
Drop 0 0 1
Map 12 3 0
Tile:5_flip 8 6 1
Map 12 5 0
Tile:8 3 7 1
Tile:10 8 4 0
Tile:5 2 6 1
Drop 1 0 0
Map 12 5 1
Drop 1 0 0
Destroy 7 5 1
Drop 0 0 0
Malus 0 0 1
GAMEOVER DRAW
# Game ended: Fri Apr 03 14:30:30 EDT 2020
