# Server version 0.08 running on nuris-mbp:8123
# Game ID: 149
# Board class: Saboteur.SaboteurBoard
# Timeout: 20000
# First Move Timeout: 30000
# Date: Fri Apr 03 13:48:22 EDT 2020
# Player 1: Player-0, '260713804', running on nuris-mbp
# Player 2: Player-1, 'RandomPlayer', running on nuris-mbp
START Player-0 260713804
START Player-1 RandomPlayer
BoardInit:Tile:8,Tile:7,Tile:8,Tile:0,Tile:9,Tile:5,Map,Tile:9,Tile:5,Bonus,Tile:5,Tile:5,Map,Tile:10,Tile:10,Tile:9,Tile:10,Tile:7,Tile:12,Bonus,Tile:7,Tile:14,Tile:6,Destroy,Tile:6,Tile:0,Malus,Tile:0,Tile:6,Tile:9,Tile:8,Malus,Tile:8,Tile:15,Map,Destroy,Tile:11,Bonus,Map,Tile:7,Tile:13-Destroy,Bonus,Tile:1,Tile:8,Tile:0,Tile:7,Tile:4-Tile:9,Map,Map,Tile:6,Tile:3,Tile:2,Tile:6-Tile:nugget,Tile:hidden2,Tile:hidden1
Tile:7_flip 5 6 1
Map 12 3 0
Tile:8 5 4 1
Map 12 3 0
Tile:8 4 4 1
Drop 2 0 0
Drop 4 0 1
Drop 2 0 0
Tile:9 4 5 1
Tile:6 3 4 0
Tile:0 2 4 1
Tile:5 4 3 0
Tile:8 1 4 1
Tile:7_flip 1 5 0
Tile:5_flip 6 4 1
Tile:9_flip 4 6 0
Tile:5_flip 6 6 1
Tile:6_flip 2 5 0
Destroy 4 4 1
Tile:5 6 3 0
Tile:10 1 3 1
Tile:0 7 3 0
Tile:7_flip 2 6 1
Drop 6 0 0
Tile:1 3 6 1
Tile:7 5 3 0
Map 12 3 1
Drop 0 0 0
Drop 5 0 1
Tile:9 0 4 0
Tile:12 3 5 1
Tile:0 8 3 0
Map 12 3 1
Tile:0 9 3 0
Tile:6 4 7 1
Drop 6 0 0
Tile:10 3 3 1
Destroy 5 6 0
Tile:6_flip 6 5 1
Destroy 1 5 0
Tile:8 1 5 1
Drop 0 0 0
Tile:11_flip 1 6 1
Tile:9_flip 1 2 0
Map 12 7 1
Tile:7 1 1 0
Malus 0 0 1
Bonus 0 0 0
Tile:13 3 2 1
GAMEOVER ILLEGAL MOVE: Player 0, CardUsed: (Tile:0), PosOfUse: (3, 1) WINNER 1
# Game ended: Fri Apr 03 13:48:22 EDT 2020
