# Server version 0.08 running on nuris-mbp:8123
# Game ID: 174
# Board class: Saboteur.SaboteurBoard
# Timeout: 20000
# First Move Timeout: 30000
# Date: Mon Apr 06 16:47:19 EDT 2020
# Player 1: Player-0, '260713804', running on nuris-mbp
# Player 2: Player-1, 'RandomPlayer', running on nuris-mbp
START Player-0 260713804
START Player-1 RandomPlayer
BoardInit:Tile:9,Bonus,Tile:9,Tile:7,Tile:5,Bonus,Map,Tile:7,Tile:10,Tile:6,Tile:8,Bonus,Malus,Tile:5,Destroy,Tile:9,Tile:5,Tile:0,Tile:6,Map,Tile:13,Tile:1,Tile:0,Tile:0,Tile:8,Map,Tile:7,Tile:6,Tile:0,Tile:12,Tile:10,Tile:10,Tile:9,Tile:8,Tile:7,Tile:15,Map,Tile:11,Tile:7,Tile:5,Map-Tile:3,Tile:8,Tile:6,Destroy,Destroy,Tile:8,Map-Malus,Tile:2,Bonus,Tile:4,Tile:14,Tile:6,Tile:9-Tile:nugget,Tile:hidden2,Tile:hidden1
Drop 3 0 1
Drop 0 0 0
Map 12 3 1
Drop 0 0 0
Tile:9_flip 6 5 1
Drop 0 0 0
Tile:9 6 4 1
Drop 0 0 0
Tile:5_flip 5 6 1
Drop 0 0 0
Drop 0 0 1
Drop 0 0 0
Tile:6_flip 6 3 1
Drop 0 0 0
Drop 3 0 1
Drop 0 0 0
Tile:8 5 3 1
Drop 0 0 0
Tile:8 7 4 1
Drop 0 0 0
Tile:8 7 3 1
Map 12 5 0
Tile:10 6 6 1
Drop 0 0 0
Tile:5 7 2 1
Drop 0 0 0
Tile:6 8 3 1
Map 12 7 0
Destroy 6 5 1
Drop 0 0 0
Tile:13 9 3 1
Drop 0 0 0
Tile:0 8 4 1
Drop 0 0 0
Tile:9 6 7 1
Drop 0 0 0
Tile:10 5 2 1
Drop 0 0 0
Tile:0 10 3 1
Drop 0 0 0
Tile:7 7 7 1
Drop 0 0 0
Destroy 6 7 1
Drop 0 0 0
Tile:7 9 2 1
Tile:8 11 3 0
Tile:7 5 1 1
Drop 0 0 0
Malus 0 0 1
Drop 0 0 0
Tile:8 4 1 1
Drop 0 0 0
Map 12 7 1
Drop 0 0 0
Map 12 5 1
GAMEOVER DRAW
# Game ended: Mon Apr 06 16:47:19 EDT 2020
