# Server version 0.08 running on nuris-mbp:8123
# Game ID: 165
# Board class: Saboteur.SaboteurBoard
# Timeout: 20000
# First Move Timeout: 30000
# Date: Fri Apr 03 14:24:55 EDT 2020
# Player 1: Player-0, '260713804', running on nuris-mbp
# Player 2: Player-1, 'RandomPlayer', running on nuris-mbp
START Player-0 260713804
START Player-1 RandomPlayer
BoardInit:Tile:8,Tile:8,Tile:6,Map,Tile:9,Tile:5,Tile:9,Tile:4,Tile:11,Tile:10,Tile:8,Destroy,Tile:7,Bonus,Map,Tile:10,Tile:0,Tile:0,Tile:7,Malus,Tile:13,Tile:0,Tile:5,Tile:12,Tile:8,Tile:8,Tile:15,Tile:9,Malus,Bonus,Tile:9,Tile:6,Destroy,Tile:14,Tile:3,Tile:6,Map,Tile:9,Tile:1,Tile:7,Map-Map,Bonus,Tile:7,Tile:5,Destroy,Tile:5,Tile:10-Tile:6,Map,Tile:2,Tile:0,Tile:6,Bonus,Tile:7-Tile:hidden1,Tile:nugget,Tile:hidden2
Tile:7 6 5 1
Map 12 3 0
Tile:5 5 4 1
Drop 0 0 0
Tile:10 6 6 1
Map 12 5 0
Map 12 5 1
Drop 0 0 0
Destroy 6 6 1
Drop 0 0 0
Tile:11 5 6 1
Drop 0 0 0
Tile:6 6 6 1
Drop 1 0 0
Tile:9 5 7 1
Tile:8 7 6 0
Map 12 7 1
Drop 1 0 0
Tile:9_flip 7 7 1
