# Server version 0.08 running on nuris-mbp:8123
# Game ID: 38
# Board class: Saboteur.SaboteurBoard
# Timeout: 20000
# First Move Timeout: 30000
# Date: Thu Apr 09 16:55:55 EDT 2020
# Player 1: Player-0, '260713804', running on localhost
# Player 2: Player-1, 'RandomPlayer', running on localhost
START Player-0 260713804
START Player-1 RandomPlayer
BoardInit:Tile:5,Bonus,Bonus,Tile:4,Map,Tile:3,Tile:11,Tile:5,Tile:7,Tile:6,Tile:7,Destroy,Tile:2,Tile:7,Map,Bonus,Tile:6,Tile:10,Tile:12,Tile:0,Tile:8,Tile:9,Map,Tile:0,Tile:6,Tile:7,Tile:15,Map,Tile:14,Tile:13,Tile:7,Tile:10,Tile:6,Tile:9,Tile:8,Tile:8,Malus,Tile:10,Tile:8,Tile:8,Tile:5-Tile:0,Map,Tile:5,Destroy,Destroy,Map,Tile:6-Bonus,Malus,Tile:1,Tile:9,Tile:9,Tile:0,Tile:9-Tile:hidden1,Tile:hidden2,Tile:nugget
Drop 2 0 1
Malus 0 0 0
Drop 2 0 1
Tile:0 6 5 0
Map 12 5 1
Drop 0 0 0
Map 12 3 1
Drop 0 0 0
Drop 6 0 1
Drop 4 0 0
Destroy 6 5 1
Tile:6_flip 6 5 0
Drop 6 0 1
Drop 4 0 0
Map 12 5 1
Tile:9 4 5 0
Drop 0 0 1
Drop 0 0 0
Map 12 7 1
Drop 0 0 0
Drop 2 0 1
Tile:0 7 5 0
Drop 0 0 1
Drop 0 0 0
Drop 4 0 1
Tile:0 8 5 0
Drop 3 0 1
Tile:5 4 4 0
Drop 4 0 1
Map 12 5 0
Drop 0 0 1
Drop 6 0 0
Drop 6 0 1
Tile:9_flip 5 6 0
Drop 3 0 1
Tile:7 5 4 0
Drop 3 0 1
Tile:8 9 5 0
Drop 0 0 1
Tile:10 6 6 0
Drop 4 0 1
Tile:8 10 5 0
Drop 5 0 1
Tile:10 10 4 0
Drop 4 0 1
Tile:9 10 3 0
Drop 2 0 1
Destroy 6 6 0
Drop 0 0 1
Tile:7_flip 9 6 0
Drop 0 0 1
Tile:10 6 6 0
Drop 1 0 1
Drop 0 0 0
Drop 0 0 1
GAMEOVER DRAW
# Game ended: Thu Apr 09 16:55:56 EDT 2020
