# Server version 0.08 running on nuris-mbp:8123
# Game ID: 58
# Board class: Saboteur.SaboteurBoard
# Timeout: 20000
# First Move Timeout: 30000
# Date: Wed Apr 08 18:46:24 EDT 2020
# Player 1: Player-0, '260713804', running on nuris-mbp
# Player 2: Player-1, 'RandomPlayer', running on nuris-mbp
START Player-0 260713804
START Player-1 RandomPlayer
BoardInit:Tile:0,Tile:9,Bonus,Map,Tile:6,Tile:13,Bonus,Tile:12,Tile:3,Bonus,Map,Tile:8,Tile:1,Map,Destroy,Tile:9,Tile:5,Tile:9,Tile:9,Tile:5,Malus,Tile:14,Tile:10,Map,Tile:8,Tile:7,Tile:7,Destroy,Tile:6,Tile:2,Tile:15,Tile:0,Tile:6,Tile:7,Destroy,Tile:8,Tile:10,Tile:11,Tile:8,Tile:4,Tile:9-Map,Tile:5,Tile:7,Tile:0,Map,Bonus,Tile:8-Tile:6,Tile:5,Tile:6,Tile:7,Tile:0,Malus,Tile:10-Tile:hidden1,Tile:hidden2,Tile:nugget
Tile:7 5 4 1
Tile:0 6 5 0
Tile:0 4 5 1
Tile:6 7 5 0
Tile:0 3 5 1
Map 12 5 0
Tile:6 4 4 1
Tile:6 8 5 0
Tile:5 8 4 1
Drop 2 0 0
Drop 4 0 1
Drop 4 0 0
Tile:3_flip 2 5 1
Drop 4 0 0
Map 12 5 1
Map 12 3 0
Map 12 3 1
Tile:8 9 5 0
Drop 3 0 1
Drop 4 0 0
Drop 4 0 1
Tile:5_flip 9 6 0
Drop 5 0 1
Drop 6 0 0
Malus 0 0 1
Map 12 7 0
Tile:10 7 4 1
Drop 1 0 0
Tile:8 2 4 1
Drop 6 0 0
Drop 2 0 1
Drop 6 0 0
Tile:6_flip 2 3 1
Drop 4 0 0
Tile:6_flip 4 3 1
Drop 5 0 0
Drop 3 0 1
Drop 1 0 0
Destroy 7 4 1
Drop 6 0 0
Tile:7 9 4 1
Drop 6 0 0
Drop 0 0 1
Drop 0 0 0
Drop 4 0 1
Drop 2 0 0
Tile:5_flip 5 3 1
Drop 3 0 0
Tile:15 7 4 1
Drop 2 0 0
Drop 0 0 1
Drop 1 0 0
Drop 1 0 1
Drop 0 0 0
Tile:10 5 6 1
GAMEOVER DRAW
# Game ended: Wed Apr 08 18:46:25 EDT 2020
