# Server version 0.08 running on nuris-mbp:8123
# Game ID: 166
# Board class: Saboteur.SaboteurBoard
# Timeout: 20000
# First Move Timeout: 30000
# Date: Fri Apr 03 14:25:36 EDT 2020
# Player 1: Player-0, '260713804', running on nuris-mbp
# Player 2: Player-1, 'RandomPlayer', running on nuris-mbp
START Player-0 260713804
START Player-1 RandomPlayer
BoardInit:Tile:10,Map,Tile:8,Tile:3,Map,Tile:7,Tile:0,Tile:6,Tile:2,Tile:8,Tile:4,Tile:7,Tile:9,Tile:8,Tile:7,Tile:11,Bonus,Tile:14,Tile:7,Tile:9,Tile:5,Bonus,Destroy,Tile:9,Map,Tile:6,Map,Tile:0,Tile:10,Destroy,Tile:8,Tile:13,Tile:15,Map,Tile:0,Malus,Map,Tile:10,Tile:9,Tile:8,Tile:5-Bonus,Tile:5,Tile:0,Tile:12,Tile:7,Tile:6,Bonus-Tile:9,Tile:6,Tile:6,Tile:5,Destroy,Malus,Tile:1-Tile:hidden2,Tile:hidden1,Tile:nugget
Drop 2 0 1
Drop 0 0 0
Tile:12_flip 4 5 1
Map 12 3 0
Tile:8 5 6 1
Drop 0 0 0
Tile:5 5 4 1
Drop 0 0 0
Tile:0 4 6 1
Drop 0 0 0
Drop 1 0 1
Drop 2 0 0
Tile:2_flip 3 6 1
Drop 2 0 0
Map 12 5 1
Drop 2 0 0
Tile:7 3 5 1
Drop 2 0 0
Tile:9 2 5 1
Tile:8 6 6 0
Tile:7 7 6 1
Drop 2 0 0
Tile:5_flip 7 7 1
Drop 3 0 0
Tile:6_flip 6 5 1
Drop 3 0 0
Map 12 5 1
Drop 3 0 0
Destroy 6 6 1
Drop 4 0 0
Map 12 5 1
Drop 4 0 0
Drop 6 0 1
Drop 4 0 0
Tile:15 2 4 1
Map 12 7 0
Tile:10 5 7 1
Drop 5 0 0
Map 12 5 1
Drop 6 0 0
Drop 6 0 1
Tile:8 2 6 0
Drop 0 0 1
Destroy 7 6 0
Drop 4 0 1
Destroy 5 7 0
Drop 3 0 1
Tile:8 7 6 0
Tile:5_flip 5 7 1
Drop 2 0 0
Drop 0 0 1
Drop 0 0 0
Drop 0 0 1
Drop 0 0 0
Drop 0 0 1
GAMEOVER DRAW
# Game ended: Fri Apr 03 14:25:39 EDT 2020
