# Server version 0.08 running on nuris-mbp:8123
# Game ID: 23
# Board class: Saboteur.SaboteurBoard
# Timeout: 20000
# First Move Timeout: 30000
# Date: Wed Apr 08 18:08:43 EDT 2020
# Player 1: Player-0, '260713804', running on nuris-mbp
# Player 2: Player-1, 'RandomPlayer', running on nuris-mbp
START Player-0 260713804
START Player-1 RandomPlayer
BoardInit:Tile:5,Tile:8,Tile:3,Map,Tile:4,Tile:6,Tile:7,Tile:13,Tile:0,Tile:2,Tile:7,Map,Malus,Tile:1,Tile:9,Tile:5,Tile:0,Tile:7,Destroy,Tile:9,Tile:7,Tile:8,Tile:10,Tile:6,Tile:0,Bonus,Tile:9,Destroy,Destroy,Tile:8,Tile:6,Map,Tile:6,Tile:8,Map,Tile:7,Bonus,Tile:0,Tile:10,Map,Tile:11-Tile:8,Map,Bonus,Tile:12,Tile:6,Tile:14,Bonus-Malus,Tile:10,Tile:5,Tile:15,Tile:9,Tile:9,Tile:5-Tile:nugget,Tile:hidden1,Tile:hidden2
Tile:8 6 5 1
Drop 0 0 0
Tile:6_flip 4 5 1
Tile:8 7 5 0
Tile:5_flip 6 6 1
Map 12 5 0
Drop 2 0 1
Tile:6 8 5 0
Tile:3_flip 5 6 1
Drop 2 0 0
Tile:7_flip 3 5 1
Drop 5 0 0
Tile:14 9 5 1
Map 12 3 0
Tile:7 3 4 1
Tile:10 8 4 0
Drop 1 0 1
Tile:5 8 3 0
Tile:4 7 4 1
Drop 3 0 0
Tile:0 2 4 1
Drop 3 0 0
Tile:9 7 6 1
Tile:8 9 3 0
Drop 2 0 1
Tile:6 10 3 0
Drop 3 0 1
Drop 6 0 0
Tile:0 11 3 1
GAMEOVER WINNER 1
# Game ended: Wed Apr 08 18:08:43 EDT 2020
