# Server version 0.08 running on nuris-mbp:8123
# Game ID: 44
# Board class: Saboteur.SaboteurBoard
# Timeout: 20000
# First Move Timeout: 30000
# Date: Wed Apr 01 11:16:50 EDT 2020
# Player 1: Player-0, 'Human', running on nuris-mbp
# Player 2: Player-1, 'RandomPlayer', running on nuris-mbp
START Player-0 Human
START Player-1 RandomPlayer
BoardInit:Tile:4,Tile:7,Tile:0,Malus,Bonus,Tile:5,Map,Map,Tile:9,Tile:5,Tile:8,Map,Tile:9,Tile:6,Tile:11,Tile:10,Tile:14,Tile:10,Tile:0,Tile:15,Tile:8,Tile:1,Tile:10,Tile:6,Tile:9,Map,Tile:8,Tile:13,Tile:3,Tile:9,Tile:0,Tile:7,Tile:7,Tile:5,Destroy,Destroy,Bonus,Tile:5,Tile:0,Tile:9,Tile:7-Tile:8,Malus,Map,Tile:6,Tile:8,Destroy,Tile:7-Bonus,Tile:12,Tile:6,Tile:2,Tile:6,Map,Bonus-Tile:nugget,Tile:hidden2,Tile:hidden1
Tile:8 5 6 1
Tile:6 6 6 0
Destroy 5 6 1
Tile:6 5 6 0
Tile:6_flip 6 5 1
Drop 3 0 0
Tile:8 7 5 1
Drop 3 0 0
Tile:0 4 5 1
Drop 6 0 0
Tile:7 5 4 1
