# Server version 0.08 running on nuris-mbp:8123
# Game ID: 183
# Board class: Saboteur.SaboteurBoard
# Timeout: 20000
# First Move Timeout: 30000
# Date: Tue Apr 07 11:56:15 EDT 2020
# Player 1: Player-0, '260713804', running on nuris-mbp
# Player 2: Player-1, 'RandomPlayer', running on nuris-mbp
START Player-0 260713804
START Player-1 RandomPlayer
BoardInit:Tile:2,Tile:7,Tile:6,Tile:10,Tile:5,Tile:6,Tile:10,Tile:6,Tile:6,Tile:11,Malus,Tile:5,Tile:8,Bonus,Tile:8,Tile:5,Bonus,Tile:8,Bonus,Map,Tile:5,Tile:8,Tile:7,Tile:9,Tile:9,Tile:7,Tile:9,Tile:6,Map,Tile:9,Tile:3,Tile:12,Tile:0,Destroy,Tile:15,Map,Tile:7,Bonus,Tile:0,Tile:13,Tile:8-Tile:0,Malus,Map,Tile:10,Tile:4,Tile:9,Map-Map,Tile:7,Tile:1,Destroy,Tile:0,Tile:14,Destroy-Tile:hidden2,Tile:nugget,Tile:hidden1
Malus 0 0 1
Drop 0 0 0
Map 12 7 1
Drop 0 0 0
Tile:2_flip 6 5 1
Drop 0 0 0
Drop 4 0 1
Drop 0 0 0
Tile:6_flip 5 4 1
Drop 0 0 0
Drop 1 0 1
Drop 0 0 0
Drop 6 0 1
Drop 0 0 0
Drop 3 0 1
Drop 0 0 0
Tile:8 7 5 1
Drop 0 0 0
Tile:0 4 4 1
Drop 0 0 0
Tile:6 3 4 1
Drop 0 0 0
Tile:9_flip 3 3 1
Drop 0 0 0
Tile:5_flip 5 6 1
Drop 0 0 0
Tile:8 7 4 1
Drop 0 0 0
Tile:7 3 2 1
Drop 0 0 0
Map 12 3 1
Drop 1 0 0
Tile:10 7 3 1
Drop 2 0 0
Tile:9 7 2 1
Drop 2 0 0
Tile:9 4 6 1
Drop 2 0 0
Tile:3_flip 2 4 1
Drop 2 0 0
Drop 2 0 1
Drop 2 0 0
Tile:0 2 2 1
Drop 2 0 0
Drop 4 0 1
Drop 2 0 0
Tile:7 7 1 1
Drop 2 0 0
Tile:8 6 1 1
Drop 2 0 0
Tile:4 6 0 1
Drop 1 0 0
Tile:15 7 6 1
Drop 0 0 0
Drop 0 0 1
GAMEOVER DRAW
# Game ended: Tue Apr 07 11:56:15 EDT 2020
