# Server version 0.08 running on nuris-mbp:8123
# Game ID: 144
# Board class: Saboteur.SaboteurBoard
# Timeout: 20000
# First Move Timeout: 30000
# Date: Fri Apr 03 13:28:16 EDT 2020
# Player 1: Player-0, '260713804', running on nuris-mbp
# Player 2: Player-1, 'RandomPlayer', running on nuris-mbp
START Player-0 260713804
START Player-1 RandomPlayer
BoardInit:Tile:10,Tile:6,Tile:9,Malus,Tile:0,Tile:6,Tile:8,Tile:7,Tile:4,Tile:11,Tile:8,Tile:0,Tile:5,Tile:7,Tile:9,Map,Bonus,Tile:8,Tile:3,Bonus,Map,Tile:8,Map,Tile:6,Tile:8,Tile:0,Tile:7,Tile:0,Map,Tile:9,Map,Destroy,Tile:6,Map,Bonus,Tile:12,Tile:5,Tile:15,Tile:6,Tile:2,Tile:7-Tile:9,Destroy,Bonus,Tile:9,Tile:10,Tile:1,Tile:14-Malus,Tile:13,Tile:7,Destroy,Tile:5,Tile:10,Tile:5-Tile:hidden2,Tile:hidden1,Tile:nugget
Tile:9 5 6 1
Drop 4 0 0
Tile:10 5 4 1
Tile:13 5 7 0
Tile:9_flip 6 7 1
Tile:5 4 5 0
Tile:9 4 7 1
Tile:7_flip 6 8 0
Drop 2 0 1
Tile:6 4 8 0
Tile:8 6 5 1
Drop 4 0 0
Tile:10 6 4 1
Destroy 5 7 0
Drop 5 0 1
Drop 1 0 0
Tile:14 5 8 1
Map 12 3 0
Destroy 6 4 1
Drop 0 0 0
Tile:5 3 8 1
Tile:8 6 6 0
Tile:9 6 4 1
Drop 1 0 0
Tile:3 7 6 1
Tile:11_flip 4 6 0
Map 12 3 1
Tile:7_flip 7 7 0
Tile:0 7 4 1
Tile:0 8 7 0
Map 12 3 1
Tile:8 9 7 0
Tile:4 5 3 1
Destroy 6 5 0
Tile:8 6 5 1
Map 12 7 0
Tile:6_flip 9 6 1
Tile:0 3 6 0
Tile:7 10 7 1
Tile:15 9 8 0
Tile:5_flip 3 9 1
Tile:2_flip 10 6 0
Tile:6_flip 11 6 1
Tile:6 12 6 0
Drop 4 0 1
Tile:9 10 8 0
Tile:7_flip 2 9 1
Tile:0 11 8 0
Drop 2 0 1
Tile:12 7 8 0
Map 12 3 1
Drop 0 0 0
Drop 1 0 1
Drop 0 0 0
Drop 0 0 1
GAMEOVER DRAW
# Game ended: Fri Apr 03 13:28:16 EDT 2020
