# Server version 0.08 running on nuris-mbp:8123
# Game ID: 41
# Board class: Saboteur.SaboteurBoard
# Timeout: 20000
# First Move Timeout: 30000
# Date: Thu Apr 09 16:56:04 EDT 2020
# Player 1: Player-0, 'RandomPlayer', running on localhost
# Player 2: Player-1, '260713804', running on localhost
START Player-0 RandomPlayer
START Player-1 260713804
BoardInit:Destroy,Tile:8,Bonus,Tile:6,Tile:11,Tile:8,Tile:2,Tile:9,Tile:9,Tile:4,Destroy,Tile:6,Bonus,Tile:8,Tile:6,Tile:5,Tile:0,Tile:0,Map,Malus,Map,Tile:9,Tile:9,Tile:7,Malus,Tile:7,Map,Tile:14,Tile:8,Map,Tile:12,Tile:13,Tile:0,Tile:7,Map,Tile:6,Tile:8,Tile:1,Tile:6,Tile:5,Tile:5-Tile:7,Tile:15,Map,Tile:7,Tile:5,Tile:0,Tile:10-Tile:10,Bonus,Bonus,Tile:9,Tile:10,Destroy,Tile:3-Tile:nugget,Tile:hidden2,Tile:hidden1
Map 12 5 1
Tile:3 5 4 0
Destroy 5 4 1
Drop 1 0 0
Tile:0 6 5 1
Tile:8 5 4 0
Drop 1 0 1
Tile:8 4 5 0
Drop 5 0 1
Tile:6 6 4 0
Tile:9 6 3 1
Drop 1 0 0
Tile:5_flip 4 6 1
Tile:10 5 6 0
Drop 0 0 1
Destroy 5 6 0
Tile:6_flip 7 3 1
Tile:9_flip 8 3 0
Drop 0 0 1
Tile:9_flip 5 3 0
Map 12 3 1
Tile:8 4 4 0
Drop 0 0 1
Tile:0 3 6 0
Drop 0 0 1
Tile:6 7 5 0
Malus 0 0 1
Drop 0 0 0
Tile:0 8 5 1
Drop 6 0 0
Tile:8 9 5 1
Drop 3 0 0
Drop 0 0 1
Map 12 7 0
Tile:0 10 5 1
Drop 0 0 0
Drop 2 0 1
Drop 4 0 0
Tile:8 11 5 1
Drop 0 0 0
Tile:9_flip 12 4 1
GAMEOVER WINNER 1
# Game ended: Thu Apr 09 16:56:06 EDT 2020
