# Server version 0.08 running on nuris-mbp:8123
# Game ID: 155
# Board class: Saboteur.SaboteurBoard
# Timeout: 20000
# First Move Timeout: 30000
# Date: Fri Apr 03 13:58:34 EDT 2020
# Player 1: Player-0, '260713804', running on nuris-mbp
# Player 2: Player-1, 'RandomPlayer', running on nuris-mbp
START Player-0 260713804
START Player-1 RandomPlayer
BoardInit:Tile:7,Tile:4,Tile:0,Bonus,Tile:10,Tile:9,Tile:11,Tile:10,Tile:5,Tile:10,Tile:5,Tile:14,Tile:8,Tile:6,Tile:0,Tile:8,Destroy,Malus,Tile:9,Tile:6,Tile:5,Malus,Map,Tile:8,Bonus,Tile:7,Tile:9,Tile:6,Destroy,Map,Tile:1,Map,Map,Tile:6,Map,Destroy,Tile:15,Tile:9,Tile:2,Tile:9,Tile:6-Tile:8,Tile:3,Bonus,Tile:13,Tile:7,Tile:5,Tile:12-Bonus,Tile:0,Tile:8,Tile:7,Tile:7,Tile:0,Map-Tile:hidden1,Tile:nugget,Tile:hidden2
Tile:8 5 6 1
Map 12 3 0
Tile:7 6 5 1
Tile:8 6 6 0
Tile:0 7 6 1
Drop 5 0 0
Tile:10 6 7 1
Tile:7_flip 4 5 0
Tile:7 5 4 1
Drop 3 0 0
Tile:5 4 6 1
Tile:10 6 8 0
Tile:11 4 4 1
Drop 6 0 0
Drop 1 0 1
Drop 2 0 0
Drop 0 0 1
Tile:6_flip 4 3 0
Tile:8 6 9 1
Tile:0 5 3 0
Tile:9_flip 5 7 1
Tile:9_flip 5 8 0
Tile:5 4 8 1
Tile:8 8 6 0
Drop 5 0 1
Tile:10 4 9 0
Destroy 5 6 1
Tile:6 6 10 0
Drop 4 0 1
Tile:8 9 6 0
Tile:0 7 9 1
Map 12 5 0
Tile:13 9 5 1
Map 12 5 0
Tile:9_flip 10 5 1
Tile:6_flip 10 4 0
Tile:1 5 10 1
Tile:6 3 3 0
Tile:15 8 7 1
Tile:9_flip 8 9 0
Drop 2 0 1
Drop 2 0 0
Drop 0 0 1
Destroy 6 6 0
Destroy 6 9 1
Tile:7_flip 4 7 0
Tile:6_flip 8 5 1
Tile:9 4 10 0
Tile:2 9 4 1
Malus 0 0 0
Map 12 3 1
Drop 0 0 0
Map 12 3 1
Drop 0 0 0
Drop 0 0 1
GAMEOVER DRAW
# Game ended: Fri Apr 03 13:58:34 EDT 2020
