# Server version 0.08 running on nuris-mbp:8123
# Game ID: 125
# Board class: Saboteur.SaboteurBoard
# Timeout: 20000
# First Move Timeout: 30000
# Date: Thu Apr 02 18:13:19 EDT 2020
# Player 1: Player-0, '260713804', running on nuris-mbp
# Player 2: Player-1, 'RandomPlayer', running on nuris-mbp
START Player-0 260713804
START Player-1 RandomPlayer
BoardInit:Bonus,Map,Tile:3,Tile:0,Tile:1,Tile:8,Tile:8,Tile:6,Tile:0,Tile:15,Tile:8,Tile:5,Tile:10,Map,Malus,Tile:11,Tile:9,Tile:10,Malus,Tile:14,Tile:7,Tile:0,Destroy,Tile:12,Bonus,Destroy,Tile:9,Tile:8,Tile:13,Map,Tile:9,Map,Tile:5,Tile:5,Tile:7,Tile:10,Tile:9,Tile:0,Map,Bonus,Tile:6-Tile:5,Tile:8,Destroy,Tile:6,Map,Tile:7,Tile:4-Tile:6,Bonus,Tile:7,Tile:7,Tile:9,Tile:6,Tile:2-Tile:nugget,Tile:hidden1,Tile:hidden2
Tile:6 4 5 1
Tile:7 4 4 0
Tile:5 3 4 1
Map 12 3 0
Tile:7_flip 3 5 1
Tile:6 6 5 0
Destroy 6 5 1
Tile:8 6 5 0
Tile:3_flip 6 6 1
Tile:9_flip 6 4 0
Tile:0 7 6 1
Tile:6 7 5 0
Tile:1 8 5 1
Tile:5_flip 5 6 0
Map 12 3 1
Map 12 3 0
Malus 0 0 1
Drop 0 0 0
Tile:9 5 4 1
Drop 6 0 0
Tile:8 9 5 1
Drop 4 0 0
Tile:8 10 5 1
Drop 1 0 0
Destroy 4 4 1
Drop 4 0 0
Tile:10 5 3 1
Destroy 7 6 0
Tile:9 7 4 1
Drop 1 0 0
Tile:8 11 5 1
Map 12 3 0
Tile:7 11 4 1
Map 12 3 0
Tile:9 10 6 1
Drop 1 0 0
Drop 3 0 1
Drop 3 0 0
Tile:9 6 3 1
Drop 4 0 0
Tile:5 4 6 1
Drop 1 0 0
Drop 0 0 1
Drop 0 0 0
Tile:13 10 4 1
Drop 1 0 0
Tile:6_flip 5 2 1
Drop 2 0 0
Tile:7 4 4 1
Drop 0 0 0
Drop 1 0 1
Drop 0 0 0
Map 12 3 1
Drop 0 0 0
Drop 0 0 1
GAMEOVER DRAW
# Game ended: Thu Apr 02 18:13:20 EDT 2020
