# Server version 0.08 running on nuris-mbp:8123
# Game ID: 215
# Board class: Saboteur.SaboteurBoard
# Timeout: 20000
# First Move Timeout: 30000
# Date: Tue Apr 07 20:26:50 EDT 2020
# Player 1: Player-0, '260713804', running on nuris-mbp
# Player 2: Player-1, 'RandomPlayer', running on nuris-mbp
START Player-0 260713804
START Player-1 RandomPlayer
BoardInit:Destroy,Tile:1,Tile:5,Tile:9,Bonus,Map,Bonus,Tile:7,Destroy,Tile:10,Map,Tile:6,Tile:14,Map,Tile:13,Tile:7,Map,Tile:0,Tile:0,Tile:8,Map,Tile:0,Tile:8,Tile:12,Tile:9,Tile:4,Tile:8,Malus,Tile:6,Tile:10,Tile:6,Tile:7,Tile:0,Tile:9,Tile:6,Tile:5,Tile:5,Tile:9,Tile:7,Tile:11,Tile:6-Bonus,Bonus,Tile:8,Tile:10,Malus,Tile:3,Destroy-Tile:7,Tile:5,Tile:8,Tile:2,Map,Tile:9,Tile:15-Tile:hidden2,Tile:nugget,Tile:hidden1
Drop 5 0 1
Drop 0 0 0
Drop 1 0 1
Drop 0 0 0
Drop 0 0 1
Drop 0 0 0
Tile:5 5 4 1
Drop 0 0 0
Drop 3 0 1
Drop 0 0 0
Drop 1 0 1
Drop 0 0 0
Tile:8 6 4 1
Drop 0 0 0
Map 12 7 1
Drop 0 0 0
Tile:14 7 4 1
Drop 0 0 0
Malus 0 0 1
Drop 0 0 0
Tile:13 4 5 1
Drop 0 0 0
Map 12 3 1
Drop 0 0 0
Tile:8 6 5 1
Drop 0 0 0
Tile:9 4 6 1
Drop 0 0 0
Drop 3 0 1
Drop 0 0 0
Tile:6_flip 3 5 1
Drop 1 0 0
Tile:6 5 6 1
Drop 2 0 0
