# Server version 0.08 running on nuris-mbp:8123
# Game ID: 162
# Board class: Saboteur.SaboteurBoard
# Timeout: 20000
# First Move Timeout: 30000
# Date: Fri Apr 03 14:16:04 EDT 2020
# Player 1: Player-0, '260713804', running on nuris-mbp
# Player 2: Player-1, 'RandomPlayer', running on nuris-mbp
START Player-0 260713804
START Player-1 RandomPlayer
BoardInit:Tile:0,Tile:1,Tile:5,Tile:9,Map,Tile:6,Tile:6,Tile:8,Tile:7,Tile:9,Bonus,Tile:14,Destroy,Tile:7,Tile:8,Bonus,Destroy,Bonus,Map,Tile:3,Tile:6,Tile:11,Tile:0,Tile:0,Destroy,Tile:5,Bonus,Tile:5,Tile:4,Tile:8,Tile:9,Tile:8,Tile:7,Tile:10,Tile:9,Tile:8,Tile:6,Map,Map,Tile:7,Tile:10-Tile:15,Tile:12,Tile:9,Tile:7,Map,Malus,Tile:0-Tile:10,Tile:5,Tile:13,Map,Malus,Tile:2,Tile:6-Tile:hidden2,Tile:hidden1,Tile:nugget
Tile:9_flip 5 4 1
Map 12 3 0
Tile:0 6 5 1
Drop 2 0 0
Tile:7_flip 5 6 1
Drop 3 0 0
Tile:5 4 4 1
Drop 4 0 0
Tile:6 4 5 1
Tile:6_flip 6 6 0
Drop 4 0 1
Tile:6 7 6 0
Map 12 5 1
Drop 6 0 0
Tile:15 5 3 1
Tile:9_flip 6 7 0
Tile:7 5 2 1
Tile:9_flip 6 8 0
Tile:12 8 6 1
Tile:8 7 5 0
Drop 4 0 1
Drop 6 0 0
Drop 1 0 1
Drop 6 0 0
Tile:6_flip 4 2 1
Tile:5 5 7 0
Destroy 4 2 1
Tile:0 4 2 0
Tile:0 8 5 1
Tile:5 3 2 0
Malus 0 0 1
Bonus 0 0 0
Destroy 3 2 1
Tile:5 7 4 0
Drop 0 0 1
Drop 5 0 0
Tile:7_flip 3 2 1
Tile:8 9 5 0
Tile:9 9 4 1
Map 12 7 0
Destroy 5 4 1
Tile:7 3 1 0
Map 12 5 1
Tile:8 10 5 0
Tile:10 9 3 1
Tile:10 10 6 0
Drop 1 0 1
Tile:7 11 5 0
Tile:6_flip 2 1 1
Drop 1 0 0
Tile:9_flip 5 4 1
Tile:10 9 2 0
Map 12 3 1
Drop 0 0 0
Drop 0 0 1
GAMEOVER DRAW
# Game ended: Fri Apr 03 14:16:04 EDT 2020
