# Server version 0.08 running on nuris-mbp:8123
# Game ID: 123
# Board class: Saboteur.SaboteurBoard
# Timeout: 20000
# First Move Timeout: 30000
# Date: Thu Apr 02 18:12:07 EDT 2020
# Player 1: Player-0, '260713804', running on nuris-mbp
# Player 2: Player-1, 'RandomPlayer', running on nuris-mbp
START Player-0 260713804
START Player-1 RandomPlayer
BoardInit:Destroy,Tile:6,Destroy,Tile:8,Tile:9,Tile:10,Tile:8,Map,Map,Tile:8,Bonus,Tile:15,Destroy,Tile:5,Tile:2,Tile:5,Tile:10,Tile:0,Tile:13,Tile:0,Tile:8,Tile:9,Tile:3,Tile:7,Tile:7,Malus,Map,Tile:12,Map,Bonus,Tile:9,Tile:9,Malus,Map,Tile:4,Tile:6,Tile:7,Tile:10,Bonus,Tile:1,Tile:7-Bonus,Tile:7,Tile:6,Tile:5,Tile:5,Tile:11,Tile:6-Tile:0,Tile:8,Map,Tile:0,Tile:9,Tile:14,Tile:6-Tile:hidden1,Tile:hidden2,Tile:nugget
Tile:6_flip 4 5 1
Map 12 3 0
Tile:11 5 6 1
Tile:14 4 6 0
Drop 1 0 1
Tile:9_flip 5 7 0
Drop 2 0 1
Drop 3 0 0
Destroy 5 6 1
Map 12 5 0
Tile:9 5 6 1
Drop 2 0 0
Drop 4 0 1
Drop 6 0 0
Drop 3 0 1
Tile:5 3 6 0
Tile:5_flip 6 5 1
Tile:10 3 7 0
Destroy 5 7 1
Tile:6 5 7 0
Tile:6 3 5 1
Drop 5 0 0
Drop 5 0 1
Tile:0 6 6 0
Tile:3_flip 2 5 1
Tile:9_flip 5 4 0
Tile:10 5 3 1
Tile:0 6 7 0
Map 12 7 1
Drop 1 0 0
Tile:2 7 6 1
Tile:5 3 4 0
Tile:9_flip 8 6 1
Tile:7 2 4 0
Tile:7_flip 3 8 1
Map 12 5 0
Map 12 5 1
Tile:9 6 4 0
Tile:7_flip 1 4 1
Drop 3 0 0
Drop 1 0 1
Tile:8 1 3 0
Tile:7_flip 8 7 1
Tile:1 7 4 0
Drop 4 0 1
Tile:10 1 2 0
Tile:8 5 2 1
Tile:6 4 2 0
Map 12 3 1
Drop 2 0 0
Drop 0 0 1
Tile:8 6 2 0
Malus 0 0 1
Drop 0 0 0
Drop 0 0 1
GAMEOVER DRAW
# Game ended: Thu Apr 02 18:12:13 EDT 2020
