# Server version 0.08 running on nuris-mbp:8123
# Game ID: 37
# Board class: Saboteur.SaboteurBoard
# Timeout: 20000
# First Move Timeout: 30000
# Date: Wed Apr 08 22:06:30 EDT 2020
# Player 1: Player-0, '260713804', running on nuris-mbp
# Player 2: Player-1, 'RandomPlayer', running on nuris-mbp
START Player-0 260713804
START Player-1 RandomPlayer
BoardInit:Tile:8,Tile:15,Tile:13,Tile:0,Map,Tile:5,Bonus,Map,Tile:7,Tile:5,Map,Tile:5,Tile:5,Tile:7,Bonus,Malus,Map,Malus,Tile:7,Tile:11,Map,Tile:1,Tile:6,Destroy,Tile:10,Tile:9,Tile:2,Tile:6,Tile:0,Tile:12,Tile:9,Tile:10,Destroy,Tile:8,Tile:8,Tile:6,Tile:9,Tile:9,Tile:9,Tile:0,Tile:0-Tile:6,Tile:14,Tile:6,Tile:8,Tile:7,Tile:8,Tile:10-Bonus,Tile:4,Destroy,Bonus,Tile:7,Map,Tile:3-Tile:nugget,Tile:hidden2,Tile:hidden1
Tile:14_flip 4 5 1
Map 12 5 0
Tile:8 4 6 1
Drop 0 0 0
Tile:6_flip 5 4 1
Drop 0 0 0
Drop 6 0 1
Drop 0 0 0
Tile:8 3 6 1
Map 12 3 0
Drop 1 0 1
Drop 0 0 0
Tile:7_flip 2 6 1
Drop 1 0 0
Tile:6_flip 2 5 1
Drop 1 0 0
Drop 0 0 1
Tile:5_flip 5 6 0
Map 12 3 1
Drop 5 0 0
Tile:8 4 7 1
Drop 6 0 0
Drop 5 0 1
Drop 6 0 0
Drop 0 0 1
Drop 6 0 0
Drop 0 0 1
Drop 4 0 0
Drop 6 0 1
Tile:6 6 4 0
Drop 3 0 1
Tile:9 6 3 0
Tile:9_flip 6 2 1
Tile:0 7 3 0
Tile:0 7 4 1
Tile:8 8 3 0
Tile:8 1 5 1
Tile:6_flip 9 3 0
Tile:6_flip 10 3 1
Drop 4 0 0
Tile:5_flip 1 6 1
Tile:0 11 3 0
GAMEOVER WINNER 0
# Game ended: Wed Apr 08 22:06:31 EDT 2020
