# Server version 0.08 running on nuris-mbp:8123
# Game ID: 221
# Board class: Saboteur.SaboteurBoard
# Timeout: 20000
# First Move Timeout: 30000
# Date: Tue Apr 07 20:43:56 EDT 2020
# Player 1: Player-0, '260713804', running on nuris-mbp
# Player 2: Player-1, 'RandomPlayer', running on nuris-mbp
START Player-0 260713804
START Player-1 RandomPlayer
BoardInit:Tile:7,Bonus,Tile:7,Tile:7,Tile:8,Tile:0,Tile:7,Tile:14,Malus,Tile:6,Tile:2,Map,Tile:9,Tile:8,Map,Tile:7,Tile:0,Tile:10,Tile:8,Destroy,Map,Malus,Tile:9,Map,Tile:10,Tile:9,Tile:6,Tile:8,Tile:4,Tile:10,Tile:5,Destroy,Tile:6,Map,Bonus,Tile:0,Tile:5,Tile:12,Tile:6,Bonus,Tile:6-Tile:5,Tile:5,Tile:3,Bonus,Map,Tile:0,Tile:11-Destroy,Tile:8,Tile:9,Tile:1,Tile:9,Tile:13,Tile:15-Tile:hidden2,Tile:hidden1,Tile:nugget
Tile:3_flip 5 6 1
Drop 0 0 0
Tile:5 5 4 1
Drop 0 0 0
Map 12 5 1
Drop 0 0 0
Tile:5_flip 6 4 1
Drop 0 0 0
Tile:0 6 6 1
Drop 0 0 0
Tile:11 4 5 1
Tile:13 7 6 0
Tile:7 4 4 1
GAMEOVER ILLEGAL MOVE: Player 0, CardUsed: (Tile:0), PosOfUse: (5, 6) WINNER 1
# Game ended: Tue Apr 07 20:44:01 EDT 2020
