# Server version 0.08 running on nuris-mbp:8123
# Game ID: 52
# Board class: Saboteur.SaboteurBoard
# Timeout: 20000
# First Move Timeout: 30000
# Date: Thu Apr 09 16:56:30 EDT 2020
# Player 1: Player-0, '260713804', running on localhost
# Player 2: Player-1, 'RandomPlayer', running on localhost
START Player-0 260713804
START Player-1 RandomPlayer
BoardInit:Tile:7,Tile:4,Tile:9,Tile:8,Tile:15,Tile:2,Tile:12,Tile:7,Map,Destroy,Bonus,Tile:5,Tile:0,Malus,Tile:11,Tile:9,Tile:10,Tile:6,Tile:6,Tile:7,Tile:13,Tile:10,Tile:8,Tile:9,Map,Tile:0,Tile:8,Malus,Tile:8,Map,Tile:0,Destroy,Destroy,Tile:8,Tile:6,Tile:5,Tile:1,Bonus,Bonus,Tile:6,Tile:9-Tile:14,Tile:7,Tile:5,Tile:5,Map,Tile:9,Tile:3-Tile:7,Tile:6,Map,Tile:0,Tile:10,Bonus,Map-Tile:nugget,Tile:hidden1,Tile:hidden2
Map 12 3 1
Map 12 5 0
Tile:5_flip 5 6 1
Map 12 3 0
Tile:9_flip 6 5 1
Tile:8 6 4 0
Tile:14_flip 5 4 1
Tile:6_flip 6 3 0
Tile:7_flip 5 3 1
Tile:0 7 3 0
Tile:9 6 6 1
Destroy 5 4 0
Tile:7 7 4 1
Drop 3 0 0
Drop 2 0 1
Malus 0 0 0
Drop 0 0 1
Drop 3 0 0
Bonus 0 0 1
Tile:6_flip 8 3 0
Tile:3 9 3 1
Tile:7_flip 8 4 0
Tile:11 4 5 1
Tile:9_flip 5 2 0
Tile:6 4 6 1
Tile:5 5 4 0
Tile:13 7 6 1
Tile:9 7 5 0
Drop 6 0 1
Malus 0 0 0
Map 12 7 1
Drop 6 0 0
Map 12 3 1
Destroy 4 5 0
Destroy 5 2 1
Tile:8 9 4 0
Drop 3 0 1
Tile:5 5 2 0
Drop 6 0 1
Drop 0 0 0
Drop 4 0 1
Tile:6 10 4 0
Drop 5 0 1
Drop 0 0 0
Drop 4 0 1
Tile:7 8 5 0
Drop 2 0 1
Tile:7_flip 9 5 0
Drop 0 0 1
Drop 1 0 0
Drop 0 0 1
Drop 0 0 0
Drop 1 0 1
Drop 0 0 0
Drop 0 0 1
GAMEOVER DRAW
# Game ended: Thu Apr 09 16:56:32 EDT 2020
