# Server version 0.08 running on nuris-mbp:8123
# Game ID: 192
# Board class: Saboteur.SaboteurBoard
# Timeout: 20000
# First Move Timeout: 30000
# Date: Tue Apr 07 16:25:19 EDT 2020
# Player 1: Player-0, '260713804', running on nuris-mbp
# Player 2: Player-1, 'RandomPlayer', running on nuris-mbp
START Player-0 260713804
START Player-1 RandomPlayer
BoardInit:Tile:13,Tile:8,Tile:0,Bonus,Tile:9,Destroy,Tile:3,Tile:15,Tile:0,Tile:10,Tile:7,Map,Destroy,Malus,Destroy,Tile:8,Tile:5,Tile:6,Bonus,Tile:7,Tile:6,Tile:10,Tile:9,Tile:8,Bonus,Tile:8,Tile:2,Tile:11,Malus,Tile:5,Tile:12,Tile:6,Map,Tile:5,Tile:7,Tile:7,Map,Map,Tile:7,Tile:1,Tile:6-Tile:4,Tile:5,Tile:6,Tile:9,Tile:8,Tile:0,Tile:9-Map,Tile:0,Bonus,Tile:9,Tile:14,Map,Tile:10-Tile:nugget,Tile:hidden1,Tile:hidden2
Tile:6_flip 5 4 1
Drop 0 0 0
Tile:9 4 4 1
Drop 0 0 0
Tile:0 6 5 1
Drop 0 0 0
Tile:9 5 6 1
Drop 0 0 0
Tile:0 6 4 1
Drop 0 0 0
Tile:9_flip 7 4 1
Drop 0 0 0
Tile:7 6 6 1
Drop 0 0 0
Drop 5 0 1
Drop 1 0 0
Destroy 7 4 1
Drop 1 0 0
Tile:5_flip 5 7 1
