# Server version 0.08 running on nuris-mbp:8123
# Game ID: 142
# Board class: Saboteur.SaboteurBoard
# Timeout: 20000
# First Move Timeout: 30000
# Date: Fri Apr 03 13:27:34 EDT 2020
# Player 1: Player-0, '260713804', running on nuris-mbp
# Player 2: Player-1, 'RandomPlayer', running on nuris-mbp
START Player-0 260713804
START Player-1 RandomPlayer
BoardInit:Destroy,Tile:5,Tile:7,Tile:9,Tile:5,Map,Tile:11,Tile:8,Map,Tile:7,Tile:8,Tile:8,Tile:13,Tile:10,Malus,Tile:7,Bonus,Bonus,Map,Tile:6,Bonus,Map,Tile:2,Tile:5,Bonus,Destroy,Destroy,Tile:6,Tile:10,Tile:12,Tile:10,Tile:0,Malus,Tile:3,Tile:9,Tile:1,Tile:7,Tile:9,Tile:6,Map,Tile:8-Tile:15,Tile:7,Tile:9,Tile:6,Tile:6,Tile:14,Tile:0-Tile:9,Tile:0,Map,Tile:5,Tile:0,Tile:8,Tile:4-Tile:hidden1,Tile:nugget,Tile:hidden2
Tile:9_flip 5 4 1
Map 12 3 0
Tile:6_flip 6 5 1
Tile:8 6 6 0
Tile:6 7 6 1
Tile:9 5 6 0
Drop 6 0 1
Map 12 5 0
Tile:14 5 7 1
Tile:0 8 6 0
Drop 3 0 1
Tile:5 4 5 0
Map 12 3 1
Tile:0 9 6 0
Tile:7_flip 4 4 1
Tile:4 5 3 0
Tile:8 4 7 1
Tile:10 4 6 0
Tile:7 4 3 1
Tile:8 3 3 0
Tile:13 3 2 1
Tile:7 7 5 0
Tile:0 2 2 1
Map 12 5 0
Drop 4 0 1
Drop 4 0 0
Tile:11_flip 10 6 1
Tile:9_flip 10 5 0
Destroy 7 5 1
Tile:6_flip 3 1 0
Drop 3 0 1
Tile:7_flip 10 7 0
Tile:10 6 7 1
Tile:5_flip 4 2 0
Tile:2 11 7 1
Tile:0 9 5 0
Tile:9 3 7 1
Drop 3 0 0
Tile:10 3 4 1
Tile:3_flip 8 5 0
Tile:6 2 1 1
Map 12 5 0
Tile:7 7 5 1
Destroy 6 5 0
Drop 4 0 1
Tile:8 10 4 0
Tile:15 4 8 1
Tile:5_flip 4 9 0
Drop 3 0 1
Tile:9_flip 3 5 0
Drop 0 0 1
Drop 1 0 0
Drop 1 0 1
Tile:12_flip 2 3 0
Drop 0 0 1
GAMEOVER DRAW
# Game ended: Fri Apr 03 13:27:34 EDT 2020
