# Server version 0.08 running on nuris-mbp:8123
# Game ID: 32
# Board class: Saboteur.SaboteurBoard
# Timeout: 20000
# First Move Timeout: 30000
# Date: Wed Apr 08 22:06:01 EDT 2020
# Player 1: Player-0, '260713804', running on nuris-mbp
# Player 2: Player-1, 'RandomPlayer', running on nuris-mbp
START Player-0 260713804
START Player-1 RandomPlayer
BoardInit:Destroy,Tile:8,Tile:9,Tile:4,Tile:8,Tile:7,Tile:0,Tile:3,Destroy,Tile:0,Map,Tile:2,Bonus,Tile:9,Tile:12,Tile:14,Tile:9,Tile:8,Tile:5,Tile:5,Malus,Map,Tile:10,Tile:9,Tile:6,Tile:7,Tile:6,Map,Map,Tile:15,Tile:13,Destroy,Bonus,Tile:10,Tile:9,Tile:0,Tile:5,Tile:6,Bonus,Tile:0,Tile:7-Map,Tile:8,Map,Bonus,Tile:11,Tile:5,Tile:10-Tile:7,Tile:6,Tile:1,Tile:7,Tile:6,Tile:8,Malus-Tile:nugget,Tile:hidden1,Tile:hidden2
Map 12 5 1
Tile:6_flip 6 5 0
Tile:11 4 5 1
Tile:6_flip 7 5 0
Map 12 3 1
Tile:8 8 5 0
Drop 5 0 1
Tile:8 9 5 0
Tile:8 8 4 1
Drop 1 0 0
Destroy 9 5 1
Tile:0 9 5 0
Destroy 7 5 1
Drop 3 0 0
Tile:8 6 6 1
Drop 4 0 0
Drop 0 0 1
Drop 4 0 0
Tile:9 8 3 1
Tile:8 10 5 0
Tile:0 7 5 1
Drop 5 0 0
Tile:5 5 4 1
Map 12 5 0
Tile:12 7 6 1
Tile:5_flip 6 4 0
Drop 3 0 1
Tile:7_flip 8 6 0
Tile:6 6 7 1
Map 12 3 0
Tile:6_flip 6 3 1
Drop 6 0 0
Map 12 7 1
Drop 6 0 0
Drop 4 0 1
Tile:9 10 6 0
Tile:13 5 6 1
Tile:0 11 5 0
Tile:9 12 4 1
GAMEOVER WINNER 1
# Game ended: Wed Apr 08 22:06:01 EDT 2020
