# Server version 0.08 running on nuris-mbp:8123
# Game ID: 94
# Board class: Saboteur.SaboteurBoard
# Timeout: 20000
# First Move Timeout: 30000
# Date: Wed Apr 01 16:26:04 EDT 2020
# Player 1: Player-0, '260713804', running on nuris-mbp
# Player 2: Player-1, 'RandomPlayer', running on nuris-mbp
START Player-0 260713804
START Player-1 RandomPlayer
BoardInit:Tile:0,Tile:0,Tile:14,Tile:9,Tile:13,Tile:6,Tile:7,Destroy,Tile:5,Tile:8,Tile:10,Malus,Tile:7,Tile:6,Tile:5,Tile:8,Tile:7,Tile:7,Map,Tile:15,Map,Tile:9,Malus,Bonus,Tile:6,Bonus,Tile:2,Tile:5,Tile:9,Tile:9,Tile:8,Map,Tile:6,Tile:10,Tile:6,Tile:8,Map,Map,Tile:12,Bonus,Tile:4-Tile:1,Destroy,Tile:3,Destroy,Tile:8,Tile:0,Tile:7-Tile:5,Map,Bonus,Tile:9,Tile:10,Tile:11,Tile:0-Tile:hidden1,Tile:hidden2,Tile:nugget
Tile:0 4 5 1
Tile:9_flip 5 4 0
Tile:8 5 3 1
Tile:11_flip 6 5 0
Tile:7_flip 4 3 1
Tile:5_flip 6 6 0
Tile:14_flip 6 4 1
Tile:0 6 3 0
Tile:7 5 2 1
Destroy 5 3 0
Tile:0 7 4 1
Tile:9 5 6 0
Tile:1 7 3 1
Tile:0 8 4 0
Destroy 6 5 1
Tile:6 8 3 0
Tile:5 4 2 1
Malus 0 0 0
Destroy 6 3 1
Tile:6 6 3 0
Map 12 7 1
Tile:8 6 5 0
Map 12 7 1
Tile:8 5 3 0
Drop 5 0 1
Drop 4 0 0
Drop 0 0 1
Tile:9 5 7 0
Drop 6 0 1
Tile:7 6 7 0
Drop 1 0 1
Tile:9_flip 8 2 0
Drop 4 0 1
Map 12 7 0
Drop 0 0 1
Drop 3 0 0
Drop 4 0 1
Tile:10 5 8 0
Map 12 5 1
Tile:5 6 2 0
Drop 4 0 1
Drop 2 0 0
Drop 5 0 1
Tile:10 6 8 0
Drop 4 0 1
Drop 3 0 0
Drop 3 0 1
Tile:8 6 9 0
Drop 2 0 1
Drop 2 0 0
Drop 0 0 1
Drop 0 0 0
Drop 1 0 1
Drop 0 0 0
Drop 0 0 1
GAMEOVER DRAW
