# Server version 0.08 running on nuris-mbp:8123
# Game ID: 31
# Board class: Saboteur.SaboteurBoard
# Timeout: 20000
# First Move Timeout: 30000
# Date: Wed Apr 08 18:09:19 EDT 2020
# Player 1: Player-0, '260713804', running on nuris-mbp
# Player 2: Player-1, 'RandomPlayer', running on nuris-mbp
START Player-0 260713804
START Player-1 RandomPlayer
BoardInit:Tile:12,Bonus,Malus,Destroy,Tile:4,Tile:2,Tile:7,Tile:9,Tile:9,Tile:7,Tile:5,Tile:9,Bonus,Tile:0,Tile:14,Tile:7,Map,Tile:13,Tile:6,Tile:6,Tile:8,Tile:15,Tile:11,Tile:0,Map,Tile:9,Tile:6,Tile:3,Tile:6,Bonus,Map,Tile:9,Tile:8,Tile:0,Tile:8,Tile:8,Tile:0,Tile:10,Tile:5,Tile:7,Bonus-Tile:5,Tile:6,Tile:10,Map,Tile:10,Destroy,Malus-Map,Tile:1,Tile:8,Map,Destroy,Tile:5,Tile:7-Tile:nugget,Tile:hidden2,Tile:hidden1
Drop 2 0 1
Map 12 5 0
Tile:6 6 5 1
Map 12 3 0
Map 12 7 1
Tile:8 7 5 0
Tile:5 4 5 1
Drop 0 0 0
Drop 0 0 1
Drop 0 0 0
Tile:4_flip 4 6 1
Drop 2 0 0
Tile:7 7 4 1
Drop 2 0 0
Tile:9 7 6 1
Tile:0 8 5 0
Malus 0 0 1
Drop 2 0 0
Tile:12 9 5 1
Drop 6 0 0
Tile:6_flip 5 4 1
Drop 3 0 0
Drop 1 0 1
Drop 6 0 0
Tile:11_flip 7 7 1
Drop 1 0 0
Destroy 7 4 1
Drop 4 0 0
Tile:14_flip 6 7 1
Drop 6 0 0
Tile:6 4 4 1
Drop 6 0 0
Tile:6 7 8 1
Drop 5 0 0
Tile:8 6 4 1
Drop 1 0 0
Map 12 5 1
Drop 4 0 0
Map 12 7 1
Drop 0 0 0
Drop 2 0 1
Drop 0 0 0
Tile:8 7 4 1
Drop 2 0 0
Drop 4 0 1
Drop 1 0 0
Tile:8 4 3 1
Drop 1 0 0
Tile:0 5 3 1
Drop 1 0 0
Tile:5 3 4 1
Drop 1 0 0
Drop 1 0 1
Drop 0 0 0
Drop 0 0 1
GAMEOVER DRAW
# Game ended: Wed Apr 08 18:09:19 EDT 2020
