# Server version 0.08 running on nuris-mbp:8123
# Game ID: 154
# Board class: Saboteur.SaboteurBoard
# Timeout: 20000
# First Move Timeout: 30000
# Date: Fri Apr 03 13:53:15 EDT 2020
# Player 1: Player-0, '260713804', running on nuris-mbp
# Player 2: Player-1, 'RandomPlayer', running on nuris-mbp
START Player-0 260713804
START Player-1 RandomPlayer
BoardInit:Tile:8,Tile:7,Tile:9,Tile:7,Tile:8,Tile:14,Tile:6,Tile:6,Tile:5,Tile:10,Tile:7,Map,Map,Tile:8,Tile:9,Map,Tile:12,Tile:9,Tile:5,Tile:8,Tile:8,Tile:15,Malus,Tile:1,Tile:5,Tile:0,Tile:5,Tile:3,Tile:2,Bonus,Bonus,Tile:10,Bonus,Bonus,Tile:11,Tile:13,Tile:7,Tile:0,Tile:4,Tile:7,Tile:9-Tile:6,Destroy,Map,Map,Tile:0,Tile:9,Tile:6-Malus,Tile:0,Destroy,Tile:10,Destroy,Tile:6,Map-Tile:hidden1,Tile:nugget,Tile:hidden2
Tile:9_flip 6 5 1
Map 12 3 0
Map 12 3 1
Destroy 6 5 0
Tile:8 6 5 1
Tile:10 5 6 0
Tile:9 6 4 1
Drop 6 0 0
Map 12 3 1
Drop 5 0 0
Tile:6 7 4 1
Tile:6_flip 4 5 0
Tile:5 3 5 1
Map 12 5 0
Tile:6_flip 7 5 1
Tile:6 8 5 0
Tile:9_flip 8 4 1
Map 12 5 0
Map 12 3 1
Tile:7 9 5 0
Tile:6 5 7 1
Tile:10 6 6 0
Destroy 8 5 1
Drop 6 0 0
Tile:8 8 5 1
Drop 6 0 0
Tile:8 9 6 1
Tile:9 3 6 0
Tile:5_flip 4 6 1
Drop 6 0 0
Tile:12_flip 4 7 1
Destroy 6 5 0
Tile:2 7 3 1
Tile:8 6 5 0
Drop 3 0 1
Tile:8 6 3 0
Tile:11 8 6 1
Drop 6 0 0
Tile:7_flip 8 7 1
Drop 5 0 0
Drop 4 0 1
Tile:7 6 2 0
Tile:7_flip 5 2 1
Tile:10 7 6 0
Drop 4 0 1
Tile:0 10 6 0
Tile:9_flip 5 4 1
Tile:0 4 4 0
Tile:0 11 6 1
Drop 0 0 0
Tile:5_flip 6 7 1
Tile:0 3 4 0
Malus 0 0 1
Bonus 0 0 0
Drop 0 0 1
GAMEOVER DRAW
# Game ended: Fri Apr 03 13:53:15 EDT 2020
