# Server version 0.08 running on nuris-mbp:8123
# Game ID: 220
# Board class: Saboteur.SaboteurBoard
# Timeout: 20000
# First Move Timeout: 30000
# Date: Tue Apr 07 20:42:39 EDT 2020
# Player 1: Player-0, '260713804', running on nuris-mbp
# Player 2: Player-1, 'RandomPlayer', running on nuris-mbp
START Player-0 260713804
START Player-1 RandomPlayer
BoardInit:Tile:0,Tile:4,Tile:8,Tile:9,Tile:14,Bonus,Tile:6,Tile:9,Tile:0,Tile:7,Tile:9,Tile:8,Tile:7,Map,Tile:7,Tile:6,Bonus,Tile:8,Tile:6,Tile:3,Malus,Destroy,Bonus,Tile:7,Tile:0,Tile:5,Tile:10,Map,Tile:2,Tile:5,Map,Tile:6,Tile:12,Tile:0,Tile:15,Tile:9,Map,Destroy,Bonus,Tile:6,Tile:1-Map,Map,Tile:7,Tile:5,Tile:10,Tile:13,Tile:5-Tile:8,Tile:9,Tile:10,Tile:11,Tile:8,Destroy,Malus-Tile:hidden1,Tile:nugget,Tile:hidden2
Tile:5 5 4 1
Drop 0 0 0
Map 12 5 1
Drop 0 0 0
Tile:7_flip 5 6 1
Drop 0 0 0
Map 12 5 1
Drop 0 0 0
Tile:13 6 5 1
Drop 0 0 0
Drop 1 0 1
Drop 0 0 0
Tile:8 7 5 1
Drop 0 0 0
Tile:9 4 5 1
Drop 0 0 0
Tile:10 7 4 1
Drop 0 0 0
Tile:7 6 4 1
Drop 0 0 0
Tile:6 6 6 1
Drop 0 0 0
Tile:0 8 5 1
Drop 0 0 0
Tile:14_flip 7 3 1
Drop 0 0 0
Tile:7 4 4 1
Drop 0 0 0
Tile:6 9 5 1
Drop 0 0 0
Tile:0 10 5 1
Drop 0 0 0
Malus 0 0 1
Drop 0 0 0
Tile:10 9 4 1
Drop 0 0 0
Tile:15 4 6 1
Map 12 3 0
Map 12 5 1
Drop 5 0 0
Tile:2_flip 3 4 1
Destroy 6 5 0
Tile:0 11 5 1
Drop 1 0 0
Tile:12 8 3 1
Drop 1 0 0
Drop 0 0 1
Drop 0 0 0
Map 12 3 1
Drop 2 0 0
Drop 0 0 1
Drop 1 0 0
Tile:1 2 4 1
Drop 0 0 0
Drop 0 0 1
GAMEOVER DRAW
# Game ended: Tue Apr 07 20:42:39 EDT 2020
