# Server version 0.08 running on nuris-mbp:8123
# Game ID: 99
# Board class: Saboteur.SaboteurBoard
# Timeout: 20000
# First Move Timeout: 30000
# Date: Wed Apr 01 16:31:06 EDT 2020
# Player 1: Player-0, '260713804', running on nuris-mbp
# Player 2: Player-1, 'RandomPlayer', running on nuris-mbp
START Player-0 260713804
START Player-1 RandomPlayer
BoardInit:Tile:6,Tile:2,Destroy,Malus,Tile:0,Tile:7,Map,Tile:10,Map,Tile:7,Tile:8,Tile:9,Tile:12,Map,Tile:9,Map,Tile:6,Tile:6,Tile:15,Tile:8,Bonus,Tile:9,Tile:5,Tile:9,Tile:4,Tile:7,Tile:8,Tile:11,Tile:6,Tile:6,Malus,Tile:3,Tile:0,Tile:7,Tile:13,Tile:0,Tile:5,Tile:0,Tile:10,Tile:7,Destroy-Tile:5,Destroy,Tile:9,Tile:14,Tile:1,Bonus,Map-Tile:10,Bonus,Tile:8,Map,Tile:8,Tile:5,Bonus-Tile:nugget,Tile:hidden2,Tile:hidden1
Tile:5_flip 5 6 1
Map 12 3 0
Destroy 5 6 1
Tile:8 5 6 0
Map 12 7 1
Tile:5 4 6 0
Tile:9_flip 6 6 1
Tile:7 5 4 0
Tile:14 6 7 1
Drop 3 0 0
Drop 1 0 1
Tile:8 4 4 0
Tile:6_flip 6 5 1
Tile:7_flip 5 7 0
Tile:12_flip 3 4 1
Map 12 3 0
Tile:1 7 5 1
Map 12 3 0
Map 12 7 1
Tile:6 4 5 0
Destroy 4 6 1
Tile:2 4 3 0
Drop 5 0 1
Drop 0 0 0
Tile:5_flip 5 3 1
Tile:8 8 5 0
Tile:6_flip 5 2 1
Tile:9_flip 8 4 0
Tile:0 3 5 1
Tile:11 2 5 0
Map 12 3 1
Drop 5 0 0
Tile:6 7 4 1
Tile:3_flip 6 4 0
Tile:9_flip 7 3 1
Tile:6_flip 7 2 0
Tile:8 9 5 1
Tile:9_flip 8 6 0
Tile:13 2 6 1
Tile:0 10 5 0
Tile:0 11 5 1
Tile:7_flip 9 6 0
Destroy 6 6 1
Drop 2 0 0
Malus 0 0 1
Drop 4 0 0
Tile:5 8 3 1
Drop 1 0 0
Tile:8 9 3 1
Drop 2 0 0
Tile:10 2 4 1
Drop 0 0 0
Tile:4_flip 8 7 1
Drop 0 0 0
Drop 0 0 1
GAMEOVER DRAW
# Game ended: Wed Apr 01 16:31:06 EDT 2020
