# Server version 0.08 running on nuris-mbp:8123
# Game ID: 96
# Board class: Saboteur.SaboteurBoard
# Timeout: 20000
# First Move Timeout: 30000
# Date: Wed Apr 01 16:28:23 EDT 2020
# Player 1: Player-0, '260713804', running on nuris-mbp
# Player 2: Player-1, 'RandomPlayer', running on nuris-mbp
START Player-0 260713804
START Player-1 RandomPlayer
BoardInit:Tile:9,Tile:13,Tile:12,Tile:3,Tile:14,Bonus,Map,Tile:8,Tile:6,Map,Tile:6,Destroy,Tile:0,Tile:7,Tile:9,Tile:6,Tile:9,Tile:10,Bonus,Tile:6,Tile:7,Tile:8,Malus,Tile:7,Tile:8,Tile:6,Tile:5,Tile:15,Tile:5,Destroy,Map,Tile:0,Tile:5,Malus,Tile:8,Tile:2,Bonus,Tile:0,Map,Tile:10,Tile:5-Tile:11,Tile:10,Map,Tile:7,Map,Tile:4,Tile:8-Bonus,Tile:9,Destroy,Tile:0,Tile:9,Tile:1,Tile:7-Tile:hidden2,Tile:hidden1,Tile:nugget
Tile:8 5 4 1
Tile:7 6 4 0
Map 12 3 1
Tile:9 4 5 0
Tile:4_flip 4 6 1
Destroy 5 4 0
Tile:14_flip 5 4 1
Drop 4 0 0
Tile:11_flip 4 4 1
Tile:3_flip 5 6 0
Tile:7_flip 3 4 1
Tile:0 6 6 0
Tile:9_flip 3 3 1
Destroy 4 5 0
Map 12 5 1
Tile:7_flip 2 3 0
Tile:9_flip 7 6 1
Tile:6 6 5 0
Tile:9 4 3 1
Tile:8 4 5 0
Tile:6_flip 7 5 1
Tile:9 2 2 0
Tile:0 3 5 1
Tile:10 2 1 0
Drop 0 0 1
Tile:1 5 3 0
Tile:6_flip 4 2 1
Tile:6 6 3 0
Drop 5 0 1
Tile:6 5 2 0
Tile:5_flip 7 3 1
Destroy 5 6 0
Tile:7_flip 5 6 1
Tile:7_flip 2 5 0
Tile:5_flip 8 5 1
Tile:8 7 2 0
Tile:8 2 0 1
Tile:2 6 2 0
Map 12 3 1
Tile:15 8 4 0
Drop 1 0 1
Drop 2 0 0
Tile:5_flip 7 7 1
Tile:0 1 0 0
Tile:12_flip 6 7 1
Malus 0 0 0
Bonus 0 0 1
Tile:10 5 1 0
Tile:5 5 0 1
Tile:0 6 0 0
Map 12 5 1
Drop 0 0 0
Map 12 7 1
Drop 0 0 0
Malus 0 0 1
GAMEOVER DRAW
# Game ended: Wed Apr 01 16:28:55 EDT 2020
