# Server version 0.08 running on nuris-mbp:8123
# Game ID: 203
# Board class: Saboteur.SaboteurBoard
# Timeout: 20000
# First Move Timeout: 30000
# Date: Tue Apr 07 18:58:29 EDT 2020
# Player 1: Player-0, '260713804', running on nuris-mbp
# Player 2: Player-1, 'RandomPlayer', running on nuris-mbp
START Player-0 260713804
START Player-1 RandomPlayer
BoardInit:Tile:8,Tile:10,Tile:5,Tile:15,Tile:7,Tile:9,Tile:14,Tile:4,Tile:7,Bonus,Tile:3,Tile:6,Tile:10,Tile:8,Tile:0,Tile:1,Tile:12,Destroy,Tile:7,Tile:0,Malus,Tile:9,Map,Bonus,Tile:6,Tile:6,Tile:2,Map,Tile:9,Tile:8,Map,Bonus,Tile:9,Tile:13,Tile:7,Tile:0,Bonus,Tile:0,Malus,Tile:5,Destroy-Tile:7,Tile:11,Tile:6,Tile:10,Map,Tile:6,Tile:9-Map,Tile:5,Tile:8,Tile:5,Tile:8,Destroy,Map-Tile:hidden2,Tile:nugget,Tile:hidden1
Map 12 7 1
Map 12 5 0
Tile:9_flip 6 5 1
Tile:8 5 4 0
Drop 3 0 1
Tile:15 5 3 0
Tile:7_flip 5 6 1
Map 12 3 0
Tile:14_flip 4 4 1
Tile:5_flip 6 6 0
Tile:6_flip 6 4 1
Drop 4 0 0
Tile:6 7 4 1
Drop 6 0 0
Drop 2 0 1
Drop 1 0 0
Tile:3 7 3 1
Tile:4 5 2 0
Tile:7_flip 6 3 1
Destroy 4 4 0
Tile:0 4 4 1
Tile:10 6 2 0
Drop 1 0 1
Tile:8 8 4 0
Tile:11 8 3 1
Tile:5_flip 9 3 0
Map 12 3 1
Tile:0 4 5 0
Tile:10 9 2 1
Tile:6_flip 9 4 0
Tile:6 10 4 1
Tile:8 6 1 0
Tile:7 6 0 1
Destroy 9 2 0
Tile:9_flip 9 5 1
Map 12 7 0
Tile:9_flip 9 6 1
Tile:9 8 5 0
Drop 6 0 1
Drop 2 0 0
Map 12 7 1
Tile:0 5 0 0
Tile:7_flip 8 6 1
Tile:0 3 5 0
Tile:2 8 2 1
Drop 3 0 0
Destroy 9 3 1
Tile:1 5 1 0
Tile:12 7 1 1
Tile:5_flip 11 4 0
Drop 0 0 1
Drop 0 0 0
Tile:7 11 3 1
Drop 0 0 0
Malus 0 0 1
GAMEOVER DRAW
# Game ended: Tue Apr 07 18:58:29 EDT 2020
