# Server version 0.08 running on nuris-mbp:8123
# Game ID: 171
# Board class: Saboteur.SaboteurBoard
# Timeout: 20000
# First Move Timeout: 30000
# Date: Mon Apr 06 14:45:13 EDT 2020
# Player 1: Player-0, '260713804', running on nuris-mbp
# Player 2: Player-1, 'RandomPlayer', running on nuris-mbp
START Player-0 260713804
START Player-1 RandomPlayer
BoardInit:Tile:0,Tile:10,Tile:7,Bonus,Tile:11,Tile:6,Map,Bonus,Tile:7,Tile:0,Tile:7,Tile:6,Bonus,Tile:8,Tile:3,Malus,Map,Tile:9,Tile:0,Tile:7,Tile:6,Destroy,Map,Malus,Map,Tile:9,Tile:8,Bonus,Tile:15,Destroy,Tile:5,Tile:5,Tile:8,Tile:9,Tile:12,Tile:9,Destroy,Map,Tile:6,Tile:2,Tile:13-Tile:6,Tile:10,Tile:4,Map,Tile:8,Tile:10,Tile:5-Tile:9,Tile:0,Tile:1,Tile:7,Tile:5,Tile:8,Tile:14-Tile:nugget,Tile:hidden2,Tile:hidden1
Map 12 3 1
Drop 0 0 0
Tile:6 6 5 1
Drop 0 0 0
Tile:10 6 4 1
Drop 0 0 0
Tile:8 7 5 1
Drop 0 0 0
Tile:10 5 4 1
Drop 0 0 0
Map 12 3 1
Tile:8 8 5 0
Tile:4 5 3 1
Drop 0 0 0
Tile:7 9 5 1
Drop 0 0 0
Tile:7 8 4 1
Drop 0 0 0
Tile:3_flip 4 5 1
Drop 0 0 0
Tile:11_flip 8 6 1
Drop 0 0 0
Tile:5_flip 5 6 1
Drop 0 0 0
Map 12 7 1
Drop 0 0 0
Drop 3 0 1
Drop 1 0 0
Tile:7_flip 7 6 1
Drop 1 0 0
Tile:6 8 7 1
Drop 1 0 0
Tile:5 4 6 1
Drop 1 0 0
Tile:15 6 3 1
Drop 1 0 0
Tile:12 9 7 1
Drop 1 0 0
Map 12 5 1
Map 12 5 0
Destroy 6 4 1
Drop 1 0 0
Tile:8 7 4 1
Drop 1 0 0
Map 12 5 1
Drop 1 0 0
Tile:6_flip 7 7 1
Tile:8 7 8 0
Tile:8 6 8 1
Drop 0 0 0
Tile:0 5 8 1
Drop 0 0 0
Tile:13 7 9 1
Drop 0 0 0
