# Server version 0.08 running on nuris-mbp:8123
# Game ID: 43
# Board class: Saboteur.SaboteurBoard
# Timeout: 20000
# First Move Timeout: 30000
# Date: Wed Apr 08 18:10:19 EDT 2020
# Player 1: Player-0, '260713804', running on nuris-mbp
# Player 2: Player-1, '260713804', running on nuris-mbp
START Player-0 260713804
START Player-1 260713804
BoardInit:Tile:8,Tile:8,Bonus,Tile:6,Tile:4,Tile:9,Malus,Tile:9,Tile:7,Tile:9,Tile:5,Tile:9,Tile:7,Map,Tile:6,Tile:11,Tile:8,Tile:0,Tile:7,Bonus,Tile:15,Tile:7,Tile:0,Tile:6,Malus,Tile:1,Tile:5,Tile:10,Tile:6,Tile:5,Tile:6,Map,Tile:9,Tile:0,Tile:0,Destroy,Bonus,Tile:14,Tile:13,Destroy,Tile:10-Tile:8,Tile:7,Tile:8,Tile:3,Tile:12,Bonus,Tile:10-Map,Destroy,Map,Tile:5,Map,Map,Tile:2-Tile:hidden1,Tile:nugget,Tile:hidden2
Tile:8 6 5 1
Map 12 5 0
Tile:8 7 5 1
Tile:8 8 5 0
Tile:8 9 5 1
Tile:6 10 5 0
Drop 1 0 1
Drop 0 0 0
Drop 1 0 1
Drop 4 0 0
Drop 1 0 1
Tile:5_flip 5 6 0
Drop 2 0 1
Tile:9_flip 8 4 0
Drop 2 0 1
Tile:9 9 6 0
Tile:6 11 5 1
GAMEOVER WINNER 1
# Game ended: Wed Apr 08 18:10:19 EDT 2020
