# Server version 0.08 running on nuris-mbp:8123
# Game ID: 213
# Board class: Saboteur.SaboteurBoard
# Timeout: 20000
# First Move Timeout: 30000
# Date: Tue Apr 07 20:21:21 EDT 2020
# Player 1: Player-0, '260713804', running on nuris-mbp
# Player 2: Player-1, 'RandomPlayer', running on nuris-mbp
START Player-0 260713804
START Player-1 RandomPlayer
BoardInit:Tile:5,Bonus,Tile:14,Map,Malus,Destroy,Tile:7,Tile:8,Tile:13,Tile:6,Tile:10,Bonus,Map,Destroy,Tile:6,Tile:6,Tile:7,Tile:8,Map,Tile:6,Tile:0,Map,Tile:7,Tile:7,Tile:0,Tile:6,Tile:5,Tile:0,Map,Tile:7,Tile:8,Tile:8,Tile:9,Bonus,Tile:15,Tile:3,Destroy,Bonus,Tile:0,Tile:11,Tile:4-Tile:1,Tile:9,Tile:8,Malus,Tile:9,Tile:2,Tile:9-Tile:10,Tile:9,Map,Tile:5,Tile:12,Tile:10,Tile:5-Tile:nugget,Tile:hidden1,Tile:hidden2
Tile:9 5 6 1
Drop 0 0 0
Tile:1 4 5 1
Drop 0 0 0
Tile:2_flip 6 6 1
Drop 2 0 0
Tile:9 3 5 1
Map 12 3 0
Tile:7_flip 3 6 1
Tile:8 6 5 0
Tile:9_flip 6 4 1
Destroy 6 5 0
Drop 0 0 1
