# Server version 0.08 running on nuris-mbp:8123
# Game ID: 5
# Board class: Saboteur.SaboteurBoard
# Timeout: 20000
# First Move Timeout: 30000
# Date: Wed Apr 08 22:03:08 EDT 2020
# Player 1: Player-0, '260713804', running on nuris-mbp
# Player 2: Player-1, 'RandomPlayer', running on nuris-mbp
START Player-0 260713804
START Player-1 RandomPlayer
BoardInit:Tile:6,Bonus,Tile:9,Tile:9,Tile:6,Tile:8,Tile:1,Map,Tile:4,Tile:14,Tile:0,Destroy,Tile:0,Tile:0,Tile:7,Tile:11,Tile:2,Tile:6,Tile:10,Map,Tile:7,Tile:10,Tile:5,Tile:8,Tile:8,Tile:3,Tile:5,Tile:7,Tile:8,Tile:10,Tile:9,Bonus,Tile:7,Malus,Map,Tile:8,Destroy,Malus,Tile:5,Tile:6,Map-Bonus,Bonus,Tile:9,Tile:12,Tile:9,Destroy,Tile:0-Map,Tile:13,Tile:6,Map,Tile:5,Tile:7,Tile:15-Tile:nugget,Tile:hidden1,Tile:hidden2
Tile:9_flip 5 4 1
Map 12 5 0
Tile:12_flip 4 4 1
Map 12 3 0
Tile:6 6 5 1
Tile:6_flip 7 5 0
Tile:9_flip 7 6 1
Tile:8 8 5 0
Tile:9_flip 5 3 1
Drop 0 0 0
Tile:6_flip 8 4 1
Drop 2 0 0
Tile:0 4 3 1
Drop 2 0 0
Tile:1 6 6 1
Drop 3 0 0
Destroy 8 4 1
Tile:0 9 5 0
Tile:0 10 5 1
Tile:6_flip 11 5 0
Tile:2_flip 11 6 1
Tile:9_flip 12 4 0
GAMEOVER WINNER 0
# Game ended: Wed Apr 08 22:03:08 EDT 2020
