# Server version 0.08 running on nuris-mbp:8123
# Game ID: 65
# Board class: Saboteur.SaboteurBoard
# Timeout: 20000
# First Move Timeout: 30000
# Date: Wed Apr 01 13:29:08 EDT 2020
# Player 1: Player-0, 'RandomPlayer', running on nuris-mbp
# Player 2: Player-1, '260713804', running on nuris-mbp
START Player-0 RandomPlayer
START Player-1 260713804
BoardInit:Tile:12,Tile:15,Tile:0,Tile:2,Tile:1,Tile:5,Tile:11,Tile:6,Malus,Tile:6,Tile:10,Tile:7,Destroy,Tile:8,Destroy,Tile:9,Tile:10,Tile:7,Destroy,Malus,Tile:5,Tile:0,Tile:9,Bonus,Map,Tile:3,Tile:0,Tile:5,Tile:9,Tile:8,Tile:8,Tile:13,Tile:8,Tile:8,Tile:7,Tile:9,Tile:6,Tile:7,Tile:10,Tile:4,Tile:6-Bonus,Tile:14,Tile:7,Tile:6,Tile:9,Map,Tile:5-Map,Tile:0,Bonus,Map,Map,Bonus,Map-Tile:hidden1,Tile:nugget,Tile:hidden2
Map 12 7 1
Map 12 7 0
Tile:6 6 5 1
Drop 1 0 0
Tile:5 4 5 1
Map 12 5 0
Tile:9_flip 5 6 1
Map 12 5 0
Tile:11_flip 7 5 1
Tile:2_flip 4 6 0
Malus 0 0 1
Drop 1 0 0
Tile:14_flip 7 4 1
Drop 4 0 0
Tile:7_flip 5 7 1
Map 12 7 0
Destroy 7 5 1
Drop 5 0 0
Tile:10 6 4 1
Drop 3 0 0
Destroy 5 6 1
Drop 2 0 0
Drop 5 0 1
Drop 3 0 0
Tile:5_flip 7 5 1
Drop 0 0 0
Tile:0 6 7 1
Drop 5 0 0
Drop 3 0 1
Drop 6 0 0
Tile:9_flip 8 4 1
Drop 1 0 0
Tile:0 7 7 1
Drop 4 0 0
Drop 0 0 1
Drop 0 0 0
Drop 3 0 1
Drop 4 0 0
Tile:7_flip 8 5 1
Drop 0 0 0
Drop 2 0 1
Drop 4 0 0
Drop 0 0 1
Malus 0 0 0
Drop 4 0 1
Drop 3 0 0
Drop 2 0 1
Drop 0 0 0
Drop 0 0 1
Drop 2 0 0
Drop 0 0 1
Drop 0 0 0
Drop 1 0 1
Drop 0 0 0
Drop 0 0 1
GAMEOVER DRAW
# Game ended: Wed Apr 01 13:29:08 EDT 2020
