# Server version 0.08 running on nuris-mbp:8123
# Game ID: 36
# Board class: Saboteur.SaboteurBoard
# Timeout: 20000
# First Move Timeout: 30000
# Date: Thu Apr 09 14:20:44 EDT 2020
# Player 1: Player-0, '260713804', running on nuris-mbp
# Player 2: Player-1, 'RandomPlayer', running on nuris-mbp
START Player-0 260713804
START Player-1 RandomPlayer
BoardInit:Destroy,Tile:7,Tile:6,Tile:8,Malus,Bonus,Bonus,Map,Tile:10,Destroy,Malus,Tile:13,Tile:1,Map,Map,Tile:8,Tile:9,Tile:5,Tile:6,Tile:7,Tile:0,Bonus,Destroy,Tile:10,Tile:2,Tile:6,Tile:5,Tile:7,Tile:8,Tile:6,Tile:8,Tile:14,Map,Bonus,Tile:8,Map,Tile:3,Tile:7,Tile:9,Tile:0,Tile:4-Tile:5,Tile:10,Tile:7,Tile:12,Tile:5,Tile:0,Tile:0-Tile:15,Tile:9,Tile:9,Tile:11,Map,Tile:6,Tile:9-Tile:hidden2,Tile:nugget,Tile:hidden1
Tile:7 6 5 1
Map 12 5 0
Drop 5 0 1
Tile:7_flip 6 6 0
Drop 4 0 1
Drop 0 0 0
Tile:5 4 5 1
Drop 2 0 0
Tile:5_flip 4 6 1
Drop 6 0 0
Drop 4 0 1
Destroy 4 5 0
Drop 0 0 1
Drop 6 0 0
Tile:6_flip 3 6 1
Drop 6 0 0
Tile:10 5 4 1
Tile:6 7 6 0
Tile:1 2 6 1
Tile:8 8 6 0
Drop 4 0 1
Tile:9 8 5 0
Tile:9_flip 8 4 1
Tile:8 9 5 0
Tile:6 7 4 1
Drop 0 0 0
Tile:2 1 6 1
Tile:6_flip 10 5 0
Tile:5_flip 9 6 1
Drop 0 0 0
Tile:0 0 6 1
Tile:6_flip 11 5 0
GAMEOVER WINNER 0
# Game ended: Thu Apr 09 14:20:45 EDT 2020
