# Server version 0.08 running on nuris-mbp:8123
# Game ID: 159
# Board class: Saboteur.SaboteurBoard
# Timeout: 20000
# First Move Timeout: 30000
# Date: Fri Apr 03 14:07:56 EDT 2020
# Player 1: Player-0, '260713804', running on nuris-mbp
# Player 2: Player-1, 'RandomPlayer', running on nuris-mbp
START Player-0 260713804
START Player-1 RandomPlayer
BoardInit:Tile:9,Tile:7,Tile:7,Tile:0,Tile:8,Map,Tile:2,Bonus,Tile:9,Map,Bonus,Tile:5,Map,Tile:9,Tile:7,Tile:10,Map,Tile:0,Tile:12,Tile:1,Tile:14,Tile:8,Tile:6,Tile:9,Tile:0,Bonus,Tile:15,Tile:6,Tile:8,Tile:9,Malus,Malus,Tile:0,Tile:10,Bonus,Tile:5,Tile:6,Tile:5,Tile:10,Tile:4,Tile:13-Destroy,Tile:5,Tile:6,Map,Tile:3,Tile:8,Tile:7-Tile:6,Tile:8,Destroy,Tile:7,Destroy,Tile:11,Map-Tile:nugget,Tile:hidden1,Tile:hidden2
Tile:8 6 5 1
Map 12 3 0
Tile:6_flip 5 4 1
Drop 5 0 0
Tile:5_flip 7 5 1
Tile:7_flip 6 6 0
Tile:3_flip 4 5 1
Map 12 3 0
Tile:7 7 4 1
Destroy 6 6 0
Tile:7_flip 5 6 1
Map 12 3 0
Tile:8 4 4 1
Tile:8 6 6 0
Map 12 7 1
Tile:7_flip 6 7 0
Tile:9_flip 7 7 1
Destroy 7 7 0
Drop 1 0 1
Drop 1 0 0
Destroy 5 4 1
Drop 6 0 0
Map 12 7 1
Tile:9 6 4 0
Tile:7 4 3 1
Drop 3 0 0
Tile:9 3 3 1
Tile:5 3 2 0
Tile:12 7 6 1
Drop 3 0 0
Map 12 3 1
Tile:6 3 4 0
Tile:8 2 4 1
Tile:9 1 4 0
Malus 0 0 1
Drop 4 0 0
Tile:6_flip 1 3 1
Drop 3 0 0
Tile:0 0 3 1
Drop 4 0 0
Tile:14 1 5 1
Drop 6 0 0
Tile:13 6 3 1
Drop 3 0 0
Drop 4 0 1
Drop 4 0 0
Tile:0 4 2 1
Bonus 0 0 0
Drop 2 0 1
Tile:5_flip 7 3 0
Tile:15 2 5 1
Tile:0 7 7 0
Tile:10 2 6 1
Drop 0 0 0
Drop 0 0 1
GAMEOVER DRAW
# Game ended: Fri Apr 03 14:07:56 EDT 2020
