# Server version 0.08 running on nuris-mbp:8123
# Game ID: 185
# Board class: Saboteur.SaboteurBoard
# Timeout: 20000
# First Move Timeout: 30000
# Date: Tue Apr 07 11:58:22 EDT 2020
# Player 1: Player-0, '260713804', running on nuris-mbp
# Player 2: Player-1, 'RandomPlayer', running on nuris-mbp
START Player-0 260713804
START Player-1 RandomPlayer
BoardInit:Tile:12,Tile:8,Tile:0,Malus,Tile:10,Tile:5,Tile:6,Tile:10,Tile:2,Tile:10,Malus,Tile:6,Map,Tile:5,Tile:0,Tile:1,Tile:7,Tile:7,Tile:0,Bonus,Tile:9,Map,Bonus,Bonus,Tile:0,Tile:5,Tile:7,Bonus,Tile:9,Tile:4,Tile:6,Tile:15,Tile:11,Destroy,Tile:7,Tile:9,Map,Tile:3,Map,Tile:6,Map-Tile:14,Tile:8,Tile:8,Tile:7,Tile:9,Tile:5,Tile:8-Tile:6,Tile:8,Tile:13,Tile:9,Map,Destroy,Destroy-Tile:hidden1,Tile:hidden2,Tile:nugget
Tile:8 5 6 1
Drop 0 0 0
Tile:7_flip 4 5 1
Drop 1 0 0
Tile:14_flip 4 6 1
Drop 1 0 0
Tile:8 6 5 1
Drop 1 0 0
Tile:9_flip 5 4 1
Tile:8 7 5 0
Tile:10 4 7 1
Tile:8 8 5 0
Tile:8 5 3 1
Drop 0 0 0
Tile:2_flip 9 5 1
Drop 0 0 0
Tile:0 10 5 1
Drop 0 0 0
