# Server version 0.08 running on nuris-mbp:8123
# Game ID: 60
# Board class: Saboteur.SaboteurBoard
# Timeout: 20000
# First Move Timeout: 30000
# Date: Wed Apr 08 18:46:58 EDT 2020
# Player 1: Player-0, '260713804', running on nuris-mbp
# Player 2: Player-1, 'RandomPlayer', running on nuris-mbp
START Player-0 260713804
START Player-1 RandomPlayer
BoardInit:Tile:8,Tile:14,Malus,Tile:8,Bonus,Tile:0,Tile:8,Destroy,Map,Tile:9,Tile:3,Tile:8,Tile:7,Tile:6,Tile:2,Tile:9,Tile:12,Tile:5,Tile:7,Tile:8,Destroy,Map,Tile:9,Tile:0,Tile:9,Destroy,Tile:6,Map,Tile:5,Tile:1,Tile:6,Tile:7,Tile:0,Tile:0,Tile:6,Map,Bonus,Tile:10,Tile:15,Tile:4,Tile:5-Tile:11,Tile:10,Map,Map,Tile:10,Tile:9,Tile:7-Bonus,Tile:5,Malus,Tile:13,Bonus,Tile:6,Tile:7-Tile:hidden2,Tile:nugget,Tile:hidden1
Tile:9_flip 5 4 1
Tile:6 6 5 0
Tile:10 6 4 1
Drop 0 0 0
Tile:10 5 3 1
Tile:8 7 5 0
Tile:11 7 4 1
Tile:0 8 5 0
Map 12 5 1
Drop 1 0 0
Tile:7 7 3 1
Drop 1 0 0
Map 12 5 1
Tile:8 9 5 0
Tile:7_flip 4 4 1
Tile:6 10 5 0
Tile:3 11 5 1
Tile:5 10 4 0
Tile:2_flip 8 4 1
Drop 0 0 0
Tile:8 7 6 1
Drop 1 0 0
Tile:12 8 6 1
Map 12 5 0
Tile:7 5 2 1
Tile:0 11 4 0
Destroy 6 5 1
Tile:8 6 5 0
Tile:6_flip 12 4 1
GAMEOVER WINNER 1
# Game ended: Wed Apr 08 18:46:58 EDT 2020
