# Server version 0.08 running on nuris-mbp:8123
# Game ID: 18
# Board class: Saboteur.SaboteurBoard
# Timeout: 20000
# First Move Timeout: 30000
# Date: Wed Apr 08 22:04:26 EDT 2020
# Player 1: Player-0, '260713804', running on nuris-mbp
# Player 2: Player-1, 'RandomPlayer', running on nuris-mbp
START Player-0 260713804
START Player-1 RandomPlayer
BoardInit:Map,Tile:4,Tile:8,Bonus,Malus,Destroy,Tile:10,Tile:6,Destroy,Map,Tile:11,Tile:7,Bonus,Tile:8,Tile:5,Bonus,Tile:0,Tile:7,Tile:9,Map,Tile:7,Tile:5,Map,Tile:10,Tile:8,Tile:14,Tile:7,Tile:8,Tile:15,Tile:7,Tile:0,Tile:6,Tile:9,Tile:13,Tile:1,Tile:0,Tile:9,Tile:6,Map,Tile:9,Tile:2-Tile:8,Map,Tile:12,Tile:10,Tile:9,Tile:0,Tile:6-Tile:5,Destroy,Tile:5,Tile:3,Malus,Bonus,Tile:6-Tile:hidden2,Tile:hidden1,Tile:nugget
Tile:6 5 6 1
Tile:6_flip 6 5 0
Tile:12 7 5 1
Drop 1 0 0
Tile:8 4 5 1
Drop 2 0 0
Drop 2 0 1
Drop 3 0 0
Map 12 5 1
Tile:6 6 6 0
Tile:0 7 6 1
Map 12 5 0
Tile:8 3 5 1
Drop 3 0 0
Drop 3 0 1
Tile:8 8 6 0
Tile:11 8 5 1
Drop 3 0 0
Tile:5 2 5 1
Drop 3 0 0
Tile:9 8 4 1
Map 12 3 0
Tile:7_flip 4 6 1
Drop 4 0 0
Destroy 5 6 1
Tile:5_flip 9 5 0
Tile:8 5 4 1
Drop 6 0 0
Tile:10 8 3 1
Tile:5_flip 3 6 0
Map 12 7 1
Tile:7 3 4 0
Tile:15 8 2 1
Tile:6_flip 9 6 0
Tile:0 10 6 1
Tile:8 11 6 0
Tile:7_flip 8 7 1
Tile:7 12 6 0
GAMEOVER WINNER 0
# Game ended: Wed Apr 08 22:04:26 EDT 2020
