# Server version 0.08 running on nuris-mbp:8123
# Game ID: 54
# Board class: Saboteur.SaboteurBoard
# Timeout: 20000
# First Move Timeout: 30000
# Date: Wed Apr 08 18:45:47 EDT 2020
# Player 1: Player-0, '260713804', running on nuris-mbp
# Player 2: Player-1, 'RandomPlayer', running on nuris-mbp
START Player-0 260713804
START Player-1 RandomPlayer
BoardInit:Tile:5,Tile:10,Map,Bonus,Tile:7,Map,Tile:9,Tile:4,Malus,Tile:6,Tile:5,Tile:14,Bonus,Tile:13,Map,Tile:7,Tile:5,Tile:8,Tile:9,Tile:0,Tile:8,Destroy,Tile:11,Tile:0,Destroy,Tile:1,Bonus,Tile:10,Map,Tile:7,Tile:15,Tile:0,Tile:12,Tile:8,Destroy,Tile:6,Tile:3,Tile:6,Tile:8,Tile:9,Tile:10-Tile:0,Tile:7,Tile:9,Tile:9,Tile:8,Tile:2,Tile:7-Tile:6,Malus,Map,Map,Tile:5,Tile:6,Bonus-Tile:nugget,Tile:hidden1,Tile:hidden2
Tile:7 5 4 1
Map 12 5 0
Tile:2_flip 5 6 1
Map 12 3 0
Drop 2 0 1
Tile:6 6 5 0
Tile:7 6 6 1
Tile:6 7 5 0
Drop 0 0 1
Drop 0 0 0
Drop 1 0 1
Tile:6 8 5 0
Tile:5 7 4 1
Drop 1 0 0
Drop 2 0 1
Drop 2 0 0
Tile:9 4 5 1
Drop 2 0 0
Tile:9_flip 8 4 1
Tile:8 8 3 0
Tile:5 8 2 1
Tile:0 9 3 0
Drop 5 0 1
Drop 2 0 0
Drop 0 0 1
Tile:0 10 3 0
Tile:8 4 4 1
Drop 2 0 0
Tile:5_flip 6 7 1
Drop 2 0 0
Map 12 7 1
Drop 3 0 0
Destroy 8 4 1
Tile:0 11 3 0
Tile:11_flip 8 4 1
Tile:10 6 4 0
Drop 6 0 1
Tile:8 6 3 0
Map 12 5 1
Tile:6 7 3 0
GAMEOVER WINNER 0
# Game ended: Wed Apr 08 18:45:48 EDT 2020
