# Server version 0.08 running on nuris-mbp:8123
# Game ID: 50
# Board class: Saboteur.SaboteurBoard
# Timeout: 20000
# First Move Timeout: 30000
# Date: Thu Apr 09 14:22:05 EDT 2020
# Player 1: Player-0, '260713804', running on nuris-mbp
# Player 2: Player-1, 'RandomPlayer', running on nuris-mbp
START Player-0 260713804
START Player-1 RandomPlayer
BoardInit:Tile:0,Map,Tile:6,Map,Tile:8,Destroy,Tile:7,Destroy,Tile:10,Bonus,Tile:5,Tile:7,Tile:8,Malus,Tile:10,Bonus,Tile:9,Map,Tile:8,Tile:10,Tile:9,Tile:9,Tile:0,Tile:7,Tile:1,Tile:3,Tile:0,Tile:15,Tile:5,Tile:9,Tile:11,Map,Map,Bonus,Tile:6,Malus,Tile:4,Tile:7,Tile:9,Tile:7,Tile:6-Bonus,Tile:0,Tile:6,Map,Tile:8,Tile:6,Tile:5-Tile:8,Tile:2,Tile:12,Tile:14,Destroy,Tile:5,Tile:13-Tile:hidden2,Tile:nugget,Tile:hidden1
Tile:6_flip 6 5 1
Tile:8 7 5 0
Tile:8 7 6 1
Map 12 5 0
Tile:6 5 6 1
Drop 0 0 0
Map 12 5 1
Drop 0 0 0
Tile:7 7 4 1
Drop 0 0 0
Drop 1 0 1
Drop 2 0 0
Tile:6 6 4 1
Drop 2 0 0
Tile:8 4 5 1
Malus 0 0 0
Drop 1 0 1
Drop 0 0 0
Drop 3 0 1
Drop 0 0 0
Drop 2 0 1
Drop 0 0 0
Drop 3 0 1
Drop 0 0 0
Drop 5 0 1
Drop 0 0 0
Drop 0 0 1
Drop 2 0 0
Drop 5 0 1
Drop 5 0 0
Drop 0 0 1
Drop 5 0 0
Drop 6 0 1
Drop 6 0 0
Drop 3 0 1
Drop 0 0 0
Drop 2 0 1
Malus 0 0 0
Map 12 5 1
Drop 0 0 0
Drop 2 0 1
Tile:7 8 6 0
Drop 0 0 1
Tile:7 4 4 0
Drop 4 0 1
Tile:7_flip 8 7 0
Drop 2 0 1
Tile:10 7 7 0
Drop 0 0 1
Tile:9 7 8 0
Drop 0 0 1
Tile:9 5 4 0
Drop 1 0 1
Drop 0 0 0
Drop 0 0 1
GAMEOVER DRAW
# Game ended: Thu Apr 09 14:22:06 EDT 2020
