# Server version 0.08 running on nuris-mbp:8123
# Game ID: 152
# Board class: Saboteur.SaboteurBoard
# Timeout: 20000
# First Move Timeout: 30000
# Date: Fri Apr 03 13:51:37 EDT 2020
# Player 1: Player-0, '260713804', running on nuris-mbp
# Player 2: Player-1, 'RandomPlayer', running on nuris-mbp
START Player-0 260713804
START Player-1 RandomPlayer
BoardInit:Tile:7,Bonus,Tile:5,Map,Tile:3,Tile:8,Destroy,Tile:9,Tile:12,Tile:5,Malus,Map,Tile:0,Bonus,Tile:8,Map,Tile:5,Map,Tile:8,Map,Tile:6,Tile:7,Tile:13,Tile:10,Tile:7,Tile:7,Tile:10,Tile:9,Tile:0,Tile:7,Tile:6,Tile:2,Bonus,Tile:9,Map,Tile:14,Tile:6,Tile:1,Destroy,Tile:6,Tile:6-Tile:8,Tile:9,Tile:0,Destroy,Malus,Tile:10,Tile:4-Tile:5,Bonus,Tile:15,Tile:9,Tile:8,Tile:0,Tile:11-Tile:nugget,Tile:hidden1,Tile:hidden2
Tile:9 5 4 1
Drop 2 0 0
Destroy 5 4 1
Drop 5 0 0
Tile:10 5 4 1
Map 12 3 0
Tile:0 4 5 1
Tile:5_flip 5 6 0
Tile:7_flip 3 5 1
Drop 3 0 0
Tile:4 3 4 1
Tile:9 5 3 0
Destroy 5 6 1
Map 12 3 0
Tile:3_flip 5 6 1
Tile:8 6 3 0
Tile:8 6 6 1
Map 12 3 0
Tile:8 6 7 1
Map 12 3 0
Tile:5 6 2 1
Map 12 3 0
Tile:8 7 2 1
Tile:8 8 2 0
Tile:6 9 2 1
Tile:9_flip 5 2 0
Malus 0 0 1
Drop 6 0 0
Tile:7 8 1 1
Bonus 0 0 0
Tile:0 10 2 1
Tile:10 9 1 0
Tile:13 4 2 1
Drop 6 0 0
Tile:5_flip 7 7 1
Tile:5_flip 7 3 0
Tile:10 4 1 1
Drop 6 0 0
Tile:6_flip 11 2 1
Drop 6 0 0
Tile:0 12 2 1
Tile:6_flip 9 0 0
Destroy 9 2 1
Drop 4 0 0
Tile:6 9 2 1
Tile:7_flip 6 8 0
Tile:12_flip 3 2 1
Tile:9_flip 11 3 0
Tile:6_flip 7 1 1
Tile:9 6 4 0
Drop 1 0 1
Drop 0 0 0
Map 12 7 1
Drop 0 0 0
Malus 0 0 1
GAMEOVER DRAW
# Game ended: Fri Apr 03 13:51:37 EDT 2020
