# Server version 0.08 running on nuris-mbp:8123
# Game ID: 223
# Board class: Saboteur.SaboteurBoard
# Timeout: 20000
# First Move Timeout: 30000
# Date: Tue Apr 07 20:47:20 EDT 2020
# Player 1: Player-0, '260713804', running on nuris-mbp
# Player 2: Player-1, 'RandomPlayer', running on nuris-mbp
START Player-0 260713804
START Player-1 RandomPlayer
BoardInit:Tile:10,Destroy,Tile:9,Tile:0,Tile:9,Tile:10,Malus,Tile:5,Tile:6,Tile:7,Tile:9,Tile:3,Tile:6,Tile:5,Destroy,Tile:10,Destroy,Bonus,Tile:1,Map,Tile:8,Tile:12,Malus,Bonus,Tile:9,Tile:4,Tile:8,Tile:8,Map,Tile:7,Tile:0,Map,Tile:6,Tile:8,Tile:8,Tile:15,Tile:13,Bonus,Map,Bonus,Tile:5-Tile:7,Tile:7,Tile:0,Tile:11,Map,Tile:6,Tile:9-Map,Tile:6,Tile:0,Tile:2,Tile:14,Tile:5,Tile:7-Tile:hidden2,Tile:nugget,Tile:hidden1
Tile:9 5 6 1
Drop 0 0 0
Tile:0 6 5 1
Drop 0 0 0
Tile:9_flip 5 7 1
Drop 1 0 0
Map 12 3 1
Drop 1 0 0
Tile:9 5 8 1
Drop 1 0 0
Tile:6_flip 7 5 1
Drop 1 0 0
Tile:9 7 6 1
Drop 1 0 0
Tile:6 7 7 1
Drop 2 0 0
Tile:7_flip 5 9 1
Drop 2 0 0
Tile:6 8 7 1
Drop 2 0 0
Tile:7 6 8 1
Drop 2 0 0
Drop 1 0 1
Drop 2 0 0
Tile:8 8 6 1
Drop 2 0 0
Tile:9_flip 9 6 1
Drop 2 0 0
Tile:11 4 5 1
Drop 2 0 0
Malus 0 0 1
Drop 2 0 0
Destroy 7 5 1
Drop 2 0 0
Tile:8 9 7 1
Drop 2 0 0
Tile:8 6 9 1
Drop 2 0 0
Tile:6 9 8 1
Drop 2 0 0
Tile:1 10 8 1
Drop 2 0 0
Destroy 8 7 1
Drop 2 0 0
Tile:13 8 5 1
Drop 2 0 0
Tile:5_flip 10 7 1
Drop 2 0 0
Map 12 3 1
Drop 2 0 0
Tile:0 4 7 1
Drop 1 0 0
Map 12 7 1
Drop 0 0 0
Malus 0 0 1
GAMEOVER DRAW
# Game ended: Tue Apr 07 20:47:20 EDT 2020
