# Server version 0.08 running on nuris-mbp:8123
# Game ID: 115
# Board class: Saboteur.SaboteurBoard
# Timeout: 20000
# First Move Timeout: 30000
# Date: Thu Apr 02 17:54:29 EDT 2020
# Player 1: Player-0, '260713804', running on nuris-mbp
# Player 2: Player-1, 'RandomPlayer', running on nuris-mbp
START Player-0 260713804
START Player-1 RandomPlayer
BoardInit:Map,Tile:6,Tile:7,Map,Tile:13,Destroy,Tile:4,Malus,Tile:0,Tile:8,Tile:1,Tile:9,Tile:0,Tile:5,Bonus,Tile:7,Tile:6,Bonus,Tile:9,Tile:10,Bonus,Tile:7,Map,Tile:9,Tile:8,Destroy,Tile:0,Tile:7,Tile:5,Map,Tile:6,Tile:0,Tile:10,Tile:5,Tile:2,Tile:9,Bonus,Tile:15,Tile:8,Tile:3,Map-Tile:14,Tile:5,Malus,Tile:7,Tile:10,Tile:6,Tile:8-Tile:12,Destroy,Tile:6,Tile:9,Tile:11,Map,Tile:8-Tile:nugget,Tile:hidden1,Tile:hidden2
Tile:6_flip 6 5 1
Map 12 3 0
Tile:10 6 6 1
Drop 0 0 0
Tile:7 7 5 1
Map 12 3 0
Tile:7_flip 4 5 1
Tile:9 5 4 0
Tile:14 5 6 1
GAMEOVER TIMEOUT WINNER 1
# Game ended: Thu Apr 02 17:55:28 EDT 2020
