# Server version 0.08 running on nuris-mbp:8123
# Game ID: 85
# Board class: Saboteur.SaboteurBoard
# Timeout: 20000
# First Move Timeout: 30000
# Date: Wed Apr 01 16:16:20 EDT 2020
# Player 1: Player-0, '260713804', running on nuris-mbp
# Player 2: Player-1, 'RandomPlayer', running on nuris-mbp
START Player-0 260713804
START Player-1 RandomPlayer
BoardInit:Map,Tile:7,Bonus,Tile:0,Bonus,Destroy,Tile:2,Tile:1,Tile:8,Tile:0,Tile:7,Tile:8,Tile:8,Tile:8,Tile:9,Tile:5,Tile:10,Map,Tile:14,Tile:7,Tile:10,Tile:6,Tile:9,Tile:3,Tile:11,Tile:15,Tile:6,Map,Tile:5,Malus,Tile:6,Map,Tile:4,Map,Destroy,Tile:9,Destroy,Malus,Tile:9,Bonus,Tile:9-Map,Tile:7,Tile:6,Tile:0,Tile:8,Tile:6,Tile:5-Tile:5,Bonus,Tile:7,Tile:12,Tile:13,Tile:10,Tile:0-Tile:hidden1,Tile:nugget,Tile:hidden2
Tile:8 5 6 1
Tile:7_flip 5 7 0
Tile:6_flip 4 6 1
Tile:7 6 6 0
Tile:6_flip 5 4 1
Tile:0 4 5 0
Drop 2 0 1
Tile:0 3 6 0
Tile:2 2 6 1
Tile:1 4 4 0
Tile:7_flip 2 7 1
Drop 1 0 0
Tile:8 6 4 1
Tile:12_flip 3 5 0
Tile:5_flip 6 7 1
Drop 5 0 0
Tile:7 3 7 1
Tile:0 3 4 0
Tile:9_flip 6 3 1
Tile:5 2 4 0
Tile:10 6 2 1
Tile:13 1 6 0
Tile:8 0 6 1
Destroy 5 4 0
Tile:9_flip 1 7 1
Tile:7_flip 1 8 0
Tile:10 6 1 1
Tile:8 7 4 0
Tile:6 6 5 1
Tile:6 5 3 0
Tile:5_flip 2 5 1
Tile:10 0 5 0
Tile:14 7 5 1
Tile:15 7 3 0
Tile:4 7 2 1
Drop 4 0 0
Map 12 7 1
Tile:9 3 8 0
Tile:11 3 9 1
Map 12 7 0
Tile:9_flip 3 10 1
Tile:3_flip 2 10 0
Destroy 6 5 1
Tile:5_flip 3 11 0
Tile:6 0 7 1
Drop 3 0 0
Destroy 6 4 1
Map 12 5 0
Tile:9_flip 4 9 1
Drop 2 0 0
Map 12 3 1
Map 12 3 0
Drop 1 0 1
Map 12 7 0
Drop 0 0 1
GAMEOVER DRAW
# Game ended: Wed Apr 01 16:16:20 EDT 2020
