# Server version 0.08 running on nuris-mbp:8123
# Game ID: 197
# Board class: Saboteur.SaboteurBoard
# Timeout: 20000
# First Move Timeout: 30000
# Date: Tue Apr 07 16:33:50 EDT 2020
# Player 1: Player-0, '260713804', running on nuris-mbp
# Player 2: Player-1, 'RandomPlayer', running on nuris-mbp
START Player-0 260713804
START Player-1 RandomPlayer
BoardInit:Bonus,Bonus,Malus,Tile:10,Tile:1,Tile:6,Tile:8,Tile:12,Tile:6,Tile:0,Tile:7,Map,Bonus,Tile:13,Tile:9,Tile:7,Map,Tile:6,Tile:5,Destroy,Tile:7,Tile:15,Tile:11,Tile:2,Tile:8,Map,Tile:9,Tile:0,Map,Tile:6,Tile:8,Tile:5,Tile:9,Tile:3,Tile:7,Tile:10,Map,Tile:14,Tile:7,Destroy,Bonus-Tile:9,Tile:0,Tile:10,Tile:6,Map,Malus,Tile:8-Tile:0,Tile:5,Tile:4,Tile:5,Tile:8,Tile:9,Destroy-Tile:hidden1,Tile:hidden2,Tile:nugget
Tile:8 5 4 1
Drop 0 0 0
Tile:6 4 4 1
Drop 0 0 0
Tile:9_flip 6 5 1
Drop 0 0 0
Drop 2 0 1
Drop 0 0 0
Malus 0 0 1
Drop 1 0 0
Tile:10 5 3 1
Drop 1 0 0
Tile:8 6 4 1
