# Server version 0.08 running on nuris-mbp:8123
# Game ID: 108
# Board class: Saboteur.SaboteurBoard
# Timeout: 20000
# First Move Timeout: 30000
# Date: Thu Apr 02 17:21:56 EDT 2020
# Player 1: Player-0, '260713804', running on nuris-mbp
# Player 2: Player-1, 'RandomPlayer', running on nuris-mbp
START Player-0 260713804
START Player-1 RandomPlayer
BoardInit:Map,Tile:2,Tile:5,Tile:13,Tile:9,Tile:7,Tile:7,Destroy,Tile:6,Tile:10,Tile:6,Malus,Tile:9,Tile:4,Bonus,Tile:5,Tile:9,Map,Map,Destroy,Tile:1,Tile:11,Bonus,Tile:3,Tile:6,Tile:8,Tile:8,Tile:10,Bonus,Map,Tile:6,Malus,Tile:0,Map,Tile:8,Tile:0,Bonus,Tile:9,Tile:0,Tile:7,Tile:8-Tile:7,Tile:14,Tile:7,Tile:10,Tile:5,Tile:15,Tile:9-Destroy,Tile:0,Tile:8,Tile:6,Tile:5,Map,Tile:12-Tile:hidden2,Tile:hidden1,Tile:nugget
Tile:15 5 6 1
Map 12 3 0
Tile:9 5 4 1
Tile:8 6 5 0
Tile:14_flip 4 5 1
Tile:0 7 5 0
Drop 2 0 1
Tile:6_flip 8 5 0
Tile:7 6 4 1
Destroy 5 4 0
Drop 1 0 1
GAMEOVER ILLEGAL MOVE: Player 0, CardUsed: (Tile:0), PosOfUse: (9, 5) WINNER 1
# Game ended: Thu Apr 02 17:22:17 EDT 2020
