# Server version 0.08 running on nuris-mbp:8123
# Game ID: 211
# Board class: Saboteur.SaboteurBoard
# Timeout: 20000
# First Move Timeout: 30000
# Date: Tue Apr 07 20:19:33 EDT 2020
# Player 1: Player-0, '260713804', running on nuris-mbp
# Player 2: Player-1, 'RandomPlayer', running on nuris-mbp
START Player-0 260713804
START Player-1 RandomPlayer
BoardInit:Tile:12,Tile:5,Map,Tile:6,Malus,Map,Tile:6,Destroy,Tile:9,Tile:9,Tile:9,Tile:8,Tile:2,Tile:10,Tile:7,Tile:0,Tile:6,Tile:8,Tile:8,Tile:9,Map,Tile:11,Tile:7,Destroy,Tile:10,Bonus,Tile:10,Tile:5,Tile:4,Tile:13,Tile:1,Tile:9,Malus,Tile:5,Tile:8,Tile:0,Tile:6,Tile:7,Tile:3,Bonus,Bonus-Tile:7,Map,Tile:0,Map,Destroy,Tile:7,Bonus-Tile:8,Map,Tile:6,Tile:0,Tile:14,Tile:5,Tile:15-Tile:nugget,Tile:hidden2,Tile:hidden1
Map 12 7 1
Drop 0 0 0
Drop 5 0 1
Drop 0 0 0
Map 12 3 1
Drop 0 0 0
Drop 6 0 1
Drop 1 0 0
Tile:6 5 6 1
Drop 1 0 0
Tile:7_flip 4 6 1
Drop 1 0 0
Tile:9 4 5 1
Drop 1 0 0
Map 12 7 1
Drop 1 0 0
Tile:7 6 6 1
Drop 1 0 0
Destroy 4 5 1
Drop 1 0 0
Tile:12 6 5 1
Drop 1 0 0
Map 12 7 1
Drop 1 0 0
Tile:7_flip 6 7 1
Tile:10 5 4 0
Tile:8 4 5 1
Tile:9_flip 4 4 0
Tile:6 3 5 1
Drop 2 0 0
Tile:0 2 5 1
Destroy 4 4 0
Tile:9 3 4 1
Drop 2 0 0
Tile:7 4 4 1
Tile:5_flip 7 7 0
Malus 0 0 1
Bonus 0 0 0
Tile:2 3 3 1
Drop 3 0 0
Tile:4 5 3 1
Tile:5 7 6 0
Tile:8 1 5 1
GAMEOVER ILLEGAL MOVE: Player 0, CardUsed: (Tile:0), PosOfUse: (25, 22) WINNER 1
# Game ended: Tue Apr 07 20:19:33 EDT 2020
