# Server version 0.08 running on nuris-mbp:8123
# Game ID: 145
# Board class: Saboteur.SaboteurBoard
# Timeout: 20000
# First Move Timeout: 30000
# Date: Fri Apr 03 13:37:36 EDT 2020
# Player 1: Player-0, '260713804', running on nuris-mbp
# Player 2: Player-1, 'RandomPlayer', running on nuris-mbp
START Player-0 260713804
START Player-1 RandomPlayer
BoardInit:Tile:0,Tile:0,Tile:12,Tile:10,Map,Tile:5,Bonus,Tile:6,Tile:6,Tile:7,Tile:7,Tile:10,Tile:9,Tile:9,Tile:11,Tile:13,Map,Bonus,Map,Tile:4,Tile:7,Destroy,Tile:6,Tile:5,Bonus,Tile:9,Tile:8,Map,Tile:6,Tile:8,Tile:14,Tile:7,Tile:8,Destroy,Destroy,Tile:9,Tile:0,Tile:5,Tile:8,Malus,Map-Tile:9,Tile:3,Tile:0,Malus,Bonus,Map,Tile:1-Tile:7,Tile:10,Tile:2,Tile:6,Tile:8,Tile:5,Tile:15-Tile:hidden2,Tile:hidden1,Tile:nugget
Drop 2 0 1
Tile:2_flip 6 5 0
Drop 1 0 1
Tile:6 7 5 0
Tile:9 4 5 1
Tile:7_flip 5 6 0
Drop 6 0 1
Tile:8 8 5 0
Tile:12 6 6 1
Tile:6_flip 4 4 0
Tile:6 8 6 1
Tile:7 9 6 0
Tile:1 9 5 1
Drop 1 0 0
Tile:7 5 4 1
Tile:0 10 5 0
Tile:11_flip 11 5 1
GAMEOVER ILLEGAL MOVE: Player 0, CardUsed: (Tile:0), PosOfUse: (11, 4) WINNER 1
# Game ended: Fri Apr 03 13:37:36 EDT 2020
