# Server version 0.08 running on nuris-mbp:8123
# Game ID: 111
# Board class: Saboteur.SaboteurBoard
# Timeout: 20000
# First Move Timeout: 30000
# Date: Thu Apr 02 17:41:57 EDT 2020
# Player 1: Player-0, '260713804', running on nuris-mbp
# Player 2: Player-1, 'RandomPlayer', running on nuris-mbp
START Player-0 260713804
START Player-1 RandomPlayer
BoardInit:Tile:0,Tile:6,Tile:15,Tile:14,Tile:8,Tile:4,Destroy,Tile:5,Tile:6,Tile:7,Tile:8,Malus,Tile:13,Tile:9,Map,Tile:9,Tile:3,Bonus,Tile:8,Tile:0,Tile:7,Tile:6,Tile:5,Tile:10,Tile:8,Map,Tile:6,Tile:10,Tile:7,Tile:2,Tile:11,Tile:9,Tile:5,Tile:0,Bonus,Tile:7,Tile:7,Map,Malus,Tile:6,Tile:0-Map,Tile:10,Tile:5,Tile:9,Map,Tile:8,Map-Tile:1,Destroy,Tile:9,Bonus,Bonus,Destroy,Tile:12-Tile:hidden1,Tile:hidden2,Tile:nugget
Tile:8 5 6 1
Drop 2 0 0
Tile:9_flip 6 6 1
Drop 1 0 0
Tile:5 4 6 1
Tile:6 4 5 0
Tile:8 6 5 1
Tile:1 7 5 0
Map 12 7 1
Drop 2 0 0
Tile:15 4 4 1
Drop 0 0 0
Tile:8 3 5 1
Tile:7 3 4 0
Tile:6_flip 2 5 1
Tile:9_flip 3 6 0
Drop 5 0 1
Tile:9 2 6 0
Drop 1 0 1
Drop 1 0 0
Tile:8 1 5 1
Drop 1 0 0
Map 12 7 1
Tile:6_flip 4 3 0
Tile:5 5 4 1
Tile:10 4 7 0
Tile:0 5 3 1
Map 12 3 0
Tile:10 1 6 1
Tile:4_flip 5 7 0
Tile:7_flip 6 7 1
Tile:0 6 3 0
Tile:3 6 4 1
Drop 2 0 0
Map 12 7 1
Tile:0 8 5 0
Destroy 3 5 1
Tile:10 3 7 0
Tile:5_flip 7 7 1
Map 12 5 0
Tile:7_flip 3 3 1
Tile:2 9 5 0
Drop 0 0 1
Tile:6 1 7 0
Tile:11_flip 3 8 1
Tile:5_flip 2 7 0
Tile:0 2 8 1
Tile:9_flip 3 2 0
Tile:6 10 5 1
Tile:7 3 1 0
Tile:7_flip 2 4 1
Drop 1 0 0
Malus 0 0 1
Bonus 0 0 0
Drop 0 0 1
GAMEOVER DRAW
# Game ended: Thu Apr 02 17:41:57 EDT 2020
