# Server version 0.08 running on nuris-mbp:8123
# Game ID: 55
# Board class: Saboteur.SaboteurBoard
# Timeout: 20000
# First Move Timeout: 30000
# Date: Wed Apr 08 18:46:07 EDT 2020
# Player 1: Player-0, '260713804', running on nuris-mbp
# Player 2: Player-1, 'RandomPlayer', running on nuris-mbp
START Player-0 260713804
START Player-1 RandomPlayer
BoardInit:Tile:7,Tile:7,Tile:6,Bonus,Tile:10,Tile:0,Tile:8,Tile:11,Tile:10,Destroy,Map,Tile:14,Tile:6,Tile:12,Tile:5,Bonus,Malus,Bonus,Tile:3,Tile:13,Tile:8,Malus,Tile:7,Tile:7,Map,Bonus,Tile:15,Tile:9,Tile:6,Tile:6,Tile:9,Tile:1,Tile:0,Tile:5,Tile:9,Tile:9,Tile:6,Tile:7,Map,Tile:8,Tile:2-Tile:0,Tile:8,Tile:5,Tile:5,Map,Destroy,Tile:4-Tile:10,Map,Map,Tile:0,Destroy,Tile:8,Tile:9-Tile:hidden2,Tile:hidden1,Tile:nugget
Tile:8 5 4 1
Map 12 5 0
Tile:5_flip 6 5 1
Map 12 3 0
Tile:6 4 4 1
Tile:8 6 4 0
Tile:4 6 3 1
Tile:0 7 4 0
Map 12 5 1
Tile:0 8 4 0
Tile:7 5 3 1
Drop 1 0 0
Tile:5 4 5 1
Drop 3 0 0
Drop 2 0 1
Drop 3 0 0
Tile:0 3 4 1
Drop 3 0 0
Map 12 3 1
Drop 3 0 0
Tile:8 2 4 1
Drop 3 0 0
Tile:10 2 5 1
Drop 3 0 0
Tile:6_flip 9 4 1
Drop 3 0 0
Destroy 2 4 1
Drop 3 0 0
Tile:5_flip 5 6 1
Drop 3 0 0
Malus 0 0 1
Drop 4 0 0
Tile:6 10 4 1
Drop 6 0 0
Map 12 7 1
Drop 3 0 0
Tile:3_flip 9 5 1
Drop 1 0 0
Tile:8 2 6 1
Drop 4 0 0
Tile:9 1 6 1
Drop 5 0 0
Tile:0 10 5 1
Drop 5 0 0
Drop 4 0 1
Drop 4 0 0
Tile:6 3 6 1
Drop 0 0 0
Tile:2 10 3 1
Drop 1 0 0
Tile:15 1 7 1
Drop 0 0 0
Tile:9 1 8 1
Drop 0 0 0
Tile:7 11 3 1
GAMEOVER DRAW
# Game ended: Wed Apr 08 18:46:07 EDT 2020
