# Server version 0.08 running on nuris-mbp:8123
# Game ID: 114
# Board class: Saboteur.SaboteurBoard
# Timeout: 20000
# First Move Timeout: 30000
# Date: Thu Apr 02 17:53:59 EDT 2020
# Player 1: Player-0, '260713804', running on nuris-mbp
# Player 2: Player-1, 'RandomPlayer', running on nuris-mbp
START Player-0 260713804
START Player-1 RandomPlayer
BoardInit:Tile:6,Tile:15,Tile:6,Map,Tile:5,Tile:4,Tile:0,Tile:8,Tile:6,Tile:13,Tile:9,Tile:0,Destroy,Tile:8,Tile:12,Tile:3,Tile:7,Tile:8,Destroy,Tile:0,Tile:9,Tile:6,Tile:7,Map,Bonus,Map,Tile:7,Tile:11,Map,Tile:5,Tile:9,Bonus,Tile:10,Tile:2,Tile:9,Map,Destroy,Tile:5,Tile:5,Tile:14,Malus-Tile:7,Malus,Bonus,Tile:0,Map,Tile:7,Tile:6-Tile:10,Tile:9,Tile:10,Tile:8,Bonus,Tile:8,Tile:1-Tile:nugget,Tile:hidden2,Tile:hidden1
Map 12 3 1
Tile:9_flip 6 5 0
Tile:6_flip 6 4 1
Tile:15 5 6 0
Tile:6_flip 5 4 1
Map 12 3 0
Drop 2 0 1
Tile:10 6 6 0
Drop 2 0 1
Tile:4_flip 6 7 0
Drop 1 0 1
Tile:8 4 4 0
Tile:6_flip 3 4 1
Drop 1 0 0
Tile:9_flip 4 3 1
Drop 0 0 0
Destroy 5 6 1
Tile:3_flip 2 4 0
Drop 1 0 1
Tile:8 3 5 0
Tile:7 7 4 1
Tile:1 2 5 0
Tile:7 2 3 1
Drop 5 0 0
Drop 5 0 1
Map 12 3 0
Destroy 2 3 1
Map 12 3 0
Tile:7 2 3 1
Tile:6 1 3 0
Drop 3 0 1
Tile:8 4 5 0
Tile:7_flip 3 6 1
Tile:8 0 3 0
Tile:9 1 5 1
Tile:11_flip 4 6 0
Drop 6 0 1
Map 12 3 0
Destroy 2 5 1
Drop 5 0 0
Tile:10 1 6 1
Tile:0 2 5 0
Tile:5_flip 0 4 1
Drop 0 0 0
Drop 4 0 1
Tile:8 0 2 0
Map 12 5 1
Tile:14_flip 4 2 0
Tile:6 1 7 1
Drop 0 0 0
Drop 1 0 1
Tile:5_flip 5 2 0
Tile:0 2 7 1
Drop 0 0 0
Malus 0 0 1
GAMEOVER DRAW
# Game ended: Thu Apr 02 17:54:00 EDT 2020
