# Server version 0.08 running on nuris-mbp:8123
# Game ID: 10
# Board class: Saboteur.SaboteurBoard
# Timeout: 20000
# First Move Timeout: 30000
# Date: Wed Apr 08 22:03:39 EDT 2020
# Player 1: Player-0, '260713804', running on nuris-mbp
# Player 2: Player-1, 'RandomPlayer', running on nuris-mbp
START Player-0 260713804
START Player-1 RandomPlayer
BoardInit:Destroy,Tile:0,Map,Tile:4,Tile:6,Tile:7,Tile:3,Tile:6,Tile:8,Tile:0,Tile:1,Tile:6,Tile:9,Tile:7,Bonus,Map,Tile:5,Tile:12,Tile:11,Tile:8,Tile:5,Tile:6,Map,Destroy,Tile:7,Tile:7,Tile:10,Tile:15,Tile:14,Tile:5,Tile:5,Bonus,Destroy,Tile:10,Tile:8,Tile:2,Tile:8,Tile:0,Tile:9,Bonus,Tile:10-Tile:8,Tile:9,Tile:0,Tile:6,Map,Bonus,Map-Malus,Malus,Tile:9,Tile:13,Map,Tile:9,Tile:7-Tile:hidden2,Tile:hidden1,Tile:nugget
Map 12 7 1
Map 12 5 0
Drop 1 0 1
Tile:0 6 5 0
Tile:6 4 5 1
Drop 3 0 0
Tile:6 5 6 1
Drop 5 0 0
Drop 0 0 1
Tile:6_flip 7 5 0
Tile:0 6 6 1
Tile:0 8 5 0
Drop 6 0 1
Tile:6_flip 9 5 0
Tile:9 9 6 1
Tile:7 4 4 0
Tile:8 10 6 1
Map 12 3 0
Drop 1 0 1
Drop 6 0 0
Tile:3_flip 9 7 1
Tile:8 11 6 0
Tile:5 3 5 1
Tile:9_flip 12 6 0
GAMEOVER WINNER 0
# Game ended: Wed Apr 08 22:03:39 EDT 2020
