# Server version 0.08 running on nuris-mbp:8123
# Game ID: 175
# Board class: Saboteur.SaboteurBoard
# Timeout: 20000
# First Move Timeout: 30000
# Date: Mon Apr 06 16:49:41 EDT 2020
# Player 1: Player-0, '260713804', running on nuris-mbp
# Player 2: Player-1, 'RandomPlayer', running on nuris-mbp
START Player-0 260713804
START Player-1 RandomPlayer
BoardInit:Tile:7,Destroy,Map,Tile:6,Malus,Map,Map,Map,Tile:9,Tile:6,Tile:3,Tile:10,Tile:9,Malus,Map,Tile:11,Tile:0,Tile:5,Bonus,Tile:15,Tile:10,Tile:7,Tile:6,Tile:12,Destroy,Tile:9,Bonus,Tile:13,Tile:0,Tile:8,Destroy,Tile:9,Tile:6,Tile:4,Tile:1,Tile:6,Tile:5,Tile:8,Tile:14,Bonus,Bonus-Tile:2,Tile:7,Map,Tile:9,Tile:5,Tile:8,Tile:8-Tile:0,Tile:10,Tile:5,Tile:8,Tile:7,Tile:0,Tile:7-Tile:hidden1,Tile:hidden2,Tile:nugget
Tile:8 4 5 1
Drop 0 0 0
Tile:8 4 6 1
Drop 0 0 0
Tile:5_flip 4 7 1
Drop 0 0 0
Tile:7 5 4 1
Map 12 5 0
Map 12 5 1
Map 12 7 0
Tile:9_flip 6 5 1
Tile:8 6 6 0
Tile:2 7 6 1
Drop 0 0 0
Map 12 7 1
Drop 0 0 0
Tile:9 3 6 1
Drop 0 0 0
Tile:9 4 4 1
Drop 0 0 0
Drop 4 0 1
Drop 0 0 0
Tile:7_flip 7 7 1
Drop 0 0 0
Map 12 5 1
Drop 0 0 0
Destroy 4 6 1
Drop 0 0 0
Tile:10 4 3 1
Drop 0 0 0
Malus 0 0 1
Drop 0 0 0
Tile:3 8 7 1
Drop 0 0 0
Destroy 8 7 1
Drop 0 0 0
Tile:6_flip 3 5 1
Drop 0 0 0
Tile:6 2 5 1
Drop 0 0 0
Drop 4 0 1
Drop 0 0 0
Tile:5_flip 6 7 1
Drop 1 0 0
Drop 4 0 1
Drop 1 0 0
Tile:0 1 5 1
Drop 1 0 0
Tile:0 8 7 1
Drop 2 0 0
Drop 0 0 1
Drop 1 0 0
Drop 1 0 1
Drop 0 0 0
Drop 0 0 1
GAMEOVER DRAW
# Game ended: Mon Apr 06 16:50:01 EDT 2020
