# Server version 0.08 running on nuris-mbp:8123
# Game ID: 33
# Board class: Saboteur.SaboteurBoard
# Timeout: 20000
# First Move Timeout: 30000
# Date: Thu Apr 09 14:20:18 EDT 2020
# Player 1: Player-0, '260713804', running on nuris-mbp
# Player 2: Player-1, 'RandomPlayer', running on nuris-mbp
START Player-0 260713804
START Player-1 RandomPlayer
BoardInit:Tile:6,Tile:6,Bonus,Tile:5,Tile:12,Map,Map,Tile:8,Destroy,Tile:7,Tile:0,Tile:7,Bonus,Map,Tile:0,Tile:10,Map,Tile:6,Bonus,Tile:8,Tile:13,Tile:10,Tile:10,Map,Tile:9,Tile:0,Destroy,Tile:7,Tile:5,Tile:9,Tile:8,Malus,Malus,Tile:4,Tile:0,Tile:7,Tile:8,Tile:3,Tile:6,Bonus,Tile:1-Tile:14,Tile:9,Tile:2,Map,Tile:9,Tile:8,Tile:6-Destroy,Tile:5,Tile:7,Tile:11,Tile:5,Tile:9,Tile:15-Tile:hidden2,Tile:nugget,Tile:hidden1
Tile:2 5 4 1
Destroy 5 4 0
Drop 1 0 1
Tile:6_flip 6 5 0
Tile:9 6 6 1
Drop 2 0 0
Tile:8 7 6 1
Map 12 5 0
Tile:6 6 7 1
Tile:8 7 5 0
Tile:6 8 5 1
Drop 4 0 0
Map 12 5 1
Tile:5_flip 5 6 0
Tile:12_flip 4 5 1
Drop 6 0 0
Tile:0 8 6 1
Tile:9 8 4 0
Drop 1 0 1
Tile:6_flip 9 5 0
Tile:14_flip 4 6 1
Tile:8 10 5 0
Destroy 7 5 1
Tile:5_flip 10 6 0
Tile:13 7 5 1
Drop 6 0 0
Tile:9 5 4 1
Tile:0 11 5 0
Destroy 7 6 1
Tile:7 7 7 0
Tile:0 6 4 1
Tile:10 10 4 0
Tile:10 7 8 1
Malus 0 0 0
Bonus 0 0 1
Drop 6 0 0
Tile:8 5 3 1
Tile:5_flip 7 9 0
Tile:8 5 2 1
Drop 6 0 0
Tile:6 6 9 1
Drop 2 0 0
Tile:1 5 9 1
Tile:7 8 3 0
Map 12 7 1
Tile:9 7 3 0
Tile:5_flip 6 3 1
Tile:7 6 8 0
Tile:0 4 9 1
Tile:7 6 2 0
Drop 1 0 1
Tile:7_flip 4 7 0
Malus 0 0 1
Bonus 0 0 0
Map 12 5 1
GAMEOVER DRAW
# Game ended: Thu Apr 09 14:20:20 EDT 2020
