# Server version 0.08 running on nuris-mbp:8123
# Game ID: 16
# Board class: Saboteur.SaboteurBoard
# Timeout: 20000
# First Move Timeout: 30000
# Date: Thu Apr 09 14:12:25 EDT 2020
# Player 1: Player-0, '260713804', running on nuris-mbp
# Player 2: Player-1, 'RandomPlayer', running on nuris-mbp
START Player-0 260713804
START Player-1 RandomPlayer
BoardInit:Tile:10,Map,Tile:8,Tile:5,Tile:5,Destroy,Map,Tile:10,Tile:6,Tile:13,Destroy,Tile:12,Tile:3,Bonus,Map,Destroy,Tile:6,Tile:6,Tile:9,Tile:7,Tile:8,Tile:8,Tile:15,Bonus,Bonus,Tile:7,Malus,Tile:0,Tile:9,Tile:8,Tile:4,Map,Tile:6,Tile:9,Bonus,Tile:8,Tile:11,Tile:10,Map,Tile:0,Tile:9-Map,Tile:7,Tile:14,Tile:2,Tile:5,Malus,Tile:7-Tile:7,Tile:6,Tile:1,Tile:0,Tile:9,Tile:5,Tile:0-Tile:nugget,Tile:hidden2,Tile:hidden1
Tile:5_flip 5 6 1
Tile:6_flip 6 5 0
Tile:14_flip 5 4 1
Map 12 5 0
Tile:7_flip 6 6 1
Tile:0 7 5 0
Drop 2 0 1
Destroy 5 4 0
Drop 2 0 1
Tile:0 8 5 0
Tile:6 4 5 1
Drop 1 0 0
Drop 2 0 1
Drop 5 0 0
Tile:5_flip 9 5 1
Drop 5 0 0
Tile:3 4 4 1
Destroy 4 4 0
Tile:6_flip 4 6 1
Tile:6_flip 7 6 0
Destroy 9 5 1
Tile:10 4 4 0
Tile:9 7 7 1
Tile:8 9 5 0
Tile:8 7 8 1
Drop 0 0 0
Map 12 7 1
Drop 0 0 0
Map 12 3 1
Tile:0 10 5 0
Tile:2 4 3 1
Tile:8 11 5 0
Tile:9 9 6 1
Map 12 3 0
Tile:6 12 6 1
Tile:9_flip 12 4 0
GAMEOVER WINNER 0
# Game ended: Thu Apr 09 14:12:25 EDT 2020
