# Server version 0.08 running on nuris-mbp:8123
# Game ID: 167
# Board class: Saboteur.SaboteurBoard
# Timeout: 20000
# First Move Timeout: 30000
# Date: Fri Apr 03 14:27:37 EDT 2020
# Player 1: Player-0, '260713804', running on nuris-mbp
# Player 2: Player-1, 'RandomPlayer', running on nuris-mbp
START Player-0 260713804
START Player-1 RandomPlayer
BoardInit:Tile:5,Destroy,Tile:2,Map,Tile:9,Tile:3,Tile:6,Tile:7,Tile:15,Tile:5,Tile:0,Bonus,Tile:5,Tile:9,Tile:10,Map,Tile:6,Map,Tile:8,Destroy,Tile:0,Destroy,Bonus,Tile:8,Tile:12,Tile:8,Tile:10,Tile:4,Tile:13,Tile:10,Tile:7,Tile:1,Tile:9,Bonus,Tile:7,Tile:0,Tile:0,Tile:8,Malus,Map,Tile:14-Tile:6,Tile:11,Tile:9,Map,Tile:6,Tile:7,Map-Tile:8,Bonus,Malus,Tile:7,Tile:5,Tile:9,Tile:6-Tile:nugget,Tile:hidden2,Tile:hidden1
Tile:6_flip 6 5 1
Tile:8 7 5 0
Tile:6 7 6 1
Drop 2 0 0
Map 12 7 1
Map 12 3 0
Tile:7_flip 6 6 1
Drop 2 0 0
Tile:9 7 4 1
Drop 2 0 0
Tile:2 8 6 1
Drop 2 0 0
Tile:5 5 4 1
Drop 3 0 0
Tile:6 8 5 1
Drop 3 0 0
Tile:10 8 7 1
Map 12 3 0
Drop 1 0 1
Map 12 3 0
Tile:8 8 4 1
Drop 3 0 0
Tile:11 8 8 1
Drop 4 0 0
Drop 5 0 1
Tile:8 9 4 0
Tile:6 9 5 1
Tile:8 10 4 0
Tile:5_flip 11 4 1
Drop 6 0 0
Drop 3 0 1
Drop 6 0 0
Tile:9 8 3 1
Drop 6 0 0
Tile:9 10 3 1
Destroy 7 5 0
Tile:13 11 3 1
Drop 6 0 0
Tile:0 4 5 1
Destroy 10 4 0
Tile:10 8 2 1
Map 12 3 0
Tile:7 10 2 1
Tile:8 7 5 0
Tile:14 9 8 1
Drop 3 0 0
Tile:0 9 6 1
Drop 0 0 0
Tile:12 10 5 1
Drop 2 0 0
Tile:15 11 2 1
Malus 0 0 0
Malus 0 0 1
Bonus 0 0 0
Drop 0 0 1
GAMEOVER DRAW
# Game ended: Fri Apr 03 14:27:37 EDT 2020
