# Server version 0.08 running on nuris-mbp:8123
# Game ID: 196
# Board class: Saboteur.SaboteurBoard
# Timeout: 20000
# First Move Timeout: 30000
# Date: Tue Apr 07 16:33:12 EDT 2020
# Player 1: Player-0, '260713804', running on nuris-mbp
# Player 2: Player-1, 'RandomPlayer', running on nuris-mbp
START Player-0 260713804
START Player-1 RandomPlayer
BoardInit:Tile:8,Bonus,Destroy,Tile:9,Tile:1,Tile:7,Tile:10,Tile:9,Map,Tile:6,Bonus,Tile:3,Tile:6,Tile:5,Tile:5,Tile:5,Tile:15,Tile:4,Tile:0,Tile:8,Tile:0,Tile:2,Destroy,Bonus,Tile:13,Map,Tile:9,Map,Map,Map,Tile:6,Tile:8,Tile:6,Tile:10,Tile:8,Tile:12,Malus,Map,Destroy,Tile:14,Tile:7-Tile:9,Tile:6,Tile:0,Tile:10,Tile:11,Bonus,Tile:7-Tile:7,Tile:5,Malus,Tile:9,Tile:0,Tile:8,Tile:7-Tile:nugget,Tile:hidden1,Tile:hidden2
Tile:11_flip 5 4 1
Drop 0 0 0
Tile:6 4 5 1
Drop 0 0 0
Drop 4 0 1
Drop 0 0 0
Tile:8 5 6 1
Drop 0 0 0
Tile:9 5 3 1
Drop 0 0 0
Drop 1 0 1
Tile:8 6 5 0
