# Server version 0.08 running on nuris-mbp:8123
# Game ID: 11
# Board class: Saboteur.SaboteurBoard
# Timeout: 20000
# First Move Timeout: 30000
# Date: Wed Apr 08 17:59:52 EDT 2020
# Player 1: Player-0, '260713804', running on nuris-mbp
# Player 2: Player-1, 'RandomPlayer', running on nuris-mbp
START Player-0 260713804
START Player-1 RandomPlayer
BoardInit:Destroy,Map,Bonus,Tile:0,Tile:4,Tile:2,Tile:7,Tile:1,Tile:10,Tile:8,Tile:8,Malus,Tile:9,Map,Tile:8,Tile:8,Bonus,Tile:5,Tile:6,Tile:7,Malus,Tile:9,Tile:5,Tile:14,Tile:13,Tile:7,Tile:5,Tile:6,Tile:3,Tile:15,Destroy,Map,Tile:7,Map,Bonus,Bonus,Tile:6,Tile:6,Tile:9,Tile:12,Tile:0-Tile:9,Tile:0,Map,Tile:11,Tile:10,Tile:7,Tile:10-Tile:8,Tile:6,Tile:5,Destroy,Tile:0,Tile:9,Map-Tile:hidden1,Tile:hidden2,Tile:nugget
Tile:7 5 4 1
Map 12 5 0
Map 12 3 1
Map 12 3 0
Tile:0 4 5 1
Tile:0 6 5 0
Drop 5 0 1
Tile:0 7 5 0
Drop 0 0 1
Tile:8 8 5 0
Tile:10 8 4 1
Tile:8 9 5 0
Tile:10 8 6 1
Tile:6 10 5 0
Tile:7 8 3 1
Map 12 7 0
Tile:11 9 6 1
Tile:8 11 5 0
Tile:8 3 5 1
Tile:9 12 6 0
GAMEOVER WINNER 0
# Game ended: Wed Apr 08 17:59:52 EDT 2020
