# Server version 0.08 running on nuris-mbp:8123
# Game ID: 8
# Board class: Saboteur.SaboteurBoard
# Timeout: 20000
# First Move Timeout: 30000
# Date: Wed Apr 08 22:03:27 EDT 2020
# Player 1: Player-0, '260713804', running on nuris-mbp
# Player 2: Player-1, 'RandomPlayer', running on nuris-mbp
START Player-0 260713804
START Player-1 RandomPlayer
BoardInit:Tile:8,Tile:7,Tile:6,Tile:10,Map,Tile:5,Destroy,Destroy,Destroy,Tile:15,Tile:6,Tile:9,Tile:0,Tile:13,Tile:2,Tile:8,Tile:5,Map,Tile:4,Tile:7,Tile:8,Map,Tile:10,Bonus,Bonus,Tile:6,Tile:8,Tile:3,Tile:7,Tile:10,Tile:7,Tile:9,Map,Tile:5,Tile:11,Tile:12,Tile:9,Malus,Map,Tile:6,Bonus-Tile:0,Tile:1,Tile:8,Malus,Bonus,Tile:0,Tile:14-Tile:5,Tile:7,Map,Tile:0,Tile:9,Tile:9,Tile:6-Tile:hidden2,Tile:nugget,Tile:hidden1
Malus 0 0 1
Map 12 5 0
Tile:8 5 6 1
Drop 3 0 0
Drop 1 0 1
Drop 1 0 0
Tile:6 4 5 1
Drop 4 0 0
Tile:14 5 7 1
Drop 6 0 0
Drop 1 0 1
Drop 6 0 0
Tile:6 6 6 1
Drop 5 0 0
Tile:0 7 6 1
Drop 6 0 0
Drop 5 0 1
Drop 1 0 0
Destroy 7 6 1
Drop 6 0 0
Tile:2 7 6 1
Drop 4 0 0
Tile:8 5 4 1
Drop 6 0 0
Drop 2 0 1
Drop 6 0 0
Tile:5_flip 6 4 1
Drop 0 0 0
Tile:0 4 6 1
Drop 6 0 0
Drop 3 0 1
Drop 0 0 0
Tile:8 4 4 1
Drop 5 0 0
Tile:7 5 3 1
Drop 3 0 0
Tile:8 3 6 1
Drop 6 0 0
Tile:7 6 5 1
Drop 2 0 0
Drop 6 0 1
Drop 3 0 0
Tile:11 4 3 1
Drop 1 0 0
Drop 4 0 1
Drop 3 0 0
Tile:4 4 2 1
Drop 3 0 0
Drop 2 0 1
Drop 0 0 0
Map 12 3 1
Drop 1 0 0
Drop 1 0 1
Drop 0 0 0
Drop 0 0 1
GAMEOVER DRAW
# Game ended: Wed Apr 08 22:03:27 EDT 2020
