# Server version 0.08 running on nuris-mbp:8123
# Game ID: 35
# Board class: Saboteur.SaboteurBoard
# Timeout: 20000
# First Move Timeout: 30000
# Date: Wed Apr 08 18:09:39 EDT 2020
# Player 1: Player-0, '260713804', running on nuris-mbp
# Player 2: Player-1, 'RandomPlayer', running on nuris-mbp
START Player-0 260713804
START Player-1 RandomPlayer
BoardInit:Tile:8,Tile:2,Bonus,Destroy,Tile:11,Tile:4,Tile:9,Tile:10,Tile:8,Tile:15,Map,Malus,Tile:7,Tile:0,Tile:3,Tile:6,Tile:9,Bonus,Tile:12,Bonus,Tile:10,Tile:7,Tile:7,Tile:7,Tile:10,Tile:6,Tile:6,Tile:9,Tile:13,Map,Tile:5,Tile:8,Tile:5,Tile:0,Tile:9,Tile:5,Tile:8,Destroy,Map,Tile:7,Map-Tile:14,Tile:1,Tile:6,Tile:0,Tile:5,Destroy,Tile:6-Tile:9,Malus,Tile:8,Map,Tile:0,Bonus,Map-Tile:hidden1,Tile:nugget,Tile:hidden2
Tile:6 4 5 1
Map 12 5 0
Tile:6_flip 4 4 1
Tile:0 6 5 0
Tile:1 3 5 1
Tile:8 7 5 0
Tile:8 8 5 1
Drop 1 0 0
Tile:0 9 5 1
Drop 1 0 0
Tile:5 8 4 1
Drop 2 0 0
Tile:11_flip 5 6 1
Drop 2 0 0
Tile:7 7 4 1
Tile:0 10 5 0
Tile:14 5 7 1
Tile:6 11 5 0
GAMEOVER WINNER 0
# Game ended: Wed Apr 08 18:09:39 EDT 2020
