# Server version 0.08 running on nuris-mbp:8123
# Game ID: 200
# Board class: Saboteur.SaboteurBoard
# Timeout: 20000
# First Move Timeout: 30000
# Date: Tue Apr 07 18:43:13 EDT 2020
# Player 1: Player-0, '260713804', running on nuris-mbp
# Player 2: Player-1, 'RandomPlayer', running on nuris-mbp
START Player-0 260713804
START Player-1 RandomPlayer
BoardInit:Tile:10,Destroy,Tile:0,Map,Tile:6,Tile:14,Tile:7,Tile:10,Tile:0,Map,Bonus,Tile:6,Tile:9,Tile:9,Tile:7,Tile:10,Map,Malus,Tile:9,Tile:8,Tile:8,Tile:7,Tile:5,Tile:6,Tile:4,Tile:8,Tile:5,Tile:6,Tile:5,Malus,Map,Tile:11,Tile:7,Tile:15,Destroy,Tile:3,Destroy,Bonus,Tile:9,Tile:6,Tile:1-Tile:12,Tile:7,Bonus,Tile:5,Tile:8,Tile:0,Tile:9-Bonus,Tile:2,Tile:13,Tile:0,Tile:8,Map,Map-Tile:hidden2,Tile:nugget,Tile:hidden1
Tile:12_flip 4 5 1
Tile:13 5 4 0
Tile:5_flip 6 5 1
Drop 1 0 0
Tile:8 5 6 1
Tile:0 6 6 0
Tile:0 7 6 1
Map 12 5 0
Tile:9_flip 5 7 1
Drop 0 0 0
Tile:6_flip 4 7 1
Drop 1 0 0
Drop 0 0 1
Drop 1 0 0
Tile:9_flip 5 3 1
Drop 1 0 0
Tile:7_flip 4 8 1
Drop 1 0 0
Drop 3 0 1
Drop 1 0 0
Tile:0 4 4 1
Drop 1 0 0
Drop 5 0 1
Drop 1 0 0
Tile:5 3 4 1
Drop 1 0 0
Tile:8 6 4 1
Drop 1 0 0
Drop 2 0 1
Drop 1 0 0
Tile:5 5 2 1
Drop 2 0 0
Tile:5_flip 5 8 1
Tile:11 6 3 0
Drop 4 0 1
Drop 3 0 0
Drop 6 0 1
Tile:8 8 6 0
Tile:7_flip 3 7 1
Drop 1 0 0
Map 12 7 1
Drop 1 0 0
Tile:1 4 6 1
Drop 1 0 0
Map 12 3 1
Drop 1 0 0
Tile:9 3 6 1
Drop 1 0 0
Destroy 4 5 1
Drop 1 0 0
Tile:7 7 4 1
Drop 1 0 0
Tile:10 8 7 1
Tile:8 8 8 0
Drop 0 0 1
GAMEOVER DRAW
# Game ended: Tue Apr 07 18:43:13 EDT 2020
