# Server version 0.08 running on nuris-mbp:8123
# Game ID: 39
# Board class: Saboteur.SaboteurBoard
# Timeout: 20000
# First Move Timeout: 30000
# Date: Wed Apr 08 18:09:57 EDT 2020
# Player 1: Player-0, '260713804', running on nuris-mbp
# Player 2: Player-1, 'RandomPlayer', running on nuris-mbp
START Player-0 260713804
START Player-1 RandomPlayer
BoardInit:Tile:8,Tile:8,Bonus,Map,Tile:9,Map,Tile:10,Tile:6,Tile:8,Tile:6,Malus,Tile:7,Tile:11,Tile:0,Tile:7,Tile:14,Tile:9,Tile:13,Tile:7,Map,Destroy,Bonus,Tile:6,Map,Bonus,Tile:7,Tile:9,Tile:9,Tile:4,Destroy,Map,Tile:10,Tile:5,Tile:3,Tile:15,Tile:12,Tile:6,Map,Tile:5,Bonus,Tile:8-Destroy,Tile:0,Tile:2,Tile:8,Tile:0,Tile:5,Tile:1-Tile:6,Tile:0,Tile:10,Tile:7,Malus,Tile:9,Tile:5-Tile:hidden1,Tile:hidden2,Tile:nugget
Tile:2_flip 4 5 1
Tile:0 6 5 0
Destroy 4 5 1
Tile:8 7 5 0
Drop 4 0 1
Map 12 5 0
Tile:8 8 5 1
Map 12 3 0
Tile:9 5 6 1
Tile:6 9 5 0
Tile:8 10 5 1
Tile:6 11 5 0
Tile:8 12 4 1
Tile:10 12 6 0
GAMEOVER WINNER 0
# Game ended: Wed Apr 08 18:09:57 EDT 2020
