# Server version 0.08 running on nuris-mbp:8123
# Game ID: 82
# Board class: Saboteur.SaboteurBoard
# Timeout: 20000
# First Move Timeout: 30000
# Date: Wed Apr 01 15:53:33 EDT 2020
# Player 1: Player-0, '260713804', running on nuris-mbp
# Player 2: Player-1, 'RandomPlayer', running on nuris-mbp
START Player-0 260713804
START Player-1 RandomPlayer
BoardInit:Tile:10,Tile:9,Tile:2,Tile:0,Tile:1,Malus,Tile:11,Tile:7,Destroy,Tile:12,Tile:7,Tile:5,Tile:5,Tile:9,Map,Tile:3,Tile:9,Tile:8,Tile:8,Bonus,Destroy,Tile:6,Bonus,Bonus,Tile:0,Tile:8,Tile:9,Malus,Map,Tile:7,Tile:5,Map,Tile:9,Tile:15,Tile:6,Tile:6,Tile:8,Tile:7,Tile:0,Tile:4,Map-Map,Tile:6,Tile:7,Tile:6,Tile:5,Destroy,Tile:0-Tile:10,Tile:13,Map,Bonus,Tile:14,Tile:10,Tile:8-Tile:hidden2,Tile:hidden1,Tile:nugget
Tile:5 5 4 1
Tile:13 4 5 0
Drop 1 0 1
Tile:14 6 5 0
Tile:2_flip 5 6 1
Tile:8 3 5 0
Drop 6 0 1
Drop 2 0 0
Drop 0 0 1
Tile:7_flip 4 6 0
Drop 1 0 1
Tile:0 6 6 0
Destroy 6 6 1
Tile:10 3 6 0
Tile:10 3 7 1
Drop 2 0 0
Destroy 5 4 1
Tile:10 3 8 0
Tile:7 4 4 1
Tile:12_flip 2 5 0
Tile:9_flip 6 4 1
Map 12 7 0
Destroy 4 4 1
Tile:6_flip 6 3 0
Tile:0 5 3 1
Drop 0 0 0
Tile:8 4 4 1
Tile:3_flip 3 9 0
Drop 2 0 1
Drop 3 0 0
Tile:9 4 3 1
Tile:7 6 6 0
Map 12 7 1
Tile:8 4 2 0
Tile:5_flip 5 2 1
Drop 0 0 0
Tile:6_flip 5 4 1
Tile:15 6 7 0
Tile:8 6 8 1
Tile:6_flip 3 4 0
Drop 2 0 1
Tile:7 4 9 0
Tile:11_flip 5 1 1
Tile:4_flip 6 9 0
Drop 4 0 1
Tile:9 4 1 0
Tile:9 5 8 1
Malus 0 0 0
Drop 2 0 1
Map 12 7 0
Map 12 3 1
Tile:8 5 0 0
Drop 1 0 1
Drop 0 0 0
Drop 0 0 1
GAMEOVER DRAW
# Game ended: Wed Apr 01 15:53:33 EDT 2020
