# Server version 0.08 running on nuris-mbp:8123
# Game ID: 24
# Board class: Saboteur.SaboteurBoard
# Timeout: 20000
# First Move Timeout: 30000
# Date: Wed Apr 08 22:05:12 EDT 2020
# Player 1: Player-0, '260713804', running on nuris-mbp
# Player 2: Player-1, 'RandomPlayer', running on nuris-mbp
START Player-0 260713804
START Player-1 RandomPlayer
BoardInit:Tile:10,Tile:6,Map,Tile:10,Tile:8,Destroy,Tile:9,Tile:0,Tile:7,Tile:0,Destroy,Tile:15,Map,Tile:12,Tile:8,Malus,Tile:6,Tile:9,Map,Tile:0,Bonus,Tile:14,Tile:7,Tile:10,Tile:6,Tile:11,Tile:8,Map,Tile:8,Map,Tile:5,Tile:4,Tile:9,Tile:6,Tile:7,Tile:5,Map,Tile:8,Tile:9,Malus,Tile:13-Tile:5,Tile:3,Bonus,Tile:1,Bonus,Tile:6,Tile:0-Bonus,Destroy,Tile:7,Tile:5,Tile:9,Tile:7,Tile:2-Tile:hidden2,Tile:nugget,Tile:hidden1
Drop 2 0 1
Drop 0 0 0
Tile:10 5 4 1
Tile:6_flip 6 5 0
Drop 4 0 1
Drop 0 0 0
Map 12 7 1
Drop 4 0 0
Tile:1 7 5 1
Tile:7_flip 6 6 0
Tile:5_flip 8 5 1
Tile:0 7 6 0
Tile:0 4 5 1
Tile:0 8 6 0
Drop 3 0 1
Drop 4 0 0
Tile:8 9 6 1
Drop 4 0 0
Drop 1 0 1
Drop 4 0 0
Destroy 4 5 1
Tile:10 9 5 0
Tile:7 8 4 1
Drop 6 0 0
Tile:6 9 7 1
Tile:9_flip 10 7 0
Tile:6 10 8 1
Drop 6 0 0
Tile:3 10 6 1
Map 12 5 0
Tile:8 4 5 1
Drop 6 0 0
Map 12 5 1
Drop 6 0 0
Tile:8 3 5 1
Tile:9_flip 4 6 0
Tile:7 4 4 1
Tile:10 5 6 0
Tile:9 5 3 1
Tile:8 4 7 0
Drop 0 0 1
Drop 3 0 0
Tile:5 9 4 1
Tile:6_flip 10 4 0
Tile:13 2 5 1
Tile:7_flip 10 5 0
Tile:9 1 5 1
Drop 2 0 0
Tile:7 11 5 1
Tile:5 8 7 0
Tile:8 6 3 1
Drop 0 0 0
Map 12 3 1
Malus 0 0 0
Bonus 0 0 1
GAMEOVER DRAW
# Game ended: Wed Apr 08 22:05:13 EDT 2020
