# Server version 0.08 running on nuris-mbp:8123
# Game ID: 131
# Board class: Saboteur.SaboteurBoard
# Timeout: 20000
# First Move Timeout: 30000
# Date: Thu Apr 02 18:43:10 EDT 2020
# Player 1: Player-0, '260713804', running on nuris-mbp
# Player 2: Player-1, 'RandomPlayer', running on nuris-mbp
START Player-0 260713804
START Player-1 RandomPlayer
BoardInit:Tile:7,Tile:0,Tile:7,Tile:6,Map,Tile:12,Tile:10,Tile:0,Tile:8,Tile:6,Tile:11,Map,Tile:6,Tile:9,Tile:4,Tile:6,Tile:2,Map,Tile:15,Malus,Bonus,Tile:9,Map,Tile:8,Malus,Tile:5,Bonus,Tile:10,Tile:0,Bonus,Tile:9,Tile:1,Bonus,Map,Tile:6,Tile:8,Map,Tile:3,Tile:7,Tile:0,Tile:7-Tile:9,Tile:10,Tile:8,Tile:14,Destroy,Tile:9,Tile:7-Tile:5,Tile:13,Tile:5,Destroy,Tile:5,Tile:8,Destroy-Tile:hidden1,Tile:nugget,Tile:hidden2
Tile:9_flip 5 4 1
Tile:5 4 5 0
Tile:7 6 5 1
Drop 2 0 0
Tile:14_flip 5 3 1
Tile:0 4 4 0
Tile:9 4 6 1
Tile:6 5 6 0
Destroy 5 6 1
Drop 3 0 0
Drop 1 0 1
Tile:5_flip 5 6 0
Tile:7_flip 6 6 1
Map 12 3 0
Drop 1 0 1
Tile:6_flip 7 6 0
Tile:8 4 7 1
Drop 6 0 0
Drop 5 0 1
Map 12 5 0
Tile:2 6 3 1
Tile:5 3 7 0
Tile:10 4 8 1
Destroy 4 4 0
Map 12 7 1
Drop 5 0 0
Tile:6 7 7 1
Tile:8 8 6 0
Tile:15 3 8 1
Tile:12_flip 4 4 0
Tile:10 3 9 1
Tile:9_flip 8 5 0
Tile:9 4 9 1
Drop 0 0 0
Tile:11_flip 8 7 1
Map 12 5 0
Tile:6_flip 8 4 1
Drop 3 0 0
Tile:0 9 4 1
Tile:8 7 4 0
Tile:7_flip 6 4 1
Drop 1 0 0
Drop 0 0 1
Tile:3 5 7 0
Map 12 3 1
Drop 4 0 0
Drop 1 0 1
Drop 0 0 0
Malus 0 0 1
Drop 2 0 0
Map 12 7 1
Bonus 0 0 0
Tile:7_flip 7 5 1
Tile:5_flip 4 10 0
Drop 0 0 1
GAMEOVER DRAW
# Game ended: Thu Apr 02 18:43:39 EDT 2020
