# Server version 0.08 running on nuris-mbp:8123
# Game ID: 47
# Board class: Saboteur.SaboteurBoard
# Timeout: 20000
# First Move Timeout: 30000
# Date: Thu Apr 09 16:56:19 EDT 2020
# Player 1: Player-0, 'RandomPlayer', running on localhost
# Player 2: Player-1, '260713804', running on localhost
START Player-0 RandomPlayer
START Player-1 260713804
BoardInit:Tile:10,Tile:9,Bonus,Destroy,Tile:8,Tile:14,Tile:6,Destroy,Tile:8,Tile:13,Tile:7,Tile:7,Tile:0,Tile:6,Tile:0,Map,Tile:1,Tile:8,Tile:10,Tile:0,Bonus,Tile:15,Map,Tile:2,Destroy,Tile:0,Tile:5,Tile:9,Tile:5,Tile:11,Tile:5,Tile:4,Tile:7,Tile:6,Tile:9,Tile:9,Malus,Tile:10,Tile:5,Map,Bonus-Tile:7,Tile:6,Tile:6,Tile:8,Tile:8,Tile:3,Map-Bonus,Map,Tile:7,Malus,Map,Tile:12,Tile:9-Tile:nugget,Tile:hidden2,Tile:hidden1
Map 12 5 1
Map 12 7 0
Tile:6_flip 6 5 1
Tile:9_flip 7 5 0
Tile:6 7 6 1
Tile:7 8 6 0
Tile:7_flip 8 7 1
Drop 2 0 0
Tile:6_flip 9 7 1
Tile:9_flip 5 6 0
Tile:8 10 7 1
Destroy 6 5 0
Tile:8 6 5 1
Destroy 8 7 0
Tile:8 6 4 1
Tile:13 8 7 0
Tile:8 6 3 1
Tile:7_flip 4 5 0
Tile:0 7 3 1
Tile:6_flip 11 7 0
Tile:0 8 3 1
Tile:14_flip 5 3 0
Drop 0 0 1
Map 12 3 0
Map 12 3 1
Tile:2_flip 5 7 0
Destroy 5 3 1
Tile:15 8 8 0
Drop 0 0 1
Malus 0 0 0
Bonus 0 0 1
Tile:0 7 7 0
Drop 1 0 1
Tile:0 6 7 0
Tile:7 9 3 1
Tile:4_flip 8 9 0
Tile:7 4 4 1
Tile:8 3 4 0
Malus 0 0 1
Drop 0 0 0
Tile:9 9 8 1
Drop 6 0 0
Drop 0 0 1
Drop 1 0 0
Drop 0 0 1
Drop 3 0 0
Tile:5 5 4 1
Drop 0 0 0
Tile:5 10 6 1
Drop 2 0 0
Tile:5_flip 11 6 1
Drop 0 0 0
Tile:5 3 3 1
Drop 0 0 0
Drop 0 0 1
GAMEOVER DRAW
# Game ended: Thu Apr 09 16:56:21 EDT 2020
