# Server version 0.08 running on nuris-mbp:8123
# Game ID: 69
# Board class: Saboteur.SaboteurBoard
# Timeout: 20000
# First Move Timeout: 30000
# Date: Wed Apr 08 20:04:22 EDT 2020
# Player 1: Player-0, '260713804', running on nuris-mbp
# Player 2: Player-1, 'RandomPlayer', running on nuris-mbp
START Player-0 260713804
START Player-1 RandomPlayer
BoardInit:Map,Tile:10,Tile:6,Tile:5,Bonus,Tile:11,Tile:8,Tile:3,Bonus,Bonus,Map,Tile:9,Destroy,Tile:7,Tile:7,Destroy,Tile:7,Tile:9,Tile:14,Tile:7,Tile:10,Tile:0,Tile:8,Tile:10,Tile:9,Map,Map,Tile:8,Tile:9,Tile:13,Tile:0,Tile:7,Tile:15,Tile:12,Tile:4,Tile:6,Tile:5,Tile:5,Destroy,Tile:8,Bonus-Malus,Tile:5,Tile:9,Tile:1,Map,Tile:6,Tile:8-Map,Tile:2,Tile:0,Malus,Tile:6,Tile:0,Tile:6-Tile:hidden2,Tile:hidden1,Tile:nugget
Tile:6_flip 5 4 1
Map 12 5 0
Map 12 7 1
Tile:6 6 4 0
Tile:8 4 5 1
Tile:5_flip 4 6 0
Tile:1 6 5 1
Tile:6_flip 6 3 0
Tile:8 3 5 1
Tile:0 7 3 0
Tile:9 5 6 1
Tile:0 8 3 0
Tile:6 3 6 1
Drop 0 0 0
Map 12 5 1
Drop 2 0 0
Tile:7 6 6 1
Drop 2 0 0
Destroy 5 6 1
Drop 2 0 0
Tile:7_flip 5 3 1
Drop 4 0 0
Tile:14_flip 3 4 1
Tile:0 9 3 0
Map 12 7 1
Drop 3 0 0
Tile:8 6 7 1
Map 12 3 0
Tile:5_flip 7 5 1
Tile:8 10 3 0
Tile:9 5 2 1
Drop 6 0 0
Malus 0 0 1
Drop 1 0 0
Map 12 5 1
Drop 6 0 0
Tile:0 7 7 1
Drop 4 0 0
Tile:4_flip 6 8 1
Drop 3 0 0
Tile:9 5 6 1
Drop 5 0 0
Destroy 6 3 1
Drop 3 0 0
Drop 4 0 1
Drop 4 0 0
Tile:15 5 1 1
Drop 1 0 0
Tile:10 10 4 1
Drop 0 0 0
Drop 0 0 1
Drop 1 0 0
Drop 1 0 1
Drop 0 0 0
Drop 0 0 1
GAMEOVER DRAW
# Game ended: Wed Apr 08 20:04:23 EDT 2020
