# Server version 0.08 running on nuris-mbp:8123
# Game ID: 151
# Board class: Saboteur.SaboteurBoard
# Timeout: 20000
# First Move Timeout: 30000
# Date: Fri Apr 03 13:50:02 EDT 2020
# Player 1: Player-0, '260713804', running on nuris-mbp
# Player 2: Player-1, 'RandomPlayer', running on nuris-mbp
START Player-0 260713804
START Player-1 RandomPlayer
BoardInit:Tile:8,Map,Tile:0,Map,Tile:6,Map,Tile:8,Tile:9,Tile:7,Tile:14,Destroy,Tile:0,Tile:10,Tile:12,Tile:7,Tile:6,Tile:6,Tile:5,Tile:9,Malus,Tile:13,Map,Tile:7,Tile:7,Tile:15,Tile:2,Tile:3,Destroy,Tile:10,Bonus,Tile:7,Tile:8,Tile:8,Tile:10,Tile:8,Tile:4,Tile:11,Tile:9,Tile:5,Tile:0,Tile:0-Tile:1,Tile:5,Tile:6,Tile:6,Bonus,Bonus,Bonus-Tile:9,Tile:5,Map,Malus,Tile:9,Destroy,Map-Tile:nugget,Tile:hidden2,Tile:hidden1
Drop 2 0 1
Map 12 3 0
Tile:5_flip 5 6 1
Map 12 3 0
Tile:8 6 5 1
Map 12 3 0
Tile:6 7 5 1
Map 12 3 0
Tile:8 5 4 1
Map 12 3 0
Tile:6_flip 4 4 1
Drop 6 0 0
Tile:7_flip 4 6 1
Tile:9_flip 6 4 0
Tile:10 7 4 1
Drop 6 0 0
Destroy 5 4 1
Tile:9_flip 7 3 0
Drop 1 0 1
Drop 2 0 0
Tile:6_flip 6 3 1
Tile:5 3 4 0
Tile:9 3 5 1
Map 12 3 0
Tile:13 4 5 1
Tile:6 5 3 0
Tile:7 5 2 1
Drop 6 0 0
Tile:0 4 2 1
Destroy 3 5 0
Tile:7_flip 6 6 1
Tile:9 3 5 0
Tile:7 7 6 1
GAMEOVER TIMEOUT WINNER 1
# Game ended: Fri Apr 03 13:50:33 EDT 2020
