# Server version 0.08 running on nuris-mbp:8123
# Game ID: 127
# Board class: Saboteur.SaboteurBoard
# Timeout: 20000
# First Move Timeout: 30000
# Date: Thu Apr 02 18:35:42 EDT 2020
# Player 1: Player-0, '260713804', running on nuris-mbp
# Player 2: Player-1, 'RandomPlayer', running on nuris-mbp
START Player-0 260713804
START Player-1 RandomPlayer
BoardInit:Tile:8,Map,Tile:6,Tile:7,Bonus,Tile:2,Bonus,Map,Tile:7,Tile:5,Tile:9,Tile:10,Tile:9,Tile:5,Bonus,Tile:3,Tile:12,Destroy,Tile:5,Tile:0,Tile:9,Tile:6,Tile:7,Tile:15,Tile:11,Tile:10,Malus,Bonus,Tile:5,Malus,Tile:8,Tile:14,Map,Tile:0,Tile:7,Tile:4,Tile:8,Tile:6,Tile:0,Map,Tile:6-Map,Tile:6,Tile:10,Tile:1,Tile:8,Destroy,Destroy-Tile:13,Map,Tile:0,Tile:9,Tile:9,Tile:7,Tile:8-Tile:hidden1,Tile:hidden2,Tile:nugget
Tile:6 6 5 1
Map 12 3 0
Tile:8 6 4 1
Map 12 5 0
Destroy 6 5 1
Tile:13 5 4 0
Tile:6_flip 7 4 1
Drop 5 0 0
Tile:8 8 4 1
Map 12 5 0
Tile:10 5 3 1
Tile:2_flip 7 5 0
Tile:7 8 3 1
Tile:5_flip 8 5 0
Destroy 8 3 1
Tile:0 4 4 0
Tile:9_flip 9 4 1
Tile:5 5 2 0
Tile:9_flip 5 6 1
Tile:3_flip 9 5 0
Tile:5 8 3 1
Tile:8 10 5 0
Tile:1 4 6 1
Drop 5 0 0
Tile:9_flip 10 6 1
Drop 1 0 0
Tile:11 6 3 1
Tile:6 11 5 0
Tile:12_flip 3 4 1
Destroy 5 3 0
Map 12 3 1
Tile:10 5 3 0
Tile:8 3 6 1
Tile:9 2 6 0
Tile:5_flip 7 3 1
Tile:0 4 5 0
Map 12 7 1
Tile:7 2 5 0
Tile:8 10 7 1
Tile:15 10 4 0
Tile:7_flip 2 7 1
Map 12 5 0
Drop 0 0 1
Drop 2 0 0
Tile:7_flip 5 7 1
Tile:4 11 4 0
Malus 0 0 1
Drop 2 0 0
Tile:6_flip 9 3 1
Drop 0 0 0
Tile:0 9 6 1
Drop 0 0 0
Drop 1 0 1
Drop 0 0 0
Drop 0 0 1
GAMEOVER DRAW
# Game ended: Thu Apr 02 18:35:43 EDT 2020
