# Server version 0.08 running on nuris-mbp:8123
# Game ID: 48
# Board class: Saboteur.SaboteurBoard
# Timeout: 20000
# First Move Timeout: 30000
# Date: Thu Apr 09 16:56:22 EDT 2020
# Player 1: Player-0, '260713804', running on localhost
# Player 2: Player-1, 'RandomPlayer', running on localhost
START Player-0 260713804
START Player-1 RandomPlayer
BoardInit:Map,Malus,Tile:9,Tile:7,Map,Tile:6,Tile:3,Tile:4,Tile:1,Bonus,Malus,Tile:5,Tile:8,Tile:0,Tile:5,Tile:6,Tile:0,Tile:0,Bonus,Map,Tile:15,Tile:14,Tile:11,Bonus,Tile:5,Tile:0,Destroy,Tile:2,Destroy,Tile:6,Map,Tile:8,Destroy,Tile:8,Tile:6,Tile:6,Tile:7,Tile:13,Tile:9,Tile:10,Tile:8-Tile:10,Tile:7,Map,Tile:5,Tile:8,Tile:9,Tile:12-Map,Tile:7,Tile:7,Bonus,Tile:9,Tile:9,Tile:10-Tile:hidden2,Tile:nugget,Tile:hidden1
Tile:9 4 5 1
Map 12 5 0
Map 12 3 1
Malus 0 0 0
Drop 2 0 1
Tile:7_flip 4 6 0
Drop 1 0 1
Tile:6_flip 6 5 0
Drop 1 0 1
Drop 6 0 0
Drop 3 0 1
Drop 0 0 0
Drop 0 0 1
Drop 0 0 0
Map 12 3 1
Tile:0 7 5 0
Drop 0 0 1
Tile:6_flip 8 5 0
Malus 0 0 1
Bonus 0 0 0
Drop 6 0 1
Tile:0 9 5 0
Map 12 7 1
Drop 5 0 0
Drop 2 0 1
Drop 5 0 0
Drop 0 0 1
Tile:0 10 5 0
Destroy 9 5 1
Drop 6 0 0
Destroy 6 5 1
Tile:6_flip 11 5 0
Map 12 3 1
Tile:8 9 5 0
Drop 3 0 1
Tile:8 6 5 0
GAMEOVER WINNER 0
# Game ended: Thu Apr 09 16:56:23 EDT 2020
