# Server version 0.08 running on nuris-mbp:8123
# Game ID: 180
# Board class: Saboteur.SaboteurBoard
# Timeout: 20000
# First Move Timeout: 30000
# Date: Tue Apr 07 11:48:17 EDT 2020
# Player 1: Player-0, '260713804', running on nuris-mbp
# Player 2: Player-1, 'RandomPlayer', running on nuris-mbp
START Player-0 260713804
START Player-1 RandomPlayer
BoardInit:Tile:6,Bonus,Destroy,Tile:9,Tile:5,Tile:5,Tile:10,Tile:9,Tile:6,Tile:2,Tile:8,Tile:14,Tile:9,Tile:13,Bonus,Tile:7,Tile:6,Tile:5,Map,Tile:3,Tile:0,Destroy,Map,Malus,Tile:10,Malus,Tile:7,Bonus,Tile:1,Tile:12,Tile:6,Tile:10,Map,Tile:7,Tile:8,Tile:15,Tile:9,Tile:8,Map,Tile:8,Tile:9-Map,Tile:7,Tile:0,Tile:5,Tile:6,Tile:4,Map-Tile:0,Tile:7,Tile:11,Tile:0,Bonus,Destroy,Tile:8-Tile:hidden2,Tile:nugget,Tile:hidden1
Tile:4_flip 5 6 1
Drop 0 0 0
Map 12 5 1
Drop 0 0 0
Tile:6 6 5 1
Drop 0 0 0
Tile:6_flip 7 5 1
Drop 0 0 0
Tile:7 8 5 1
Drop 0 0 0
Tile:5_flip 7 6 1
Drop 0 0 0
Drop 6 0 1
Drop 1 0 0
Tile:6_flip 6 4 1
Drop 1 0 0
Tile:9 8 6 1
Tile:8 9 6 0
Destroy 7 5 1
Drop 0 0 0
Drop 4 0 1
Drop 0 0 0
Tile:6 4 5 1
Drop 0 0 0
Drop 4 0 1
Drop 0 0 0
Map 12 5 1
Drop 0 0 0
Tile:0 7 4 1
Drop 0 0 0
Tile:10 9 5 1
Drop 0 0 0
Tile:10 4 4 1
Drop 0 0 0
Tile:6_flip 7 5 1
Drop 0 0 0
Drop 6 0 1
Drop 0 0 0
Tile:1 3 5 1
Drop 0 0 0
Tile:5 5 4 1
Drop 0 0 0
Tile:9_flip 10 6 1
Drop 0 0 0
Tile:0 8 4 1
Drop 0 0 0
Map 12 7 1
Drop 0 0 0
Map 12 5 1
Drop 0 0 0
Tile:7 4 3 1
Tile:8 10 7 0
Tile:9_flip 9 4 1
Tile:8 11 7 0
Drop 0 0 1
GAMEOVER DRAW
# Game ended: Tue Apr 07 11:48:17 EDT 2020
