# Server version 0.08 running on nuris-mbp:8123
# Game ID: 116
# Board class: Saboteur.SaboteurBoard
# Timeout: 20000
# First Move Timeout: 30000
# Date: Thu Apr 02 17:55:40 EDT 2020
# Player 1: Player-0, '260713804', running on nuris-mbp
# Player 2: Player-1, 'RandomPlayer', running on nuris-mbp
START Player-0 260713804
START Player-1 RandomPlayer
BoardInit:Tile:6,Tile:7,Bonus,Tile:0,Tile:6,Tile:6,Malus,Tile:9,Map,Tile:10,Map,Tile:7,Tile:0,Map,Tile:7,Tile:9,Tile:5,Tile:9,Tile:14,Tile:6,Destroy,Bonus,Tile:0,Tile:8,Tile:9,Tile:13,Tile:8,Destroy,Tile:8,Tile:2,Tile:11,Bonus,Tile:7,Map,Tile:15,Tile:1,Map,Malus,Tile:5,Tile:10,Tile:6-Tile:7,Tile:12,Tile:5,Tile:8,Tile:10,Tile:3,Destroy-Tile:0,Tile:9,Bonus,Tile:4,Tile:5,Tile:8,Map-Tile:hidden2,Tile:nugget,Tile:hidden1
Tile:5 4 5 1
Map 12 3 0
Tile:7 6 5 1
Tile:7 5 4 0
Tile:3_flip 5 6 1
Tile:9_flip 4 6 0
Drop 2 0 1
Tile:8 4 7 0
Tile:6 4 4 1
Tile:9 3 6 0
Tile:8 6 6 1
Tile:6_flip 7 6 0
Drop 4 0 1
Tile:10 6 7 0
Tile:0 8 6 1
Map 12 7 0
Tile:7_flip 7 7 1
Tile:0 9 6 0
Tile:6 10 6 1
Tile:9 4 3 0
Destroy 10 6 1
Tile:0 8 7 0
Drop 1 0 1
Tile:6 6 8 0
Tile:12 5 3 1
Tile:4 3 5 0
Map 12 3 1
Tile:13 4 2 0
Destroy 6 5 1
Drop 3 0 0
Tile:0 5 2 1
Tile:5 4 1 0
Tile:11_flip 6 5 1
Destroy 4 4 0
Tile:9 3 7 1
Map 12 7 0
Tile:7 10 6 1
Tile:7 5 7 0
Tile:8 3 8 1
Tile:2_flip 2 8 0
Map 12 5 1
Tile:8 5 8 0
Tile:14 5 9 1
Tile:1 9 7 0
Drop 5 0 1
Tile:10 2 7 0
Tile:15 2 6 1
Drop 3 0 0
Tile:8 3 2 1
Drop 1 0 0
Map 12 7 1
Drop 1 0 0
Drop 1 0 1
Drop 0 0 0
Tile:5_flip 3 9 1
GAMEOVER DRAW
# Game ended: Thu Apr 02 17:55:41 EDT 2020
