# Server version 0.08 running on nuris-mbp:8123
# Game ID: 122
# Board class: Saboteur.SaboteurBoard
# Timeout: 20000
# First Move Timeout: 30000
# Date: Thu Apr 02 18:11:22 EDT 2020
# Player 1: Player-0, '260713804', running on nuris-mbp
# Player 2: Player-1, 'RandomPlayer', running on nuris-mbp
START Player-0 260713804
START Player-1 RandomPlayer
BoardInit:Bonus,Tile:11,Tile:10,Tile:7,Tile:2,Tile:9,Tile:13,Tile:6,Tile:6,Tile:8,Tile:5,Tile:5,Tile:5,Malus,Map,Bonus,Tile:10,Tile:0,Tile:15,Tile:9,Tile:6,Tile:6,Tile:3,Map,Tile:7,Tile:0,Tile:7,Map,Tile:5,Tile:8,Destroy,Map,Tile:7,Tile:7,Tile:10,Tile:8,Destroy,Bonus,Tile:0,Tile:8,Tile:9-Tile:0,Map,Malus,Tile:6,Map,Tile:1,Destroy-Tile:14,Tile:9,Tile:9,Bonus,Tile:12,Tile:4,Tile:8-Tile:hidden2,Tile:nugget,Tile:hidden1
Map 12 7 1
Drop 0 0 0
Drop 1 0 1
Tile:8 4 5 0
Tile:6 4 6 1
Drop 5 0 0
Tile:0 3 6 1
Tile:4 4 4 0
Drop 0 0 1
Tile:12_flip 2 6 0
Destroy 2 6 1
Tile:6_flip 2 6 0
Tile:6 2 7 1
Tile:8 1 7 0
Tile:13 1 6 1
Tile:9 1 5 0
Tile:5 5 4 1
Tile:7_flip 1 8 0
Drop 1 0 1
Tile:5 0 6 0
Tile:2_flip 6 5 1
Tile:9_flip 6 4 0
Tile:10 6 3 1
Tile:0 7 5 0
Tile:6 5 6 1
Map 12 3 0
Tile:1 2 5 1
Tile:0 3 5 0
Tile:7 6 6 1
Map 12 7 0
Drop 3 0 1
Tile:9_flip 6 7 0
Tile:3 2 8 1
Map 12 7 0
Tile:5 5 7 1
Tile:6 2 9 0
Destroy 6 5 1
Tile:9 0 7 0
Tile:7 1 4 1
Malus 0 0 0
Destroy 1 8 1
Tile:7_flip 5 8 0
Drop 4 0 1
Tile:8 3 9 0
Drop 1 0 1
Drop 1 0 0
Map 12 5 1
Tile:8 3 10 0
Drop 0 0 1
Tile:8 6 2 0
Drop 0 0 1
Drop 1 0 0
Drop 1 0 1
Drop 0 0 0
Drop 0 0 1
GAMEOVER DRAW
# Game ended: Thu Apr 02 18:11:22 EDT 2020
