# Server version 0.08 running on nuris-mbp:8123
# Game ID: 90
# Board class: Saboteur.SaboteurBoard
# Timeout: 20000
# First Move Timeout: 30000
# Date: Wed Apr 01 16:23:04 EDT 2020
# Player 1: Player-0, '260713804', running on nuris-mbp
# Player 2: Player-1, 'RandomPlayer', running on nuris-mbp
START Player-0 260713804
START Player-1 RandomPlayer
BoardInit:Tile:1,Tile:8,Map,Tile:10,Tile:2,Bonus,Bonus,Tile:6,Tile:15,Tile:6,Tile:8,Tile:14,Map,Tile:6,Tile:9,Tile:11,Tile:8,Tile:4,Tile:9,Map,Tile:10,Tile:7,Tile:9,Tile:7,Destroy,Tile:10,Tile:0,Tile:5,Tile:12,Tile:3,Bonus,Map,Bonus,Tile:6,Tile:8,Tile:8,Tile:7,Destroy,Tile:9,Map,Tile:13-Tile:6,Destroy,Malus,Map,Tile:5,Tile:0,Tile:9-Tile:7,Tile:7,Tile:5,Tile:0,Tile:0,Malus,Tile:5-Tile:hidden2,Tile:hidden1,Tile:nugget
Tile:6 6 5 1
Malus 0 0 0
Drop 1 0 1
Tile:0 7 5 0
Map 12 3 1
Tile:10 6 4 0
Drop 1 0 1
Drop 2 0 0
Destroy 6 5 1
Tile:6 6 5 0
Drop 1 0 1
