# Server version 0.08 running on nuris-mbp:8123
# Game ID: 113
# Board class: Saboteur.SaboteurBoard
# Timeout: 20000
# First Move Timeout: 30000
# Date: Thu Apr 02 17:53:42 EDT 2020
# Player 1: Player-0, '260713804', running on nuris-mbp
# Player 2: Player-1, 'RandomPlayer', running on nuris-mbp
START Player-0 260713804
START Player-1 RandomPlayer
BoardInit:Tile:8,Tile:9,Tile:12,Map,Tile:7,Tile:9,Tile:15,Tile:3,Destroy,Bonus,Map,Tile:6,Tile:7,Tile:0,Tile:14,Bonus,Tile:8,Tile:7,Tile:5,Tile:2,Destroy,Tile:0,Tile:6,Tile:8,Tile:4,Tile:10,Bonus,Tile:10,Tile:5,Map,Tile:6,Tile:9,Tile:9,Tile:5,Bonus,Tile:9,Map,Tile:10,Tile:7,Tile:7,Tile:5-Tile:13,Tile:8,Tile:1,Destroy,Map,Malus,Tile:8-Tile:11,Map,Tile:6,Tile:0,Tile:0,Malus,Tile:6-Tile:nugget,Tile:hidden2,Tile:hidden1
Drop 2 0 1
Map 12 3 0
Tile:8 6 5 1
Tile:11 6 6 0
Tile:8 4 5 1
Map 12 3 0
Malus 0 0 1
Drop 1 0 0
Tile:8 7 6 1
Drop 4 0 0
Tile:7 8 6 1
Drop 5 0 0
Tile:12_flip 3 5 1
Drop 0 0 0
Tile:13 8 7 1
Drop 4 0 0
Tile:7_flip 8 8 1
Drop 3 0 0
Tile:8 4 4 1
Drop 2 0 0
Destroy 4 4 1
Drop 6 0 0
Tile:5_flip 5 6 1
Drop 6 0 0
Tile:6_flip 5 4 1
Drop 2 0 0
Map 12 7 1
Drop 4 0 0
Destroy 4 5 1
Drop 5 0 0
Drop 2 0 1
Map 12 3 0
Tile:6_flip 7 5 1
Drop 0 0 0
Drop 4 0 1
Drop 5 0 0
Destroy 8 6 1
Drop 2 0 0
Tile:5_flip 9 7 1
Drop 1 0 0
Tile:7 6 4 1
Drop 4 0 0
Tile:5_flip 8 5 1
Drop 2 0 0
Drop 4 0 1
Drop 4 0 0
Tile:9 8 4 1
Drop 0 0 0
Tile:15 6 7 1
Drop 0 0 0
Map 12 3 1
Drop 1 0 0
Map 12 7 1
Drop 0 0 0
Tile:4 9 6 1
GAMEOVER DRAW
# Game ended: Thu Apr 02 17:53:42 EDT 2020
