# Server version 0.08 running on nuris-mbp:8123
# Game ID: 208
# Board class: Saboteur.SaboteurBoard
# Timeout: 20000
# First Move Timeout: 30000
# Date: Tue Apr 07 19:31:47 EDT 2020
# Player 1: Player-0, '260713804', running on nuris-mbp
# Player 2: Player-1, 'RandomPlayer', running on nuris-mbp
START Player-0 260713804
START Player-1 RandomPlayer
BoardInit:Destroy,Map,Tile:6,Tile:9,Bonus,Tile:6,Bonus,Map,Tile:15,Tile:8,Malus,Map,Tile:13,Tile:9,Bonus,Map,Tile:4,Tile:7,Map,Tile:10,Tile:0,Tile:11,Malus,Tile:7,Tile:9,Tile:7,Tile:5,Tile:6,Tile:6,Map,Tile:5,Tile:8,Tile:14,Tile:12,Tile:0,Tile:9,Destroy,Tile:5,Destroy,Tile:0,Tile:8-Tile:0,Tile:3,Tile:8,Tile:1,Tile:6,Tile:2,Tile:10-Tile:7,Tile:9,Bonus,Tile:10,Tile:8,Tile:7,Tile:5-Tile:hidden1,Tile:nugget,Tile:hidden2
Tile:2 6 5 1
Drop 0 0 0
Tile:8 6 6 1
Drop 0 0 0
Tile:6_flip 7 5 1
Drop 0 0 0
Tile:6 7 6 1
Drop 0 0 0
Tile:3_flip 4 5 1
Tile:9 4 4 0
Drop 4 0 1
Tile:5_flip 8 5 0
Tile:1 8 6 1
Tile:6_flip 5 4 0
Drop 1 0 1
Drop 1 0 0
Destroy 6 6 1
Drop 1 0 0
Tile:0 6 4 1
Drop 1 0 0
Tile:13 8 4 1
Tile:7 9 6 0
Map 12 7 1
Tile:11 9 7 0
Tile:0 7 4 1
Tile:7_flip 9 8 0
Tile:4_flip 5 6 1
Tile:9_flip 4 3 0
Tile:5_flip 10 7 1
Tile:6 9 4 0
Tile:6_flip 8 3 1
Tile:10 10 6 0
Malus 0 0 1
Map 12 7 0
Tile:9 6 6 1
Map 12 3 0
Drop 3 0 1
Map 12 7 0
Destroy 8 4 1
Drop 2 0 0
Drop 6 0 1
Drop 3 0 0
Tile:5_flip 6 7 1
Drop 3 0 0
Tile:8 10 4 1
Drop 3 0 0
Drop 1 0 1
Drop 3 0 0
Tile:0 5 7 1
Drop 2 0 0
Tile:14_flip 4 7 1
Drop 0 0 0
Drop 1 0 1
Drop 0 0 0
Drop 0 0 1
GAMEOVER DRAW
# Game ended: Tue Apr 07 19:31:47 EDT 2020
