# Server version 0.08 running on nuris-mbp:8123
# Game ID: 199
# Board class: Saboteur.SaboteurBoard
# Timeout: 20000
# First Move Timeout: 30000
# Date: Tue Apr 07 16:35:09 EDT 2020
# Player 1: Player-0, '260713804', running on nuris-mbp
# Player 2: Player-1, 'RandomPlayer', running on nuris-mbp
START Player-0 260713804
START Player-1 RandomPlayer
BoardInit:Bonus,Tile:13,Tile:5,Tile:8,Tile:7,Map,Tile:0,Malus,Tile:5,Destroy,Tile:10,Bonus,Tile:11,Tile:1,Tile:8,Map,Tile:6,Tile:9,Bonus,Map,Tile:9,Malus,Tile:8,Tile:9,Tile:7,Tile:2,Tile:12,Tile:6,Tile:15,Tile:6,Tile:9,Tile:5,Tile:7,Tile:0,Tile:7,Tile:6,Tile:8,Tile:9,Destroy,Tile:8,Bonus-Map,Map,Tile:4,Tile:6,Tile:14,Tile:3,Tile:5-Tile:0,Tile:0,Tile:7,Tile:10,Destroy,Tile:10,Map-Tile:nugget,Tile:hidden2,Tile:hidden1
Tile:3 6 5 1
Drop 0 0 0
Map 12 5 1
Drop 0 0 0
Tile:4_flip 6 6 1
Drop 0 0 0
Tile:5_flip 5 6 1
Drop 0 0 0
Tile:6_flip 4 6 1
Drop 0 0 0
