# Server version 0.08 running on nuris-mbp:8123
# Game ID: 126
# Board class: Saboteur.SaboteurBoard
# Timeout: 20000
# First Move Timeout: 30000
# Date: Thu Apr 02 18:33:43 EDT 2020
# Player 1: Player-0, '260713804', running on nuris-mbp
# Player 2: Player-1, 'RandomPlayer', running on nuris-mbp
START Player-0 260713804
START Player-1 RandomPlayer
BoardInit:Tile:15,Tile:6,Tile:9,Tile:11,Tile:3,Tile:9,Bonus,Tile:9,Tile:8,Tile:4,Tile:6,Tile:6,Tile:8,Tile:8,Map,Tile:13,Map,Tile:10,Destroy,Tile:2,Malus,Malus,Tile:6,Tile:10,Tile:5,Tile:7,Tile:10,Tile:5,Tile:9,Tile:12,Tile:9,Tile:0,Tile:0,Destroy,Tile:5,Tile:7,Map,Tile:5,Bonus,Tile:6,Bonus-Tile:1,Tile:0,Tile:8,Map,Destroy,Map,Bonus-Tile:0,Tile:7,Tile:7,Tile:14,Tile:7,Tile:8,Map-Tile:hidden2,Tile:hidden1,Tile:nugget
Map 12 7 1
Map 12 3 0
Map 12 7 1
Tile:14 5 6 0
Tile:15 5 4 1
Tile:8 4 6 0
Tile:9_flip 4 7 1
Tile:9 3 7 0
Tile:8 5 3 1
Tile:0 6 3 0
Tile:8 5 2 1
Tile:6_flip 5 1 0
Destroy 4 6 1
Tile:7_flip 4 2 0
Tile:8 7 3 1
Tile:7 3 6 0
Tile:6 6 5 1
Tile:11 4 8 0
Tile:0 2 6 1
Tile:10 7 4 0
Tile:3 6 1 1
Tile:8 8 3 0
Map 12 5 1
Tile:13 4 1 0
Tile:6 1 6 1
Tile:6_flip 4 3 0
Destroy 4 7 1
Tile:7_flip 0 6 0
Tile:10 3 8 1
Tile:7 5 8 0
Tile:5_flip 3 9 1
Tile:9 4 9 0
Tile:9 8 4 1
Tile:4 1 5 0
Tile:9_flip 4 0 1
Tile:12_flip 4 6 0
Tile:5_flip 5 9 1
Destroy 5 6 0
Map 12 5 1
Tile:7_flip 3 3 0
Drop 1 0 1
Tile:10 4 10 0
Malus 0 0 1
Drop 3 0 0
Drop 1 0 1
Drop 1 0 0
Map 12 3 1
Drop 2 0 0
Tile:0 3 0 1
Drop 1 0 0
Tile:1 2 0 1
Drop 0 0 0
Drop 1 0 1
Drop 0 0 0
Drop 0 0 1
GAMEOVER DRAW
# Game ended: Thu Apr 02 18:33:43 EDT 2020
