# Server version 0.08 running on nuris-mbp:8123
# Game ID: 87
# Board class: Saboteur.SaboteurBoard
# Timeout: 20000
# First Move Timeout: 30000
# Date: Wed Apr 01 16:17:37 EDT 2020
# Player 1: Player-0, '260713804', running on nuris-mbp
# Player 2: Player-1, 'RandomPlayer', running on nuris-mbp
START Player-0 260713804
START Player-1 RandomPlayer
BoardInit:Tile:7,Tile:8,Tile:7,Tile:4,Destroy,Bonus,Tile:10,Bonus,Tile:8,Tile:12,Bonus,Tile:8,Tile:1,Tile:0,Tile:7,Tile:9,Tile:7,Map,Tile:9,Malus,Map,Tile:6,Tile:10,Destroy,Tile:0,Tile:6,Tile:5,Tile:2,Tile:0,Tile:13,Tile:5,Destroy,Tile:0,Tile:8,Map,Map,Tile:3,Tile:9,Tile:8,Tile:7,Tile:6-Map,Bonus,Tile:15,Tile:11,Tile:5,Tile:5,Tile:6-Tile:10,Tile:9,Tile:14,Map,Tile:9,Tile:6,Malus-Tile:hidden1,Tile:hidden2,Tile:nugget
Tile:6 5 6 1
Tile:6_flip 6 5 0
Tile:5 4 5 1
Tile:9_flip 5 4 0
Tile:7_flip 4 4 1
Tile:9 4 6 0
Drop 4 0 1
Tile:8 6 6 0
Destroy 6 5 1
Map 12 7 0
Tile:11_flip 6 5 1
Tile:10 6 4 0
Map 12 5 1
Tile:4_flip 6 7 0
Tile:7_flip 4 7 1
Tile:12 7 6 0
Tile:10 5 3 1
Tile:9_flip 4 3 0
Tile:7_flip 3 3 1
Tile:14_flip 4 2 0
Tile:9_flip 5 2 1
Map 12 5 0
Map 12 3 1
Tile:8 5 1 0
Tile:1 4 1 1
Drop 4 0 0
Tile:10 3 2 1
Destroy 4 2 0
Tile:7 5 7 1
Drop 2 0 0
Drop 0 0 1
Tile:6_flip 3 1 0
Tile:15 5 8 1
Tile:13 5 9 0
Tile:0 6 9 1
Destroy 4 4 0
Tile:5 4 9 1
Tile:2_flip 4 4 0
Tile:3 5 0 1
Tile:9_flip 5 10 0
Tile:0 4 0 1
Tile:8 5 11 0
Tile:0 3 0 1
Tile:6_flip 7 9 0
Tile:6 2 1 1
Tile:7_flip 4 11 0
Drop 1 0 1
Tile:0 8 9 0
Tile:8 6 11 1
Map 12 5 0
Tile:8 4 10 1
Malus 0 0 0
Map 12 3 1
Drop 0 0 0
Drop 0 0 1
GAMEOVER DRAW
# Game ended: Wed Apr 01 16:17:37 EDT 2020
