# Server version 0.08 running on nuris-mbp:8123
# Game ID: 106
# Board class: Saboteur.SaboteurBoard
# Timeout: 20000
# First Move Timeout: 30000
# Date: Thu Apr 02 17:19:00 EDT 2020
# Player 1: Player-0, '260713804', running on nuris-mbp
# Player 2: Player-1, 'RandomPlayer', running on nuris-mbp
START Player-0 260713804
START Player-1 RandomPlayer
BoardInit:Tile:6,Tile:8,Tile:3,Bonus,Tile:7,Tile:1,Tile:5,Tile:6,Tile:7,Tile:10,Tile:9,Tile:9,Tile:9,Map,Tile:0,Map,Tile:13,Tile:0,Tile:7,Tile:0,Bonus,Destroy,Destroy,Tile:9,Tile:5,Tile:5,Malus,Tile:9,Tile:14,Tile:7,Tile:11,Tile:10,Tile:5,Tile:12,Malus,Bonus,Tile:4,Tile:7,Tile:6,Tile:0,Map-Tile:8,Tile:2,Map,Tile:8,Tile:6,Tile:8,Map-Tile:8,Bonus,Tile:6,Destroy,Map,Tile:15,Tile:10-Tile:hidden2,Tile:nugget,Tile:hidden1
Tile:2_flip 4 5 1
Map 12 3 0
Drop 1 0 1
Tile:8 6 5 0
Tile:8 6 4 1
Tile:8 7 5 0
Drop 4 0 1
GAMEOVER ILLEGAL MOVE: Player 0, CardUsed: (Tile:0), PosOfUse: (8, 5) WINNER 1
# Game ended: Thu Apr 02 17:19:07 EDT 2020
