# Server version 0.08 running on nuris-mbp:8123
# Game ID: 148
# Board class: Saboteur.SaboteurBoard
# Timeout: 20000
# First Move Timeout: 30000
# Date: Fri Apr 03 13:48:02 EDT 2020
# Player 1: Player-0, '260713804', running on nuris-mbp
# Player 2: Player-1, 'RandomPlayer', running on nuris-mbp
START Player-0 260713804
START Player-1 RandomPlayer
BoardInit:Tile:5,Tile:9,Tile:7,Tile:8,Tile:9,Malus,Tile:4,Tile:15,Tile:10,Tile:12,Map,Bonus,Tile:11,Tile:5,Tile:8,Tile:0,Tile:6,Tile:14,Tile:6,Bonus,Tile:10,Map,Tile:6,Destroy,Tile:6,Tile:0,Bonus,Bonus,Tile:9,Destroy,Tile:8,Tile:9,Map,Tile:3,Tile:10,Tile:0,Tile:7,Tile:9,Destroy,Tile:5,Tile:8-Tile:2,Tile:7,Tile:8,Tile:13,Map,Tile:5,Tile:1-Tile:6,Tile:0,Malus,Map,Tile:7,Map,Tile:7-Tile:hidden2,Tile:hidden1,Tile:nugget
Tile:5 4 5 1
Map 12 3 0
Tile:8 5 4 1
Map 12 7 0
Tile:2_flip 4 4 1
Tile:0 6 4 0
Tile:7_flip 4 6 1
Tile:8 3 4 0
Drop 0 0 1
Drop 6 0 0
Drop 3 0 1
Drop 6 0 0
Tile:1 6 5 1
Drop 4 0 0
Tile:9_flip 5 6 1
