# Server version 0.08 running on nuris-mbp:8123
# Game ID: 29
# Board class: Saboteur.SaboteurBoard
# Timeout: 20000
# First Move Timeout: 30000
# Date: Thu Apr 09 16:55:36 EDT 2020
# Player 1: Player-0, 'RandomPlayer', running on localhost
# Player 2: Player-1, '260713804', running on localhost
START Player-0 RandomPlayer
START Player-1 260713804
BoardInit:Destroy,Malus,Map,Tile:9,Tile:14,Map,Tile:5,Tile:7,Tile:6,Tile:0,Tile:8,Tile:6,Map,Tile:5,Tile:10,Tile:2,Tile:12,Tile:10,Tile:5,Tile:8,Tile:6,Tile:1,Tile:6,Tile:11,Tile:5,Tile:8,Tile:0,Bonus,Bonus,Tile:0,Destroy,Tile:3,Tile:0,Tile:6,Tile:9,Tile:8,Bonus,Bonus,Tile:9,Tile:15,Malus-Tile:8,Tile:13,Tile:9,Destroy,Tile:9,Tile:4,Tile:7-Tile:7,Tile:7,Map,Tile:10,Map,Map,Tile:7-Tile:hidden1,Tile:nugget,Tile:hidden2
Tile:8 6 5 1
Tile:7 6 4 0
Drop 0 0 1
Tile:7_flip 6 6 0
Map 12 5 1
Map 12 3 0
Drop 3 0 1
Tile:9_flip 7 5 0
Drop 5 0 1
Drop 3 0 0
Tile:6 7 6 1
Map 12 7 0
Tile:8 8 6 1
Drop 6 0 0
Tile:9 8 5 1
Drop 2 0 0
Drop 5 0 1
Map 12 7 0
Drop 6 0 1
Tile:5 7 4 0
Tile:5_flip 5 6 1
Drop 4 0 0
Tile:6_flip 9 5 1
Tile:0 4 5 0
Tile:6_flip 10 5 1
Tile:8 8 4 0
Tile:5 5 4 1
Tile:1 3 5 0
Destroy 3 5 1
Tile:8 3 5 0
Tile:0 11 5 1
GAMEOVER WINNER 1
# Game ended: Thu Apr 09 16:55:37 EDT 2020
