# Server version 0.08 running on nuris-mbp:8123
# Game ID: 181
# Board class: Saboteur.SaboteurBoard
# Timeout: 20000
# First Move Timeout: 30000
# Date: Tue Apr 07 11:51:35 EDT 2020
# Player 1: Player-0, '260713804', running on nuris-mbp
# Player 2: Player-1, 'RandomPlayer', running on nuris-mbp
START Player-0 260713804
START Player-1 RandomPlayer
BoardInit:Tile:3,Map,Tile:15,Map,Tile:6,Destroy,Tile:8,Tile:4,Destroy,Tile:10,Bonus,Tile:5,Tile:7,Map,Tile:6,Tile:8,Tile:0,Tile:6,Tile:9,Destroy,Tile:12,Map,Tile:8,Tile:9,Tile:9,Tile:5,Tile:6,Tile:5,Bonus,Malus,Tile:0,Tile:9,Tile:9,Map,Tile:10,Bonus,Tile:8,Tile:7,Bonus,Tile:14,Tile:5-Tile:6,Tile:13,Tile:0,Tile:10,Tile:2,Map,Tile:7-Tile:1,Tile:7,Tile:7,Tile:0,Tile:11,Malus,Tile:8-Tile:nugget,Tile:hidden1,Tile:hidden2
Map 12 7 1
Drop 0 0 0
Tile:2 6 5 1
Drop 0 0 0
Tile:15 6 6 1
Drop 0 0 0
Tile:6_flip 7 5 1
Drop 0 0 0
Tile:6_flip 4 5 1
Drop 0 0 0
Tile:7_flip 4 6 1
Drop 0 0 0
Tile:13 5 4 1
Drop 1 0 0
Tile:7_flip 3 5 1
Drop 1 0 0
Tile:3_flip 7 6 1
Drop 1 0 0
Tile:0 4 4 1
Drop 1 0 0
Tile:6_flip 3 4 1
Drop 1 0 0
Tile:12 8 5 1
Drop 1 0 0
Tile:8 2 4 1
Drop 1 0 0
Destroy 4 6 1
Drop 2 0 0
Tile:6_flip 2 3 1
Drop 2 0 0
Tile:9_flip 5 6 1
Drop 2 0 0
Tile:8 4 6 1
Drop 2 0 0
Tile:9_flip 4 7 1
Drop 2 0 0
Tile:10 5 7 1
Drop 2 0 0
Tile:8 5 3 1
Drop 2 0 0
Drop 2 0 1
Drop 2 0 0
Tile:10 6 7 1
Drop 2 0 0
Tile:5 5 2 1
Drop 2 0 0
Drop 3 0 1
Drop 2 0 0
Tile:0 8 6 1
Tile:8 9 6 0
Tile:0 3 3 1
Tile:8 10 6 0
Drop 1 0 1
Drop 0 0 0
Drop 0 0 1
GAMEOVER DRAW
# Game ended: Tue Apr 07 11:51:35 EDT 2020
