# Server version 0.08 running on nuris-mbp:8123
# Game ID: 42
# Board class: Saboteur.SaboteurBoard
# Timeout: 20000
# First Move Timeout: 30000
# Date: Thu Apr 09 16:56:07 EDT 2020
# Player 1: Player-0, '260713804', running on localhost
# Player 2: Player-1, 'RandomPlayer', running on localhost
START Player-0 260713804
START Player-1 RandomPlayer
BoardInit:Tile:6,Tile:9,Tile:0,Tile:4,Tile:9,Tile:7,Map,Map,Tile:10,Tile:0,Map,Map,Malus,Tile:6,Map,Tile:7,Tile:12,Bonus,Tile:0,Tile:13,Destroy,Tile:8,Bonus,Tile:7,Tile:8,Tile:8,Tile:9,Tile:10,Destroy,Tile:5,Tile:8,Tile:11,Tile:6,Tile:3,Tile:6,Bonus,Tile:7,Tile:7,Tile:1,Tile:5,Tile:5-Tile:8,Map,Bonus,Tile:5,Tile:14,Destroy,Tile:15-Tile:10,Tile:0,Tile:2,Tile:9,Tile:9,Malus,Tile:6-Tile:nugget,Tile:hidden1,Tile:hidden2
Map 12 3 1
Malus 0 0 0
Drop 1 0 1
Tile:6_flip 6 5 0
Drop 4 0 1
Tile:0 7 5 0
Drop 5 0 1
Drop 1 0 0
Drop 6 0 1
Map 12 5 0
Drop 4 0 1
Tile:0 8 5 0
Drop 5 0 1
Map 12 3 0
Destroy 6 5 1
Tile:6_flip 9 5 0
Drop 5 0 1
Drop 4 0 0
Drop 1 0 1
Tile:9_flip 5 6 0
Map 12 3 1
Drop 6 0 0
Map 12 3 1
Tile:8 10 5 0
Destroy 8 5 1
Tile:7_flip 4 5 0
Drop 0 0 1
Tile:8 11 5 0
Drop 6 0 1
Tile:10 9 6 0
Bonus 0 0 1
Tile:7_flip 9 7 0
Tile:14 5 7 1
Drop 6 0 0
Tile:8 6 5 1
Drop 6 0 0
Tile:6_flip 10 7 1
Drop 0 0 0
Tile:6_flip 11 4 1
Drop 0 0 0
Tile:7_flip 10 8 1
Drop 0 0 0
Tile:8 8 5 1
Tile:7_flip 10 6 0
Tile:9_flip 11 8 1
Tile:5 4 6 0
Destroy 5 6 1
Tile:5 6 4 0
Tile:5_flip 8 6 1
Tile:10 4 4 0
Tile:12 7 4 1
Tile:7 12 4 0
Tile:1 13 5 1
Drop 0 0 0
Drop 0 0 1
GAMEOVER DRAW
# Game ended: Thu Apr 09 16:56:08 EDT 2020
