# Server version 0.08 running on nuris-mbp:8123
# Game ID: 188
# Board class: Saboteur.SaboteurBoard
# Timeout: 20000
# First Move Timeout: 30000
# Date: Tue Apr 07 12:01:54 EDT 2020
# Player 1: Player-0, '260713804', running on nuris-mbp
# Player 2: Player-1, 'RandomPlayer', running on nuris-mbp
START Player-0 260713804
START Player-1 RandomPlayer
BoardInit:Tile:6,Tile:9,Tile:9,Tile:2,Tile:7,Map,Tile:9,Tile:4,Tile:8,Tile:12,Map,Tile:13,Tile:10,Bonus,Tile:0,Tile:5,Tile:6,Tile:9,Tile:14,Destroy,Destroy,Tile:0,Tile:15,Tile:8,Tile:1,Tile:9,Tile:8,Map,Tile:8,Malus,Tile:6,Tile:6,Tile:7,Tile:3,Tile:6,Malus,Tile:7,Tile:11,Map,Bonus,Tile:7-Tile:10,Tile:10,Tile:7,Map,Map,Tile:8,Tile:5-Bonus,Tile:5,Bonus,Tile:0,Destroy,Tile:5,Tile:0-Tile:hidden1,Tile:hidden2,Tile:nugget
Tile:10 5 6 1
Drop 0 0 0
Map 12 3 1
Drop 0 0 0
Tile:8 4 5 1
Drop 0 0 0
Tile:7 4 4 1
Drop 0 0 0
Map 12 7 1
