# Server version 0.08 running on nuris-mbp:8123
# Game ID: 98
# Board class: Saboteur.SaboteurBoard
# Timeout: 20000
# First Move Timeout: 30000
# Date: Wed Apr 01 16:30:45 EDT 2020
# Player 1: Player-0, '260713804', running on nuris-mbp
# Player 2: Player-1, 'RandomPlayer', running on nuris-mbp
START Player-0 260713804
START Player-1 RandomPlayer
BoardInit:Tile:8,Tile:14,Tile:13,Tile:3,Tile:15,Malus,Tile:5,Tile:11,Tile:5,Tile:0,Tile:6,Bonus,Tile:2,Tile:10,Tile:8,Tile:7,Tile:7,Tile:8,Tile:9,Tile:7,Bonus,Tile:0,Bonus,Map,Tile:9,Tile:7,Tile:10,Bonus,Destroy,Tile:0,Tile:10,Tile:6,Tile:9,Destroy,Tile:5,Tile:0,Tile:8,Tile:7,Destroy,Tile:9,Map-Tile:12,Malus,Map,Tile:8,Map,Tile:9,Tile:4-Tile:6,Tile:5,Tile:6,Map,Tile:1,Tile:6,Map-Tile:nugget,Tile:hidden2,Tile:hidden1
Drop 3 0 1
Map 12 3 0
Drop 1 0 1
Map 12 3 0
Drop 4 0 1
Tile:3 5 4 0
Tile:12_flip 4 4 1
Tile:6 6 5 0
Tile:13 7 5 1
Tile:1 4 5 0
Tile:5 7 4 1
Tile:6 8 5 0
Tile:15 5 6 1
Tile:6_flip 9 5 0
Tile:6_flip 8 4 1
Tile:0 9 4 0
Drop 5 0 1
Drop 2 0 0
Map 12 3 1
Drop 5 0 0
Tile:9_flip 10 4 1
Tile:10 5 7 0
Tile:9_flip 5 8 1
Tile:11 7 6 0
Tile:8 9 6 1
Map 12 3 0
Tile:8 10 5 1
Tile:0 8 6 0
Tile:5 10 3 1
Tile:7 11 5 0
Tile:9 11 6 1
Drop 4 0 0
Tile:7 12 6 1
