# Server version 0.08 running on nuris-mbp:8123
# Game ID: 14
# Board class: Saboteur.SaboteurBoard
# Timeout: 20000
# First Move Timeout: 30000
# Date: Sun Mar 29 21:18:05 EDT 2020
# Player 1: Player-0, 'Human', running on nuris-mbp
# Player 2: Player-1, '260713804', running on nuris-mbp
START Player-0 Human
START Player-1 260713804
BoardInit:Tile:14,Tile:15,Tile:8,Tile:10,Map,Tile:0,Tile:12,Tile:7,Bonus,Tile:6,Tile:6,Map,Tile:5,Malus,Tile:6,Destroy,Tile:8,Tile:11,Tile:7,Map,Tile:4,Bonus,Tile:3,Tile:8,Tile:9,Bonus,Tile:7,Tile:6,Tile:0,Tile:7,Tile:9,Tile:1,Destroy,Bonus,Tile:5,Tile:9,Tile:0,Tile:7,Map,Tile:10,Tile:13-Map,Malus,Map,Tile:0,Tile:10,Tile:9,Tile:9-Tile:6,Tile:5,Tile:2,Tile:8,Tile:8,Destroy,Tile:5-Tile:nugget,Tile:hidden1,Tile:hidden2
Tile:10 5 6 1
Tile:8 6 5 0
Tile:14 5 7 1
Tile:8 7 5 0
Tile:9 6 6 1
Tile:5 7 4 0
Tile:9_flip 7 6 1
Tile:5_flip 7 7 0
Tile:8 5 4 1
Tile:10 5 3 0
Drop 4 0 1
Tile:7 8 5 0
Drop 6 0 1
Tile:6_flip 5 2 0
Tile:0 6 2 1
Tile:6_flip 7 2 0
Map 12 3 1
Tile:0 8 2 0
Malus 0 0 1
Map 12 3 0
Tile:7_flip 4 2 1
Malus 0 0 0
Map 12 5 1
Bonus 0 0 0
Drop 5 0 1
Tile:8 9 2 0
Drop 0 0 1
Map 12 5 0
Drop 6 0 1
Tile:11 8 6 0
Drop 1 0 1
Destroy 8 6 0
Drop 4 0 1
Drop 3 0 0
Destroy 8 5 1
Tile:6 10 2 0
Drop 4 0 1
Tile:9 10 1 0
Drop 0 0 1
Tile:7 11 2 0
Drop 6 0 1
Tile:7_flip 11 3 0
GAMEOVER WINNER 0
# Game ended: Sun Mar 29 21:20:46 EDT 2020
