# Server version 0.08 running on nuris-mbp:8123
# Game ID: 53
# Board class: Saboteur.SaboteurBoard
# Timeout: 20000
# First Move Timeout: 30000
# Date: Thu Apr 09 14:37:24 EDT 2020
# Player 1: Player-0, '260713804', running on nuris-mbp
# Player 2: Player-1, 'RandomPlayer', running on nuris-mbp
START Player-0 260713804
START Player-1 RandomPlayer
BoardInit:Map,Bonus,Map,Tile:9,Map,Tile:7,Map,Tile:10,Bonus,Tile:0,Bonus,Tile:5,Bonus,Tile:6,Tile:2,Tile:8,Tile:7,Tile:7,Malus,Tile:10,Destroy,Tile:10,Destroy,Map,Tile:7,Tile:13,Tile:9,Tile:8,Tile:8,Tile:14,Tile:8,Tile:0,Tile:11,Tile:7,Tile:4,Tile:5,Tile:15,Tile:12,Tile:1,Tile:0,Map-Tile:9,Malus,Tile:5,Tile:6,Tile:8,Tile:6,Tile:0-Destroy,Tile:6,Tile:5,Tile:9,Tile:3,Tile:6,Tile:9-Tile:hidden2,Tile:hidden1,Tile:nugget
Tile:6_flip 4 5 1
Tile:6_flip 6 5 0
Tile:9 3 5 1
Tile:6_flip 7 5 0
Drop 2 0 1
Drop 3 0 0
Map 12 5 1
Tile:9_flip 5 4 0
Tile:0 4 4 1
Drop 2 0 0
Map 12 5 1
Tile:0 8 5 0
Drop 6 0 1
Tile:7_flip 5 6 0
Tile:6 6 6 1
Tile:6_flip 9 5 0
Drop 0 0 1
Tile:8 10 5 0
Tile:5 3 4 1
Tile:9_flip 5 3 0
Tile:2 5 2 1
Destroy 5 2 0
Drop 5 0 1
Tile:5_flip 11 5 0
Drop 2 0 1
Map 12 5 0
Tile:7_flip 4 3 1
Tile:10 10 4 0
Tile:9 11 4 1
Tile:8 12 4 0
Drop 6 0 1
Tile:7_flip 10 6 0
Drop 4 0 1
Tile:0 11 6 0
Tile:7 10 3 1
Drop 4 0 0
Tile:4_flip 4 6 1
Drop 4 0 0
Tile:8 7 6 1
Drop 6 0 0
Tile:11 12 2 1
Tile:5_flip 12 6 0
Destroy 4 6 1
Tile:10 9 6 0
Drop 4 0 1
Tile:7 8 6 0
Tile:15 3 6 1
Tile:5_flip 3 7 0
Map 12 7 1
Tile:10 4 6 0
Drop 0 0 1
Tile:0 13 2 0
Map 12 7 1
Drop 0 0 0
Drop 0 0 1
GAMEOVER DRAW
# Game ended: Thu Apr 09 14:37:26 EDT 2020
