# Server version 0.08 running on nuris-mbp:8123
# Game ID: 189
# Board class: Saboteur.SaboteurBoard
# Timeout: 20000
# First Move Timeout: 30000
# Date: Tue Apr 07 16:22:19 EDT 2020
# Player 1: Player-0, '260713804', running on nuris-mbp
# Player 2: Player-1, 'RandomPlayer', running on nuris-mbp
START Player-0 260713804
START Player-1 RandomPlayer
BoardInit:Tile:6,Bonus,Tile:8,Malus,Tile:10,Tile:0,Tile:8,Tile:7,Tile:6,Tile:4,Map,Tile:0,Bonus,Bonus,Map,Tile:13,Tile:6,Tile:9,Tile:9,Tile:14,Map,Tile:8,Tile:5,Tile:2,Tile:5,Tile:9,Tile:1,Map,Tile:7,Map,Tile:10,Destroy,Tile:9,Tile:3,Destroy,Malus,Tile:0,Tile:7,Tile:7,Tile:15,Tile:11-Bonus,Tile:8,Tile:9,Destroy,Tile:6,Map,Tile:8-Tile:5,Tile:5,Tile:6,Tile:10,Tile:7,Tile:0,Tile:12-Tile:nugget,Tile:hidden1,Tile:hidden2
Tile:6 5 6 1
Drop 0 0 0
Tile:8 6 6 1
Drop 0 0 0
Tile:8 7 6 1
Drop 0 0 0
Drop 2 0 1
Drop 0 0 0
Tile:10 6 7 1
Drop 0 0 0
Drop 5 0 1
Drop 0 0 0
Tile:6_flip 6 5 1
Drop 0 0 0
Map 12 7 1
Drop 0 0 0
Tile:8 8 6 1
Drop 0 0 0
Drop 1 0 1
Drop 0 0 0
Tile:9_flip 8 5 1
Drop 0 0 0
Tile:6_flip 7 5 1
Drop 0 0 0
Tile:5 4 5 1
Drop 0 0 0
Drop 3 0 1
Drop 0 0 0
Drop 2 0 1
Drop 0 0 0
Tile:7_flip 4 6 1
Drop 0 0 0
Tile:10 7 7 1
Drop 0 0 0
Tile:9_flip 5 4 1
Drop 1 0 0
Tile:6_flip 8 4 1
Drop 1 0 0
Tile:5_flip 9 6 1
Drop 1 0 0
Tile:1 7 4 1
Drop 1 0 0
Destroy 6 6 1
Drop 1 0 0
Map 12 7 1
Drop 1 0 0
Tile:11_flip 6 8 1
Drop 1 0 0
Tile:7 9 4 1
Drop 1 0 0
Map 12 3 1
Drop 1 0 0
Tile:0 4 4 1
Tile:8 6 6 0
Drop 0 0 1
GAMEOVER DRAW
# Game ended: Tue Apr 07 16:22:19 EDT 2020
