# Server version 0.08 running on nuris-mbp:8123
# Game ID: 30
# Board class: Saboteur.SaboteurBoard
# Timeout: 20000
# First Move Timeout: 30000
# Date: Thu Apr 09 14:15:49 EDT 2020
# Player 1: Player-0, '260713804', running on nuris-mbp
# Player 2: Player-1, 'RandomPlayer', running on nuris-mbp
START Player-0 260713804
START Player-1 RandomPlayer
BoardInit:Tile:0,Tile:14,Tile:6,Malus,Tile:0,Tile:5,Tile:5,Map,Tile:8,Tile:7,Tile:10,Tile:0,Tile:7,Tile:6,Tile:12,Tile:2,Tile:4,Tile:7,Tile:9,Tile:9,Tile:8,Bonus,Tile:8,Tile:6,Tile:15,Bonus,Tile:3,Destroy,Map,Tile:8,Tile:10,Map,Tile:5,Malus,Tile:8,Map,Tile:9,Tile:9,Tile:11,Tile:6,Tile:6-Bonus,Tile:10,Tile:1,Destroy,Map,Map,Destroy-Tile:7,Tile:0,Tile:7,Bonus,Tile:13,Tile:9,Tile:5-Tile:nugget,Tile:hidden1,Tile:hidden2
Map 12 5 1
Tile:0 6 5 0
Tile:10 5 4 1
Drop 3 0 0
Tile:6 5 6 1
Malus 0 0 0
Drop 2 0 1
Drop 5 0 0
Map 12 3 1
Map 12 5 0
Drop 1 0 1
Tile:7 6 6 0
Drop 0 0 1
Tile:0 7 5 0
Destroy 7 5 1
Tile:6_flip 7 5 0
Drop 5 0 1
Drop 6 0 0
Drop 3 0 1
Tile:9 7 6 0
Drop 2 0 1
Tile:5 5 3 0
Drop 0 0 1
Drop 0 0 0
Drop 2 0 1
Tile:6_flip 8 5 0
Drop 0 0 1
Drop 0 0 0
Drop 5 0 1
Drop 0 0 0
Map 12 3 1
Tile:8 9 5 0
Drop 6 0 1
Map 12 3 0
Drop 3 0 1
Malus 0 0 0
Drop 3 0 1
Drop 0 0 0
Drop 6 0 1
Drop 0 0 0
Drop 2 0 1
Tile:6_flip 10 5 0
Drop 0 0 1
Drop 0 0 0
Drop 4 0 1
Drop 0 0 0
Drop 2 0 1
Drop 2 0 0
Drop 0 0 1
Destroy 5 4 0
Drop 0 0 1
Tile:9_flip 11 5 0
Drop 1 0 1
Drop 0 0 0
Drop 0 0 1
GAMEOVER DRAW
# Game ended: Thu Apr 09 14:15:50 EDT 2020
