# Server version 0.08 running on nuris-mbp:8123
# Game ID: 170
# Board class: Saboteur.SaboteurBoard
# Timeout: 20000
# First Move Timeout: 30000
# Date: Mon Apr 06 14:40:09 EDT 2020
# Player 1: Player-0, '260713804', running on nuris-mbp
# Player 2: Player-1, 'RandomPlayer', running on nuris-mbp
START Player-0 260713804
START Player-1 RandomPlayer
BoardInit:Tile:0,Tile:5,Tile:9,Tile:11,Bonus,Tile:5,Map,Tile:6,Tile:8,Tile:7,Tile:7,Malus,Tile:14,Tile:0,Malus,Bonus,Tile:5,Map,Tile:7,Tile:8,Tile:0,Tile:9,Tile:1,Tile:2,Tile:6,Tile:9,Tile:12,Tile:7,Bonus,Tile:6,Destroy,Map,Tile:10,Tile:7,Tile:9,Tile:8,Tile:15,Tile:13,Tile:10,Tile:10,Bonus-Tile:3,Destroy,Tile:8,Tile:0,Tile:9,Tile:8,Map-Tile:6,Tile:5,Destroy,Tile:6,Tile:4,Map,Map-Tile:hidden2,Tile:hidden1,Tile:nugget
Tile:9 5 4 1
Drop 0 0 0
Tile:8 4 5 1
Drop 0 0 0
Map 12 5 1
Drop 1 0 0
Tile:0 6 5 1
Drop 1 0 0
Tile:9 3 5 1
Drop 3 0 0
Tile:8 4 6 1
Drop 3 0 0
Drop 0 0 1
Drop 3 0 0
Tile:14 5 6 1
Drop 3 0 0
Malus 0 0 1
Drop 3 0 0
Tile:0 6 4 1
Drop 4 0 0
Tile:5 5 3 1
GAMEOVER TIMEOUT WINNER 1
# Game ended: Mon Apr 06 14:44:58 EDT 2020
