# Server version 0.08 running on nuris-mbp:8123
# Game ID: 15
# Board class: Saboteur.SaboteurBoard
# Timeout: 20000
# First Move Timeout: 30000
# Date: Wed Apr 08 22:04:10 EDT 2020
# Player 1: Player-0, '260713804', running on nuris-mbp
# Player 2: Player-1, 'RandomPlayer', running on nuris-mbp
START Player-0 260713804
START Player-1 RandomPlayer
BoardInit:Tile:11,Tile:12,Tile:10,Tile:8,Tile:6,Tile:6,Tile:8,Tile:0,Map,Tile:2,Tile:9,Tile:9,Tile:15,Tile:5,Tile:0,Tile:8,Tile:7,Tile:10,Tile:10,Tile:6,Bonus,Tile:9,Tile:5,Bonus,Tile:3,Tile:9,Tile:7,Tile:14,Map,Malus,Tile:1,Tile:0,Tile:13,Tile:6,Tile:8,Map,Tile:8,Malus,Tile:4,Tile:6,Bonus-Map,Tile:7,Map,Tile:7,Destroy,Tile:5,Destroy-Tile:9,Tile:0,Tile:7,Destroy,Bonus,Tile:5,Map-Tile:nugget,Tile:hidden1,Tile:hidden2
Drop 2 0 1
Map 12 5 0
Drop 1 0 1
Tile:0 6 5 0
Tile:5_flip 7 5 1
Tile:7_flip 4 5 0
Tile:6 5 6 1
Tile:6_flip 6 6 0
Tile:10 6 7 1
Tile:5_flip 6 8 0
Destroy 4 5 1
Tile:0 7 6 0
Tile:7 8 6 1
Tile:8 8 7 0
Destroy 7 5 1
Drop 1 0 0
Map 12 3 1
Drop 1 0 0
Tile:11 5 4 1
Drop 1 0 0
Tile:7_flip 4 6 1
Tile:6 7 5 0
Map 12 3 1
Drop 1 0 0
Tile:15 5 3 1
Drop 6 0 0
Tile:5 7 7 1
Tile:5 7 4 0
Tile:9 4 5 1
Tile:8 8 4 0
Tile:7 9 4 1
Tile:9 8 3 0
Tile:3 4 4 1
Tile:0 9 3 0
Tile:10 8 8 1
Tile:6_flip 10 3 0
Drop 6 0 1
Map 12 3 0
Tile:8 3 4 1
Drop 4 0 0
Tile:13 8 9 1
Tile:6_flip 11 3 0
GAMEOVER WINNER 0
# Game ended: Wed Apr 08 22:04:10 EDT 2020
