# Server version 0.08 running on nuris-mbp:8123
# Game ID: 12
# Board class: Saboteur.SaboteurBoard
# Timeout: 20000
# First Move Timeout: 30000
# Date: Wed Apr 08 17:59:57 EDT 2020
# Player 1: Player-0, '260713804', running on nuris-mbp
# Player 2: Player-1, 'RandomPlayer', running on nuris-mbp
START Player-0 260713804
START Player-1 RandomPlayer
BoardInit:Tile:12,Map,Tile:6,Tile:5,Bonus,Tile:6,Tile:9,Destroy,Tile:8,Bonus,Tile:11,Map,Tile:6,Tile:2,Tile:3,Tile:9,Tile:4,Tile:6,Tile:13,Tile:7,Tile:8,Tile:0,Map,Tile:1,Tile:0,Destroy,Tile:9,Tile:9,Tile:5,Tile:6,Destroy,Tile:15,Malus,Map,Tile:10,Tile:8,Tile:10,Map,Bonus,Tile:8,Tile:7-Bonus,Tile:7,Tile:9,Tile:7,Tile:5,Tile:5,Map-Malus,Tile:0,Tile:7,Tile:0,Tile:14,Tile:8,Tile:10-Tile:nugget,Tile:hidden2,Tile:hidden1
Tile:5 4 5 1
Tile:0 6 5 0
Tile:7 5 4 1
Map 12 5 0
Tile:6 4 4 1
Tile:0 7 5 0
Tile:9 3 4 1
Tile:8 8 5 0
Tile:9_flip 4 6 1
Tile:6 9 5 0
Tile:12_flip 3 6 1
Drop 0 0 0
Tile:5_flip 8 6 1
Map 12 3 0
Drop 5 0 1
Drop 1 0 0
Tile:6 4 7 1
Drop 3 0 0
Drop 1 0 1
Tile:6 10 5 0
Tile:8 10 4 1
Tile:5 10 3 0
Tile:3 11 3 1
Drop 2 0 0
Tile:4_flip 3 5 1
Drop 2 0 0
Tile:8 8 4 1
Drop 5 0 0
Tile:13 3 3 1
Drop 5 0 0
Tile:9_flip 11 4 1
Tile:6 11 5 0
Tile:5_flip 13 5 1
Tile:10 12 4 0
GAMEOVER WINNER 0
# Game ended: Wed Apr 08 17:59:57 EDT 2020
