# Server version 0.08 running on nuris-mbp:8123
# Game ID: 205
# Board class: Saboteur.SaboteurBoard
# Timeout: 20000
# First Move Timeout: 30000
# Date: Tue Apr 07 19:28:50 EDT 2020
# Player 1: Player-0, '260713804', running on nuris-mbp
# Player 2: Player-1, 'RandomPlayer', running on nuris-mbp
START Player-0 260713804
START Player-1 RandomPlayer
BoardInit:Tile:9,Map,Tile:10,Tile:0,Tile:6,Tile:7,Bonus,Tile:1,Tile:8,Tile:8,Tile:7,Tile:0,Map,Destroy,Bonus,Bonus,Destroy,Malus,Tile:13,Tile:6,Tile:9,Tile:5,Tile:10,Tile:5,Tile:10,Tile:5,Tile:2,Bonus,Tile:8,Malus,Tile:6,Map,Destroy,Tile:11,Tile:3,Tile:7,Tile:9,Tile:0,Tile:9,Tile:12,Tile:5-Tile:8,Tile:6,Tile:8,Tile:15,Tile:9,Map,Tile:0-Tile:6,Map,Tile:7,Tile:14,Tile:7,Tile:4,Map-Tile:nugget,Tile:hidden2,Tile:hidden1
Map 12 3 1
Tile:7_flip 5 6 0
Tile:9_flip 5 4 1
Tile:7 6 5 0
Tile:0 4 5 1
Drop 4 0 0
Tile:6 6 6 1
Drop 2 0 0
Tile:9 3 5 1
Tile:6 4 4 0
Tile:8 3 4 1
Drop 1 0 0
Drop 2 0 1
Tile:8 3 6 0
Tile:6_flip 2 4 1
Destroy 3 6 0
Map 12 7 1
Tile:7_flip 1 4 0
Tile:15 2 5 1
Map 12 7 0
Tile:8 2 6 1
Map 12 7 0
Tile:13 4 3 1
Drop 5 0 0
Tile:9_flip 5 3 1
Drop 4 0 0
Destroy 1 4 1
Tile:0 1 4 0
Tile:10 2 7 1
Tile:5 0 4 0
Tile:2_flip 1 6 1
Tile:5_flip 3 6 0
Tile:8 3 3 1
Tile:1 2 3 0
Tile:6 0 6 1
Tile:5_flip 2 8 0
Drop 3 0 1
Tile:11_flip 3 2 0
Tile:3 1 5 1
Tile:0 2 2 0
Tile:7_flip 1 8 1
Drop 2 0 0
Drop 0 0 1
Drop 5 0 0
Drop 5 0 1
Drop 3 0 0
Destroy 3 4 1
Tile:0 1 3 0
Tile:9 4 2 1
Map 12 7 0
Tile:9 0 5 1
Drop 0 0 0
Tile:8 3 4 1
Drop 0 0 0
Drop 0 0 1
GAMEOVER DRAW
# Game ended: Tue Apr 07 19:28:51 EDT 2020
