# Server version 0.08 running on nuris-mbp:8123
# Game ID: 204
# Board class: Saboteur.SaboteurBoard
# Timeout: 20000
# First Move Timeout: 30000
# Date: Tue Apr 07 19:02:52 EDT 2020
# Player 1: Player-0, '260713804', running on nuris-mbp
# Player 2: Player-1, 'RandomPlayer', running on nuris-mbp
START Player-0 260713804
START Player-1 RandomPlayer
BoardInit:Bonus,Map,Tile:0,Tile:7,Tile:10,Malus,Tile:6,Tile:0,Tile:15,Tile:7,Tile:6,Bonus,Map,Tile:8,Tile:5,Destroy,Tile:14,Tile:2,Tile:9,Tile:6,Tile:4,Tile:5,Map,Destroy,Tile:0,Tile:7,Tile:7,Tile:9,Bonus,Bonus,Tile:6,Tile:11,Tile:6,Tile:3,Tile:9,Tile:1,Tile:5,Tile:8,Tile:8,Tile:9,Malus-Tile:9,Tile:10,Destroy,Map,Map,Tile:8,Map-Tile:12,Tile:8,Tile:5,Tile:7,Tile:0,Tile:13,Tile:10-Tile:hidden1,Tile:hidden2,Tile:nugget
Drop 3 0 1
Tile:12_flip 4 5 0
Drop 1 0 1
Tile:5_flip 6 5 0
Tile:8 5 4 1
Map 12 5 0
Destroy 5 4 1
Drop 6 0 0
Map 12 3 1
Tile:7 6 4 0
Tile:9 5 4 1
Drop 1 0 0
Tile:6 5 6 1
Drop 4 0 0
Map 12 7 1
Drop 3 0 0
Tile:6_flip 6 6 1
Drop 6 0 0
Tile:5_flip 6 7 1
Tile:8 5 3 0
Tile:14_flip 5 7 1
Tile:2 4 3 0
Drop 5 0 1
Tile:5_flip 4 4 0
Tile:4_flip 5 8 1
Tile:7_flip 3 3 0
Drop 0 0 1
Tile:13 3 2 0
Tile:0 6 3 1
Destroy 6 4 0
Tile:7 6 4 1
Tile:10 3 1 0
Tile:10 3 0 1
Tile:7_flip 2 2 0
Tile:6_flip 5 2 1
Tile:3 2 1 0
Drop 3 0 1
Drop 3 0 0
Tile:6 6 2 1
Tile:11 1 1 0
Map 12 7 1
Drop 4 0 0
Tile:5 3 4 1
Tile:6_flip 7 6 0
Tile:9_flip 7 3 1
Drop 3 0 0
Drop 3 0 1
Drop 2 0 0
Tile:15 7 4 1
Tile:8 7 2 0
Drop 1 0 1
Tile:9_flip 1 2 0
Malus 0 0 1
Drop 0 0 0
Map 12 5 1
GAMEOVER DRAW
# Game ended: Tue Apr 07 19:02:54 EDT 2020
