# Server version 0.08 running on nuris-mbp:8123
# Game ID: 4
# Board class: Saboteur.SaboteurBoard
# Timeout: 20000
# First Move Timeout: 30000
# Date: Wed Apr 08 17:59:06 EDT 2020
# Player 1: Player-0, '260713804', running on nuris-mbp
# Player 2: Player-1, 'RandomPlayer', running on nuris-mbp
START Player-0 260713804
START Player-1 RandomPlayer
BoardInit:Tile:7,Tile:9,Bonus,Map,Tile:11,Tile:6,Bonus,Tile:9,Map,Destroy,Tile:1,Tile:8,Tile:0,Bonus,Tile:8,Tile:4,Tile:13,Tile:12,Tile:5,Tile:5,Tile:0,Tile:7,Tile:10,Tile:6,Malus,Tile:5,Tile:15,Destroy,Tile:3,Tile:2,Tile:5,Map,Tile:8,Bonus,Tile:14,Tile:7,Tile:8,Tile:6,Tile:6,Malus,Tile:10-Map,Tile:7,Tile:9,Tile:6,Tile:0,Tile:9,Tile:0-Tile:7,Tile:10,Map,Tile:9,Map,Destroy,Tile:8-Tile:hidden1,Tile:hidden2,Tile:nugget
Tile:6_flip 5 4 1
Map 12 5 0
Tile:9 4 5 1
Map 12 3 0
Tile:7_flip 4 6 1
Map 12 7 0
Tile:9 4 4 1
Tile:8 6 5 0
Tile:7 6 4 1
Tile:6 7 5 0
Map 12 3 1
Drop 3 0 0
Drop 6 0 1
Tile:8 8 5 0
Tile:11_flip 4 3 1
Drop 5 0 0
Tile:0 9 5 1
Drop 5 0 0
Tile:13 3 3 1
Drop 5 0 0
Tile:0 10 5 1
Drop 5 0 0
Tile:5_flip 3 4 1
Tile:9 3 2 0
Drop 0 0 1
Tile:6 11 5 0
Tile:8 6 6 1
Tile:10 12 6 0
GAMEOVER WINNER 0
# Game ended: Wed Apr 08 17:59:06 EDT 2020
