# Server version 0.08 running on nuris-mbp:8123
# Game ID: 62
# Board class: Saboteur.SaboteurBoard
# Timeout: 20000
# First Move Timeout: 30000
# Date: Wed Apr 08 18:48:12 EDT 2020
# Player 1: Player-0, '260713804', running on nuris-mbp
# Player 2: Player-1, 'RandomPlayer', running on nuris-mbp
START Player-0 260713804
START Player-1 RandomPlayer
BoardInit:Map,Map,Tile:0,Map,Tile:10,Tile:7,Bonus,Tile:8,Tile:8,Tile:8,Tile:6,Map,Destroy,Destroy,Tile:6,Tile:8,Map,Malus,Tile:15,Map,Tile:0,Tile:7,Tile:11,Bonus,Tile:10,Malus,Tile:8,Tile:1,Destroy,Tile:5,Tile:2,Tile:14,Tile:7,Tile:5,Tile:13,Bonus,Tile:6,Tile:5,Tile:10,Tile:4,Tile:9-Tile:3,Tile:6,Tile:9,Tile:9,Tile:12,Tile:9,Tile:7-Tile:5,Tile:0,Tile:7,Tile:9,Bonus,Tile:0,Tile:6-Tile:hidden1,Tile:nugget,Tile:hidden2
Tile:6 5 6 1
Tile:0 6 5 0
Drop 1 0 1
Map 12 5 0
Tile:12 6 6 1
Tile:0 7 5 0
Map 12 3 1
Tile:6 8 5 0
Tile:9_flip 9 5 1
Tile:8 8 4 0
Tile:7_flip 7 4 1
Tile:8 9 4 0
Tile:8 7 3 1
Drop 3 0 0
Destroy 7 3 1
Drop 3 0 0
Tile:6_flip 7 3 1
Tile:8 10 4 0
Tile:6 6 3 1
Drop 4 0 0
Tile:3 8 3 1
Drop 4 0 0
Tile:15 6 2 1
Drop 5 0 0
Tile:10 6 1 1
Drop 6 0 0
Drop 3 0 1
Tile:7_flip 4 6 0
Drop 4 0 1
Drop 6 0 0
Tile:0 5 3 1
Tile:7 5 4 0
Tile:8 4 3 1
Drop 6 0 0
Tile:10 9 6 1
Tile:5 4 2 0
Tile:13 9 7 1
Drop 6 0 0
Tile:6_flip 4 5 1
Drop 4 0 0
Destroy 4 6 1
Drop 6 0 0
Tile:9_flip 9 8 1
Tile:9 4 6 0
Tile:9 10 3 1
Tile:5 10 2 0
Tile:2 8 7 1
Tile:7_flip 8 8 0
Tile:7 6 0 1
Tile:5_flip 11 3 0
Tile:0 3 3 1
Malus 0 0 0
Bonus 0 0 1
Drop 0 0 0
Tile:10 9 3 1
GAMEOVER DRAW
# Game ended: Wed Apr 08 18:48:13 EDT 2020
