# Server version 0.08 running on nuris-mbp:8123
# Game ID: 121
# Board class: Saboteur.SaboteurBoard
# Timeout: 20000
# First Move Timeout: 30000
# Date: Thu Apr 02 18:09:55 EDT 2020
# Player 1: Player-0, '260713804', running on nuris-mbp
# Player 2: Player-1, 'RandomPlayer', running on nuris-mbp
START Player-0 260713804
START Player-1 RandomPlayer
BoardInit:Tile:8,Tile:6,Tile:7,Tile:0,Map,Map,Tile:5,Destroy,Tile:6,Tile:9,Tile:11,Tile:5,Tile:9,Tile:6,Tile:9,Bonus,Map,Destroy,Tile:5,Tile:10,Tile:5,Destroy,Tile:10,Tile:3,Tile:8,Tile:0,Tile:6,Tile:9,Malus,Tile:0,Bonus,Tile:4,Tile:13,Tile:7,Tile:10,Tile:15,Tile:8,Tile:7,Tile:12,Malus,Bonus-Tile:8,Map,Tile:2,Map,Map,Tile:9,Tile:6-Bonus,Tile:0,Tile:14,Tile:7,Tile:8,Tile:7,Tile:1-Tile:hidden1,Tile:hidden2,Tile:nugget
Tile:6 6 5 1
Tile:7_flip 5 6 0
Map 12 3 1
Tile:8 6 4 0
Tile:9 6 3 1
Tile:14 7 4 0
Tile:7 7 5 1
Map 12 3 0
Tile:2 7 3 1
Tile:6_flip 6 6 0
Tile:6 6 7 1
Tile:9_flip 8 3 0
Tile:8 7 7 1
Tile:5_flip 8 7 0
Map 12 5 1
Tile:6_flip 5 7 0
Tile:5 4 5 1
Drop 1 0 0
Tile:9_flip 7 6 1
Destroy 7 5 0
Tile:11 8 4 1
Tile:10 5 8 0
Map 12 5 1
Destroy 6 4 0
Tile:10 6 2 1
Destroy 8 3 0
Tile:9 4 7 1
Drop 0 0 0
Tile:8 5 4 1
Tile:7_flip 4 4 0
Tile:5_flip 4 8 1
Tile:9_flip 7 8 0
Tile:8 6 4 1
Tile:3 8 3 0
Tile:5 4 3 1
Tile:7 5 3 0
Map 12 7 1
Tile:0 3 8 0
Tile:6_flip 7 5 1
Tile:15 4 6 0
Tile:13 8 5 1
Tile:0 9 5 0
Malus 0 0 1
Drop 3 0 0
Tile:10 6 1 1
Drop 0 0 0
Map 12 7 1
Malus 0 0 0
Drop 0 0 1
Drop 1 0 0
Drop 0 0 1
Drop 0 0 0
Bonus 0 0 1
Drop 0 0 0
Tile:12 10 5 1
GAMEOVER DRAW
# Game ended: Thu Apr 02 18:09:55 EDT 2020
