# Server version 0.08 running on nuris-mbp:8123
# Game ID: 68
# Board class: Saboteur.SaboteurBoard
# Timeout: 20000
# First Move Timeout: 30000
# Date: Wed Apr 08 19:05:33 EDT 2020
# Player 1: Player-0, '260713804', running on nuris-mbp
# Player 2: Player-1, 'RandomPlayer', running on nuris-mbp
START Player-0 260713804
START Player-1 RandomPlayer
BoardInit:Tile:10,Map,Map,Bonus,Tile:5,Tile:5,Bonus,Destroy,Map,Tile:0,Tile:8,Tile:8,Tile:15,Tile:0,Tile:7,Tile:13,Tile:3,Map,Tile:9,Destroy,Tile:6,Map,Tile:8,Tile:6,Tile:9,Tile:0,Tile:9,Tile:6,Tile:5,Tile:7,Tile:9,Bonus,Tile:11,Tile:12,Tile:4,Tile:6,Tile:10,Tile:0,Tile:2,Tile:6,Tile:8-Tile:8,Destroy,Bonus,Tile:7,Map,Tile:9,Malus-Tile:7,Tile:1,Malus,Tile:5,Tile:14,Tile:10,Tile:7-Tile:nugget,Tile:hidden1,Tile:hidden2
Drop 2 0 1
Drop 1 0 0
Tile:10 5 4 1
Map 12 5 0
Tile:7_flip 4 5 1
Drop 3 0 0
Map 12 3 1
Drop 5 0 0
Tile:9_flip 4 4 1
Drop 6 0 0
Drop 4 0 1
Tile:0 6 5 0
Drop 0 0 1
Tile:8 7 5 0
Malus 0 0 1
Drop 3 0 0
Tile:7 4 3 1
Drop 6 0 0
Tile:15 7 6 1
Map 12 3 0
Destroy 5 4 1
Drop 6 0 0
Tile:8 3 4 1
Drop 6 0 0
Map 12 7 1
Drop 1 0 0
Tile:9_flip 5 6 1
Drop 4 0 0
Tile:9_flip 3 5 1
Drop 5 0 0
Tile:8 3 3 1
Drop 1 0 0
Tile:9_flip 7 4 1
Drop 6 0 0
Tile:6_flip 4 6 1
Drop 6 0 0
Tile:3 3 2 1
Drop 4 0 0
Tile:11_flip 7 3 1
Drop 0 0 0
Tile:2 8 5 1
Drop 0 0 0
Tile:5 5 4 1
Drop 2 0 0
Tile:8 7 7 1
Drop 1 0 0
Tile:9_flip 9 5 1
Drop 1 0 0
Tile:10 7 2 1
Drop 1 0 0
Drop 1 0 1
Drop 1 0 0
Tile:4_flip 7 8 1
Drop 0 0 0
Drop 0 0 1
GAMEOVER DRAW
# Game ended: Wed Apr 08 19:05:33 EDT 2020
