# Server version 0.08 running on nuris-mbp:8123
# Game ID: 25
# Board class: Saboteur.SaboteurBoard
# Timeout: 20000
# First Move Timeout: 30000
# Date: Thu Apr 09 14:14:19 EDT 2020
# Player 1: Player-0, '260713804', running on nuris-mbp
# Player 2: Player-1, 'RandomPlayer', running on nuris-mbp
START Player-0 260713804
START Player-1 RandomPlayer
BoardInit:Bonus,Tile:15,Tile:8,Tile:7,Destroy,Tile:13,Tile:10,Tile:4,Tile:5,Malus,Map,Tile:5,Map,Destroy,Map,Tile:0,Tile:6,Tile:0,Tile:12,Tile:9,Tile:5,Tile:8,Tile:14,Tile:7,Tile:7,Map,Destroy,Bonus,Tile:7,Tile:9,Bonus,Tile:9,Tile:8,Tile:8,Tile:6,Tile:3,Tile:11,Map,Tile:6,Tile:9,Tile:8-Map,Tile:6,Tile:10,Tile:9,Tile:7,Tile:1,Malus-Tile:0,Tile:6,Tile:0,Bonus,Tile:5,Tile:2,Tile:10-Tile:nugget,Tile:hidden1,Tile:hidden2
Tile:7_flip 4 5 1
Tile:6_flip 6 5 0
Tile:9_flip 4 4 1
Tile:0 7 5 0
Tile:6 6 6 1
Tile:0 8 5 0
Destroy 4 4 1
Drop 2 0 0
Drop 3 0 1
Drop 3 0 0
Tile:8 5 4 1
Malus 0 0 0
Drop 0 0 1
Drop 4 0 0
Bonus 0 0 1
Drop 4 0 0
Tile:5 4 4 1
Tile:0 9 5 0
Tile:6 6 4 1
Tile:0 10 5 0
Map 12 5 1
Tile:9_flip 6 3 0
Map 12 7 1
Tile:8 11 5 0
Tile:5 11 4 1
Destroy 8 5 0
Map 12 7 1
Map 12 3 0
Tile:1 7 6 1
Drop 0 0 0
Tile:14_flip 5 3 1
Tile:9 5 6 0
Tile:7_flip 12 6 1
Tile:7 12 4 0
Destroy 9 5 1
Tile:8 9 5 0
Tile:6_flip 9 4 1
Drop 6 0 0
Tile:8 6 2 1
Drop 6 0 0
Tile:6 9 6 1
Tile:5_flip 10 4 0
Tile:12 7 4 1
Tile:9 10 3 0
Tile:8 13 5 1
Drop 1 0 0
Tile:7 6 1 1
Tile:9 5 1 0
Tile:10 13 4 1
Drop 1 0 0
Tile:10 5 0 1
Tile:10 11 6 0
Tile:11_flip 13 6 1
Drop 0 0 0
Drop 0 0 1
GAMEOVER DRAW
# Game ended: Thu Apr 09 14:14:20 EDT 2020
