# Server version 0.08 running on nuris-mbp:8123
# Game ID: 49
# Board class: Saboteur.SaboteurBoard
# Timeout: 20000
# First Move Timeout: 30000
# Date: Wed Apr 08 22:08:02 EDT 2020
# Player 1: Player-0, '260713804', running on nuris-mbp
# Player 2: Player-1, 'RandomPlayer', running on nuris-mbp
START Player-0 260713804
START Player-1 RandomPlayer
BoardInit:Tile:8,Tile:5,Tile:6,Tile:6,Tile:10,Tile:6,Tile:8,Tile:14,Bonus,Tile:7,Tile:10,Map,Tile:5,Tile:0,Tile:9,Bonus,Destroy,Map,Tile:7,Tile:10,Tile:13,Map,Bonus,Destroy,Tile:8,Tile:2,Tile:5,Tile:4,Tile:15,Malus,Tile:0,Tile:7,Map,Bonus,Tile:11,Tile:5,Map,Tile:1,Tile:8,Tile:7,Destroy-Tile:3,Tile:9,Tile:0,Tile:9,Tile:0,Tile:9,Map-Malus,Tile:6,Tile:8,Tile:9,Tile:12,Tile:6,Tile:7-Tile:nugget,Tile:hidden1,Tile:hidden2
Tile:9_flip 5 6 1
Tile:6_flip 6 5 0
Tile:3_flip 6 6 1
Tile:6_flip 7 5 0
Tile:0 8 5 1
Tile:6_flip 9 5 0
Tile:9 5 7 1
Tile:6_flip 10 5 0
Tile:0 4 6 1
Tile:8 11 5 0
Tile:8 7 6 1
Tile:9_flip 12 4 0
GAMEOVER WINNER 0
# Game ended: Wed Apr 08 22:08:02 EDT 2020
