# Server version 0.08 running on nuris-mbp:8123
# Game ID: 28
# Board class: Saboteur.SaboteurBoard
# Timeout: 20000
# First Move Timeout: 30000
# Date: Wed Apr 08 22:05:35 EDT 2020
# Player 1: Player-0, '260713804', running on nuris-mbp
# Player 2: Player-1, 'RandomPlayer', running on nuris-mbp
START Player-0 260713804
START Player-1 RandomPlayer
BoardInit:Tile:9,Malus,Tile:7,Tile:5,Tile:13,Tile:0,Tile:3,Tile:15,Malus,Tile:8,Tile:9,Tile:0,Map,Tile:8,Tile:11,Map,Tile:6,Map,Tile:5,Tile:4,Tile:0,Tile:2,Tile:5,Tile:9,Bonus,Map,Destroy,Tile:6,Tile:7,Tile:10,Tile:5,Tile:12,Map,Tile:8,Tile:14,Tile:8,Tile:10,Tile:0,Tile:7,Bonus,Tile:1-Tile:9,Tile:6,Tile:10,Tile:7,Bonus,Destroy,Map-Tile:7,Tile:8,Bonus,Tile:6,Tile:9,Tile:6,Destroy-Tile:hidden2,Tile:hidden1,Tile:nugget
Drop 3 0 1
Tile:6_flip 6 5 0
Tile:6 6 6 1
Tile:6_flip 7 5 0
Tile:7_flip 5 6 1
Tile:8 8 5 0
Destroy 7 5 1
Tile:0 9 5 0
Tile:10 8 6 1
Drop 1 0 0
Tile:13 4 5 1
Tile:8 10 5 0
Tile:3 11 5 1
Tile:9 10 4 0
Map 12 5 1
Tile:0 11 4 0
Tile:9 8 7 1
Map 12 5 0
Tile:9_flip 7 6 1
Map 12 3 0
Tile:9_flip 8 8 1
Tile:8 11 6 0
Tile:6 9 7 1
Drop 1 0 0
Tile:5 5 4 1
Drop 3 0 0
Tile:11_flip 4 6 1
Map 12 7 0
Drop 0 0 1
Tile:6 11 7 0
Malus 0 0 1
Drop 3 0 0
Tile:5_flip 4 7 1
Drop 3 0 0
Destroy 7 6 1
Drop 5 0 0
Tile:14 12 4 1
Drop 3 0 0
Tile:0 7 5 1
Drop 1 0 0
Drop 0 0 1
Drop 6 0 0
Tile:7 12 6 1
Drop 5 0 0
Tile:5_flip 6 4 1
Drop 1 0 0
Tile:1 7 8 1
Drop 3 0 0
Tile:7 10 3 1
Drop 0 0 0
Map 12 5 1
Drop 0 0 0
Drop 1 0 1
Drop 0 0 0
Drop 0 0 1
GAMEOVER DRAW
# Game ended: Wed Apr 08 22:05:35 EDT 2020
