# Server version 0.08 running on nuris-mbp:8123
# Game ID: 67
# Board class: Saboteur.SaboteurBoard
# Timeout: 20000
# First Move Timeout: 30000
# Date: Wed Apr 08 19:05:17 EDT 2020
# Player 1: Player-0, '260713804', running on nuris-mbp
# Player 2: Player-1, 'RandomPlayer', running on nuris-mbp
START Player-0 260713804
START Player-1 RandomPlayer
BoardInit:Map,Tile:6,Tile:7,Malus,Tile:9,Tile:6,Tile:9,Tile:9,Bonus,Tile:1,Destroy,Bonus,Tile:0,Tile:8,Tile:9,Tile:12,Map,Map,Tile:15,Tile:11,Tile:8,Tile:10,Tile:6,Bonus,Tile:0,Destroy,Tile:8,Tile:6,Map,Tile:3,Tile:8,Tile:8,Tile:13,Tile:5,Tile:0,Tile:5,Tile:7,Destroy,Tile:9,Tile:5,Tile:6-Bonus,Tile:0,Malus,Tile:10,Tile:5,Tile:2,Tile:4-Map,Tile:7,Tile:7,Tile:10,Map,Tile:7,Tile:14-Tile:hidden1,Tile:hidden2,Tile:nugget
Tile:10 5 6 1
Map 12 5 0
Tile:5_flip 6 5 1
Map 12 3 0
Map 12 5 1
Tile:6_flip 6 4 0
Tile:9 5 7 1
Tile:6 6 7 0
Tile:0 7 4 1
Drop 4 0 0
Tile:2 5 4 1
Drop 6 0 0
Destroy 5 6 1
Drop 6 0 0
Drop 1 0 1
Tile:8 8 4 0
Tile:9_flip 9 4 1
Tile:9 8 5 0
Tile:9_flip 8 6 1
Map 12 7 0
Tile:7 6 6 1
Tile:7_flip 8 7 0
Tile:8 9 5 1
Drop 4 0 0
Tile:4_flip 5 8 1
Drop 4 0 0
Map 12 3 1
Drop 5 0 0
Tile:0 4 5 1
Tile:6 9 7 0
Tile:6_flip 9 3 1
Drop 5 0 0
Tile:8 5 6 1
Tile:8 10 7 0
Tile:8 11 7 1
GAMEOVER WINNER 1
# Game ended: Wed Apr 08 19:05:18 EDT 2020
