# Server version 0.08 running on nuris-mbp:8123
# Game ID: 83
# Board class: Saboteur.SaboteurBoard
# Timeout: 20000
# First Move Timeout: 30000
# Date: Wed Apr 01 15:54:09 EDT 2020
# Player 1: Player-0, '260713804', running on nuris-mbp
# Player 2: Player-1, 'RandomPlayer', running on nuris-mbp
START Player-0 260713804
START Player-1 RandomPlayer
BoardInit:Tile:13,Tile:8,Map,Tile:7,Tile:0,Tile:5,Tile:12,Bonus,Tile:10,Tile:0,Tile:6,Map,Map,Tile:14,Tile:15,Destroy,Tile:3,Tile:4,Tile:0,Bonus,Tile:6,Tile:7,Bonus,Destroy,Tile:2,Tile:9,Tile:9,Destroy,Map,Tile:11,Tile:6,Map,Tile:10,Malus,Tile:10,Tile:5,Tile:9,Tile:7,Tile:8,Tile:8,Tile:7-Malus,Bonus,Tile:8,Tile:5,Tile:9,Tile:7,Tile:9-Tile:5,Tile:8,Tile:6,Tile:1,Map,Tile:6,Tile:0-Tile:nugget,Tile:hidden2,Tile:hidden1
Tile:9 5 4 1
Map 12 3 0
Tile:7_flip 4 5 1
Tile:6 6 5 0
Tile:8 6 4 1
Tile:1 7 4 0
Tile:5 5 3 1
Tile:5_flip 8 4 0
Drop 0 0 1
Drop 2 0 0
Drop 1 0 1
Tile:8 6 3 0
Drop 6 0 1
Map 12 3 0
Tile:12 7 5 1
Tile:6_flip 6 2 0
Tile:0 7 2 1
Drop 4 0 0
Tile:10 8 3 1
Drop 3 0 0
Tile:13 8 2 1
Tile:4_flip 5 6 0
Tile:6_flip 9 2 1
Destroy 4 5 0
Tile:3_flip 5 2 1
Tile:7_flip 9 3 0
Tile:15 5 1 1
Tile:14 10 2 0
Tile:0 10 3 1
Destroy 7 5 0
Tile:9_flip 11 3 1
Tile:11_flip 8 1 0
Tile:2 7 5 1
Map 12 3 0
Tile:10 11 2 1
Destroy 5 2 0
Tile:6 11 4 1
Tile:7_flip 5 2 0
Map 12 3 1
Tile:5 11 1 0
Tile:10 5 0 1
Tile:8 4 5 0
Tile:9 7 6 1
Tile:9_flip 4 4 0
Tile:7 12 1 1
Tile:8 8 0 0
Map 12 7 1
Tile:7_flip 12 2 0
Drop 1 0 1
Tile:5 3 4 0
Tile:8 9 0 1
Drop 0 0 0
Map 12 3 1
Malus 0 0 0
Bonus 0 0 1
GAMEOVER DRAW
# Game ended: Wed Apr 01 15:54:09 EDT 2020
