# Server version 0.08 running on nuris-mbp:8123
# Game ID: 176
# Board class: Saboteur.SaboteurBoard
# Timeout: 20000
# First Move Timeout: 30000
# Date: Mon Apr 06 16:50:13 EDT 2020
# Player 1: Player-0, '260713804', running on nuris-mbp
# Player 2: Player-1, 'RandomPlayer', running on nuris-mbp
START Player-0 260713804
START Player-1 RandomPlayer
BoardInit:Tile:8,Tile:7,Tile:8,Tile:8,Tile:6,Tile:7,Destroy,Tile:6,Tile:13,Tile:2,Bonus,Tile:0,Tile:15,Destroy,Tile:0,Tile:11,Tile:9,Bonus,Tile:10,Tile:5,Tile:14,Tile:5,Map,Tile:9,Tile:6,Map,Tile:5,Tile:0,Tile:10,Map,Map,Tile:6,Malus,Bonus,Tile:7,Tile:9,Malus,Tile:12,Tile:10,Tile:5,Tile:4-Tile:7,Bonus,Tile:0,Map,Map,Tile:6,Tile:8-Tile:7,Destroy,Tile:9,Tile:3,Tile:8,Tile:9,Tile:1-Tile:nugget,Tile:hidden2,Tile:hidden1
Tile:7 6 5 1
Drop 0 0 0
Tile:8 4 5 1
Drop 0 0 0
Map 12 5 1
Drop 0 0 0
Tile:6_flip 5 4 1
Drop 0 0 0
Drop 2 0 1
Tile:8 6 6 0
Drop 1 0 1
Drop 0 0 0
Tile:13 5 6 1
Drop 0 0 0
Destroy 4 5 1
Drop 0 0 0
Drop 0 0 1
Tile:8 7 6 0
Tile:8 4 5 1
Drop 0 0 0
Tile:8 4 4 1
Drop 0 0 0
Tile:9 6 7 1
Drop 0 0 0
Tile:6_flip 3 4 1
Drop 0 0 0
Tile:6 2 4 1
Map 12 5 0
Drop 2 0 1
Drop 0 0 0
Tile:10 5 7 1
Map 12 7 0
Map 12 7 1
Drop 0 0 0
Tile:5_flip 7 7 1
Drop 0 0 0
Drop 3 0 1
Drop 0 0 0
Drop 2 0 1
Drop 0 0 0
Drop 4 0 1
Drop 0 0 0
Map 12 5 1
Drop 0 0 0
Tile:15 2 3 1
Drop 0 0 0
Tile:4_flip 5 8 1
Drop 0 0 0
Drop 0 0 1
Drop 0 0 0
Malus 0 0 1
Drop 0 0 0
Tile:10 7 5 1
Drop 0 0 0
Malus 0 0 1
GAMEOVER DRAW
# Game ended: Mon Apr 06 16:50:13 EDT 2020
