# Server version 0.08 running on nuris-mbp:8123
# Game ID: 158
# Board class: Saboteur.SaboteurBoard
# Timeout: 20000
# First Move Timeout: 30000
# Date: Fri Apr 03 14:06:50 EDT 2020
# Player 1: Player-0, '260713804', running on nuris-mbp
# Player 2: Player-1, 'RandomPlayer', running on nuris-mbp
START Player-0 260713804
START Player-1 RandomPlayer
BoardInit:Tile:9,Tile:0,Tile:7,Bonus,Malus,Tile:8,Map,Tile:6,Tile:5,Tile:13,Tile:10,Tile:8,Tile:3,Map,Tile:6,Tile:0,Tile:7,Tile:6,Tile:7,Tile:2,Tile:7,Tile:9,Map,Destroy,Destroy,Tile:15,Map,Tile:4,Tile:5,Tile:10,Tile:6,Tile:10,Map,Tile:8,Tile:5,Tile:5,Tile:0,Tile:6,Tile:9,Tile:9,Tile:7-Tile:9,Map,Bonus,Bonus,Malus,Tile:0,Tile:1-Tile:8,Tile:8,Tile:11,Bonus,Tile:14,Tile:12,Destroy-Tile:nugget,Tile:hidden1,Tile:hidden2
Tile:0 6 5 1
Tile:8 7 5 0
Tile:9_flip 8 5 1
Tile:8 8 4 0
Tile:9_flip 8 6 1
Drop 0 0 0
Drop 2 0 1
Drop 1 0 0
Tile:7 5 4 1
Drop 1 0 0
Drop 3 0 1
Drop 6 0 0
Tile:5 8 3 1
Tile:6 7 6 0
Drop 5 0 1
Map 12 3 0
Tile:3_flip 4 5 1
Tile:0 6 6 0
Tile:6 5 6 1
Tile:8 9 3 0
Tile:7 10 3 1
Drop 6 0 0
Map 12 7 1
Tile:6_flip 4 6 0
Map 12 7 1
Destroy 4 6 0
Drop 0 0 1
Drop 6 0 0
Tile:7 9 2 1
Drop 6 0 0
Tile:5 7 4 1
Destroy 8 6 0
Drop 1 0 1
Tile:8 10 4 0
Destroy 8 3 1
Tile:9 4 4 0
Tile:5 4 6 1
Tile:10 4 3 0
Drop 2 0 1
GAMEOVER TIMEOUT WINNER 1
# Game ended: Fri Apr 03 14:07:42 EDT 2020
