# Server version 0.08 running on nuris-mbp:8123
# Game ID: 130
# Board class: Saboteur.SaboteurBoard
# Timeout: 20000
# First Move Timeout: 30000
# Date: Thu Apr 02 18:42:25 EDT 2020
# Player 1: Player-0, '260713804', running on nuris-mbp
# Player 2: Player-1, 'RandomPlayer', running on nuris-mbp
START Player-0 260713804
START Player-1 RandomPlayer
BoardInit:Tile:10,Map,Map,Bonus,Tile:8,Map,Tile:9,Tile:3,Tile:10,Tile:9,Tile:2,Tile:15,Malus,Tile:9,Tile:8,Tile:6,Tile:5,Tile:5,Tile:9,Map,Tile:7,Tile:6,Tile:7,Malus,Bonus,Tile:5,Map,Tile:6,Destroy,Tile:5,Tile:11,Tile:12,Bonus,Tile:8,Tile:7,Tile:14,Tile:9,Tile:7,Tile:8,Tile:8,Bonus-Tile:6,Tile:0,Tile:0,Map,Tile:6,Tile:7,Tile:13-Destroy,Tile:4,Tile:10,Tile:1,Tile:0,Tile:0,Destroy-Tile:hidden1,Tile:nugget,Tile:hidden2
Tile:7_flip 4 5 1
Tile:1 6 5 0
Tile:6 7 5 1
Map 12 3 0
Tile:6 5 6 1
Destroy 4 5 0
Tile:8 7 4 1
Map 12 5 0
Tile:0 6 4 1
Tile:10 7 3 0
Tile:9 7 2 1
Tile:3 8 4 0
Drop 2 0 1
