# Server version 0.08 running on nuris-mbp:8123
# Game ID: 9
# Board class: Saboteur.SaboteurBoard
# Timeout: 20000
# First Move Timeout: 30000
# Date: Wed Apr 08 22:03:33 EDT 2020
# Player 1: Player-0, '260713804', running on nuris-mbp
# Player 2: Player-1, 'RandomPlayer', running on nuris-mbp
START Player-0 260713804
START Player-1 RandomPlayer
BoardInit:Tile:3,Tile:0,Tile:9,Destroy,Map,Tile:9,Tile:2,Tile:7,Tile:8,Bonus,Tile:15,Tile:0,Map,Tile:9,Tile:6,Tile:7,Destroy,Tile:6,Map,Tile:4,Tile:5,Tile:10,Tile:11,Tile:6,Tile:14,Tile:9,Tile:12,Malus,Bonus,Tile:7,Tile:13,Tile:8,Tile:10,Tile:9,Tile:0,Tile:0,Tile:5,Tile:1,Malus,Bonus,Tile:6-Tile:5,Map,Tile:10,Tile:5,Tile:8,Bonus,Map-Destroy,Tile:7,Tile:7,Tile:8,Tile:8,Tile:6,Map-Tile:hidden1,Tile:nugget,Tile:hidden2
Tile:10 5 4 1
Map 12 5 0
Tile:5 4 5 1
Tile:6_flip 6 5 0
Tile:9_flip 7 5 1
Tile:8 7 6 0
Drop 4 0 1
Tile:8 8 6 0
Map 12 5 1
Tile:9 8 5 0
Tile:8 4 6 1
Tile:0 9 5 0
Drop 6 0 1
Tile:0 10 5 0
Drop 3 0 1
Drop 0 0 0
Drop 4 0 1
Drop 2 0 0
Tile:6 5 6 1
Tile:6_flip 11 5 0
GAMEOVER WINNER 0
# Game ended: Wed Apr 08 22:03:34 EDT 2020
