# Server version 0.08 running on nuris-mbp:8123
# Game ID: 132
# Board class: Saboteur.SaboteurBoard
# Timeout: 20000
# First Move Timeout: 30000
# Date: Thu Apr 02 19:03:46 EDT 2020
# Player 1: Player-0, '260713804', running on nuris-mbp
# Player 2: Player-1, '260713804', running on nuris-mbp
START Player-0 260713804
START Player-1 260713804
BoardInit:Destroy,Destroy,Tile:9,Tile:5,Destroy,Tile:15,Tile:7,Tile:7,Malus,Bonus,Bonus,Tile:7,Malus,Tile:6,Tile:4,Tile:13,Bonus,Tile:7,Tile:6,Tile:0,Tile:8,Bonus,Tile:5,Tile:0,Map,Tile:14,Tile:0,Tile:8,Tile:9,Map,Tile:10,Tile:6,Map,Tile:9,Tile:8,Map,Tile:12,Tile:9,Tile:3,Tile:8,Tile:1-Tile:2,Tile:8,Tile:0,Tile:10,Tile:6,Tile:11,Tile:5-Tile:5,Tile:6,Tile:10,Map,Map,Tile:7,Tile:9-Tile:nugget,Tile:hidden1,Tile:hidden2
Tile:0 6 5 1
Map 12 3 0
Tile:5 4 5 1
Map 12 3 0
Destroy 4 5 1
Tile:9 4 5 0
Tile:8 5 4 1
Destroy 4 5 0
Tile:2 4 5 1
Drop 1 0 0
Tile:6 4 4 1
Tile:5_flip 5 6 0
Tile:9 4 6 1
Tile:10 5 3 0
Destroy 4 6 1
Tile:5 3 5 0
Malus 0 0 1
Drop 4 0 0
Tile:11 5 2 1
