# Server version 0.08 running on nuris-mbp:8123
# Game ID: 13
# Board class: Saboteur.SaboteurBoard
# Timeout: 20000
# First Move Timeout: 30000
# Date: Thu Apr 09 16:54:51 EDT 2020
# Player 1: Player-0, 'RandomPlayer', running on localhost
# Player 2: Player-1, '260713804', running on localhost
START Player-0 RandomPlayer
START Player-1 260713804
BoardInit:Tile:13,Destroy,Tile:5,Tile:9,Map,Tile:8,Map,Tile:7,Tile:8,Tile:9,Destroy,Tile:3,Tile:10,Destroy,Tile:8,Tile:8,Malus,Map,Tile:6,Tile:6,Tile:0,Tile:15,Bonus,Tile:7,Map,Bonus,Tile:0,Tile:9,Tile:8,Tile:0,Tile:5,Tile:4,Tile:9,Tile:14,Tile:6,Tile:5,Tile:1,Tile:0,Tile:2,Tile:12,Tile:11-Tile:7,Malus,Tile:10,Bonus,Tile:6,Tile:6,Map-Tile:7,Tile:7,Bonus,Tile:5,Tile:9,Tile:10,Map-Tile:hidden2,Tile:hidden1,Tile:nugget
Map 12 5 1
Tile:5_flip 5 6 0
Malus 0 0 1
Drop 1 0 0
Tile:6_flip 6 5 1
Drop 1 0 0
Map 12 3 1
Map 12 5 0
Map 12 7 1
Drop 0 0 0
Tile:6_flip 7 5 1
Drop 1 0 0
Tile:8 8 5 1
Drop 6 0 0
Drop 3 0 1
Destroy 8 5 0
Tile:8 8 5 1
Drop 0 0 0
Malus 0 0 1
Drop 3 0 0
Tile:6_flip 9 5 1
Drop 4 0 0
Tile:0 10 5 1
Map 12 7 0
Drop 0 0 1
Destroy 7 5 0
Drop 0 0 1
Drop 0 0 0
Tile:0 11 5 1
Drop 6 0 0
Tile:8 7 5 1
Drop 1 0 0
Tile:10 12 6 1
GAMEOVER WINNER 1
# Game ended: Thu Apr 09 16:54:52 EDT 2020
